{"/Users/mac/Library/CloudStorage/OneDrive-Personal/Website/IPD06.12/server/middleware/advancedQuery.js": {"path":"/Users/mac/Library/CloudStorage/OneDrive-Personal/Website/IPD06.12/server/middleware/advancedQuery.js","statementMap":{"0":{"start":{"line":16,"column":28},"end":{"line":16,"column":57}},"1":{"start":{"line":17,"column":15},"end":{"line":17,"column":41}},"2":{"start":{"line":23,"column":25},"end":{"line":37,"column":1}},"3":{"start":{"line":43,"column":30},"end":{"line":51,"column":1}},"4":{"start":{"line":63,"column":2},"end":{"line":65,"column":3}},"5":{"start":{"line":64,"column":4},"end":{"line":64,"column":52}},"6":{"start":{"line":68,"column":2},"end":{"line":70,"column":3}},"7":{"start":{"line":69,"column":4},"end":{"line":69,"column":69}},"8":{"start":{"line":73,"column":2},"end":{"line":75,"column":3}},"9":{"start":{"line":74,"column":4},"end":{"line":74,"column":73}},"10":{"start":{"line":77,"column":2},"end":{"line":77,"column":19}},"11":{"start":{"line":93,"column":21},"end":{"line":93,"column":23}},"12":{"start":{"line":94,"column":17},"end":{"line":94,"column":19}},"13":{"start":{"line":95,"column":19},"end":{"line":95,"column":20}},"14":{"start":{"line":97,"column":2},"end":{"line":164,"column":3}},"15":{"start":{"line":98,"column":4},"end":{"line":98,"column":72}},"16":{"start":{"line":98,"column":63},"end":{"line":98,"column":72}},"17":{"start":{"line":101,"column":18},"end":{"line":101,"column":66}},"18":{"start":{"line":102,"column":4},"end":{"line":105,"column":5}},"19":{"start":{"line":103,"column":6},"end":{"line":103,"column":55}},"20":{"start":{"line":104,"column":6},"end":{"line":104,"column":15}},"21":{"start":{"line":107,"column":43},"end":{"line":107,"column":48}},"22":{"start":{"line":108,"column":27},"end":{"line":108,"column":70}},"23":{"start":{"line":109,"column":24},"end":{"line":109,"column":50}},"24":{"start":{"line":111,"column":4},"end":{"line":114,"column":5}},"25":{"start":{"line":112,"column":6},"end":{"line":112,"column":51}},"26":{"start":{"line":113,"column":6},"end":{"line":113,"column":15}},"27":{"start":{"line":117,"column":4},"end":{"line":163,"column":5}},"28":{"start":{"line":121,"column":27},"end":{"line":121,"column":74}},"29":{"start":{"line":122,"column":8},"end":{"line":122,"column":43}},"30":{"start":{"line":122,"column":37},"end":{"line":122,"column":43}},"31":{"start":{"line":124,"column":29},"end":{"line":124,"column":80}},"32":{"start":{"line":124,"column":50},"end":{"line":124,"column":68}},"33":{"start":{"line":125,"column":8},"end":{"line":125,"column":78}},"34":{"start":{"line":126,"column":8},"end":{"line":126,"column":35}},"35":{"start":{"line":127,"column":8},"end":{"line":127,"column":14}},"36":{"start":{"line":132,"column":27},"end":{"line":132,"column":74}},"37":{"start":{"line":133,"column":8},"end":{"line":133,"column":32}},"38":{"start":{"line":133,"column":26},"end":{"line":133,"column":32}},"39":{"start":{"line":135,"column":8},"end":{"line":135,"column":91}},"40":{"start":{"line":136,"column":8},"end":{"line":136,"column":30}},"41":{"start":{"line":137,"column":8},"end":{"line":137,"column":24}},"42":{"start":{"line":138,"column":8},"end":{"line":138,"column":14}},"43":{"start":{"line":144,"column":8},"end":{"line":144,"column":60}},"44":{"start":{"line":145,"column":8},"end":{"line":145,"column":14}},"45":{"start":{"line":151,"column":26},"end":{"line":151,"column":68}},"46":{"start":{"line":152,"column":8},"end":{"line":152,"column":77}},"47":{"start":{"line":153,"column":8},"end":{"line":153,"column":31}},"48":{"start":{"line":154,"column":8},"end":{"line":154,"column":14}},"49":{"start":{"line":159,"column":8},"end":{"line":159,"column":77}},"50":{"start":{"line":160,"column":8},"end":{"line":160,"column":27}},"51":{"start":{"line":161,"column":8},"end":{"line":161,"column":14}},"52":{"start":{"line":166,"column":22},"end":{"line":166,"column":86}},"53":{"start":{"line":168,"column":2},"end":{"line":168,"column":45}},"54":{"start":{"line":186,"column":2},"end":{"line":188,"column":3}},"55":{"start":{"line":187,"column":4},"end":{"line":187,"column":69}},"56":{"start":{"line":194,"column":6},"end":{"line":194,"column":13}},"57":{"start":{"line":197,"column":26},"end":{"line":197,"column":69}},"58":{"start":{"line":197,"column":48},"end":{"line":197,"column":68}},"59":{"start":{"line":200,"column":23},"end":{"line":200,"column":58}},"60":{"start":{"line":203,"column":16},"end":{"line":203,"column":47}},"61":{"start":{"line":204,"column":26},"end":{"line":204,"column":59}},"62":{"start":{"line":205,"column":23},"end":{"line":210,"column":26}},"63":{"start":{"line":207,"column":20},"end":{"line":207,"column":44}},"64":{"start":{"line":209,"column":4},"end":{"line":209,"column":44}},"65":{"start":{"line":213,"column":23},"end":{"line":213,"column":116}},"66":{"start":{"line":216,"column":21},"end":{"line":216,"column":121}},"67":{"start":{"line":218,"column":2},"end":{"line":222,"column":4}},"68":{"start":{"line":238,"column":18},"end":{"line":238,"column":20}},"69":{"start":{"line":240,"column":2},"end":{"line":260,"column":3}},"70":{"start":{"line":241,"column":20},"end":{"line":241,"column":61}},"71":{"start":{"line":242,"column":4},"end":{"line":245,"column":5}},"72":{"start":{"line":243,"column":6},"end":{"line":243,"column":59}},"73":{"start":{"line":244,"column":6},"end":{"line":244,"column":15}},"74":{"start":{"line":247,"column":23},"end":{"line":247,"column":64}},"75":{"start":{"line":249,"column":4},"end":{"line":259,"column":5}},"76":{"start":{"line":251,"column":6},"end":{"line":254,"column":7}},"77":{"start":{"line":252,"column":8},"end":{"line":252,"column":51}},"78":{"start":{"line":253,"column":8},"end":{"line":253,"column":17}},"79":{"start":{"line":256,"column":29},"end":{"line":256,"column":68}},"80":{"start":{"line":257,"column":20},"end":{"line":257,"column":79}},"81":{"start":{"line":258,"column":6},"end":{"line":258,"column":64}},"82":{"start":{"line":262,"column":2},"end":{"line":262,"column":55}},"83":{"start":{"line":282,"column":6},"end":{"line":282,"column":11}},"84":{"start":{"line":285,"column":23},"end":{"line":290,"column":10}},"85":{"start":{"line":287,"column":60},"end":{"line":287,"column":68}},"86":{"start":{"line":293,"column":28},"end":{"line":297,"column":10}},"87":{"start":{"line":294,"column":45},"end":{"line":294,"column":67}},"88":{"start":{"line":295,"column":66},"end":{"line":295,"column":74}},"89":{"start":{"line":296,"column":51},"end":{"line":296,"column":59}},"90":{"start":{"line":299,"column":2},"end":{"line":303,"column":4}},"91":{"start":{"line":320,"column":6},"end":{"line":320,"column":13}},"92":{"start":{"line":322,"column":2},"end":{"line":385,"column":4}},"93":{"start":{"line":323,"column":4},"end":{"line":384,"column":5}},"94":{"start":{"line":324,"column":21},"end":{"line":324,"column":50}},"95":{"start":{"line":327,"column":26},"end":{"line":327,"column":60}},"96":{"start":{"line":328,"column":6},"end":{"line":330,"column":7}},"97":{"start":{"line":329,"column":8},"end":{"line":329,"column":97}},"98":{"start":{"line":332,"column":6},"end":{"line":334,"column":7}},"99":{"start":{"line":333,"column":8},"end":{"line":333,"column":91}},"100":{"start":{"line":337,"column":26},"end":{"line":337,"column":73}},"101":{"start":{"line":339,"column":27},"end":{"line":350,"column":67}},"102":{"start":{"line":343,"column":14},"end":{"line":343,"column":81}},"103":{"start":{"line":352,"column":32},"end":{"line":359,"column":14}},"104":{"start":{"line":355,"column":58},"end":{"line":355,"column":94}},"105":{"start":{"line":362,"column":6},"end":{"line":368,"column":8}},"106":{"start":{"line":370,"column":6},"end":{"line":374,"column":9}},"107":{"start":{"line":376,"column":6},"end":{"line":376,"column":13}},"108":{"start":{"line":378,"column":6},"end":{"line":383,"column":7}},"109":{"start":{"line":379,"column":8},"end":{"line":379,"column":20}},"110":{"start":{"line":381,"column":8},"end":{"line":381,"column":61}},"111":{"start":{"line":382,"column":8},"end":{"line":382,"column":62}},"112":{"start":{"line":388,"column":0},"end":{"line":397,"column":2}}},"fnMap":{"0":{"name":"sanitizeFieldName","decl":{"start":{"line":62,"column":9},"end":{"line":62,"column":26}},"loc":{"start":{"line":62,"column":58},"end":{"line":78,"column":1}},"line":62},"1":{"name":"buildWhereClause","decl":{"start":{"line":92,"column":9},"end":{"line":92,"column":25}},"loc":{"start":{"line":92,"column":55},"end":{"line":169,"column":1}},"line":92},"2":{"name":"(anonymous_2)","decl":{"start":{"line":124,"column":44},"end":{"line":124,"column":45}},"loc":{"start":{"line":124,"column":50},"end":{"line":124,"column":68}},"line":124},"3":{"name":"buildFullTextSearch","decl":{"start":{"line":185,"column":9},"end":{"line":185,"column":28}},"loc":{"start":{"line":185,"column":75},"end":{"line":223,"column":1}},"line":185},"4":{"name":"(anonymous_4)","decl":{"start":{"line":197,"column":43},"end":{"line":197,"column":44}},"loc":{"start":{"line":197,"column":48},"end":{"line":197,"column":68}},"line":197},"5":{"name":"(anonymous_5)","decl":{"start":{"line":205,"column":33},"end":{"line":205,"column":34}},"loc":{"start":{"line":205,"column":41},"end":{"line":210,"column":3}},"line":205},"6":{"name":"buildAggregationClause","decl":{"start":{"line":237,"column":9},"end":{"line":237,"column":31}},"loc":{"start":{"line":237,"column":66},"end":{"line":263,"column":1}},"line":237},"7":{"name":"parseAdvancedQuery","decl":{"start":{"line":272,"column":9},"end":{"line":272,"column":27}},"loc":{"start":{"line":272,"column":35},"end":{"line":304,"column":1}},"line":272},"8":{"name":"(anonymous_8)","decl":{"start":{"line":287,"column":55},"end":{"line":287,"column":56}},"loc":{"start":{"line":287,"column":60},"end":{"line":287,"column":68}},"line":287},"9":{"name":"(anonymous_9)","decl":{"start":{"line":294,"column":40},"end":{"line":294,"column":41}},"loc":{"start":{"line":294,"column":45},"end":{"line":294,"column":67}},"line":294},"10":{"name":"(anonymous_10)","decl":{"start":{"line":295,"column":61},"end":{"line":295,"column":62}},"loc":{"start":{"line":295,"column":66},"end":{"line":295,"column":74}},"line":295},"11":{"name":"(anonymous_11)","decl":{"start":{"line":296,"column":46},"end":{"line":296,"column":47}},"loc":{"start":{"line":296,"column":51},"end":{"line":296,"column":59}},"line":296},"12":{"name":"advancedQueryMiddleware","decl":{"start":{"line":313,"column":9},"end":{"line":313,"column":32}},"loc":{"start":{"line":313,"column":47},"end":{"line":386,"column":1}},"line":313},"13":{"name":"(anonymous_13)","decl":{"start":{"line":322,"column":9},"end":{"line":322,"column":10}},"loc":{"start":{"line":322,"column":29},"end":{"line":385,"column":3}},"line":322},"14":{"name":"(anonymous_14)","decl":{"start":{"line":342,"column":46},"end":{"line":342,"column":47}},"loc":{"start":{"line":343,"column":14},"end":{"line":343,"column":81}},"line":343},"15":{"name":"(anonymous_15)","decl":{"start":{"line":355,"column":53},"end":{"line":355,"column":54}},"loc":{"start":{"line":355,"column":58},"end":{"line":355,"column":94}},"line":355}},"branchMap":{"0":{"loc":{"start":{"line":62,"column":38},"end":{"line":62,"column":56}},"type":"default-arg","locations":[{"start":{"line":62,"column":54},"end":{"line":62,"column":56}}],"line":62},"1":{"loc":{"start":{"line":63,"column":2},"end":{"line":65,"column":3}},"type":"if","locations":[{"start":{"line":63,"column":2},"end":{"line":65,"column":3}},{"start":{},"end":{}}],"line":63},"2":{"loc":{"start":{"line":63,"column":6},"end":{"line":63,"column":49}},"type":"binary-expr","locations":[{"start":{"line":63,"column":6},"end":{"line":63,"column":16}},{"start":{"line":63,"column":20},"end":{"line":63,"column":49}}],"line":63},"3":{"loc":{"start":{"line":68,"column":2},"end":{"line":70,"column":3}},"type":"if","locations":[{"start":{"line":68,"column":2},"end":{"line":70,"column":3}},{"start":{},"end":{}}],"line":68},"4":{"loc":{"start":{"line":68,"column":6},"end":{"line":68,"column":68}},"type":"binary-expr","locations":[{"start":{"line":68,"column":6},"end":{"line":68,"column":30}},{"start":{"line":68,"column":34},"end":{"line":68,"column":68}}],"line":68},"5":{"loc":{"start":{"line":73,"column":2},"end":{"line":75,"column":3}},"type":"if","locations":[{"start":{"line":73,"column":2},"end":{"line":75,"column":3}},{"start":{},"end":{}}],"line":73},"6":{"loc":{"start":{"line":92,"column":35},"end":{"line":92,"column":53}},"type":"default-arg","locations":[{"start":{"line":92,"column":51},"end":{"line":92,"column":53}}],"line":92},"7":{"loc":{"start":{"line":98,"column":4},"end":{"line":98,"column":72}},"type":"if","locations":[{"start":{"line":98,"column":4},"end":{"line":98,"column":72}},{"start":{},"end":{}}],"line":98},"8":{"loc":{"start":{"line":98,"column":8},"end":{"line":98,"column":61}},"type":"binary-expr","locations":[{"start":{"line":98,"column":8},"end":{"line":98,"column":27}},{"start":{"line":98,"column":31},"end":{"line":98,"column":45}},{"start":{"line":98,"column":49},"end":{"line":98,"column":61}}],"line":98},"9":{"loc":{"start":{"line":102,"column":4},"end":{"line":105,"column":5}},"type":"if","locations":[{"start":{"line":102,"column":4},"end":{"line":105,"column":5}},{"start":{},"end":{}}],"line":102},"10":{"loc":{"start":{"line":107,"column":24},"end":{"line":107,"column":39}},"type":"default-arg","locations":[{"start":{"line":107,"column":35},"end":{"line":107,"column":39}}],"line":107},"11":{"loc":{"start":{"line":111,"column":4},"end":{"line":114,"column":5}},"type":"if","locations":[{"start":{"line":111,"column":4},"end":{"line":114,"column":5}},{"start":{},"end":{}}],"line":111},"12":{"loc":{"start":{"line":117,"column":4},"end":{"line":163,"column":5}},"type":"switch","locations":[{"start":{"line":118,"column":6},"end":{"line":118,"column":16}},{"start":{"line":119,"column":6},"end":{"line":128,"column":7}},{"start":{"line":130,"column":6},"end":{"line":139,"column":7}},{"start":{"line":141,"column":6},"end":{"line":141,"column":18}},{"start":{"line":142,"column":6},"end":{"line":146,"column":7}},{"start":{"line":148,"column":6},"end":{"line":148,"column":18}},{"start":{"line":149,"column":6},"end":{"line":155,"column":7}},{"start":{"line":157,"column":6},"end":{"line":162,"column":7}}],"line":117},"13":{"loc":{"start":{"line":121,"column":27},"end":{"line":121,"column":74}},"type":"cond-expr","locations":[{"start":{"line":121,"column":50},"end":{"line":121,"column":55}},{"start":{"line":121,"column":58},"end":{"line":121,"column":74}}],"line":121},"14":{"loc":{"start":{"line":122,"column":8},"end":{"line":122,"column":43}},"type":"if","locations":[{"start":{"line":122,"column":8},"end":{"line":122,"column":43}},{"start":{},"end":{}}],"line":122},"15":{"loc":{"start":{"line":132,"column":27},"end":{"line":132,"column":74}},"type":"cond-expr","locations":[{"start":{"line":132,"column":50},"end":{"line":132,"column":55}},{"start":{"line":132,"column":58},"end":{"line":132,"column":74}}],"line":132},"16":{"loc":{"start":{"line":133,"column":8},"end":{"line":133,"column":32}},"type":"if","locations":[{"start":{"line":133,"column":8},"end":{"line":133,"column":32}},{"start":{},"end":{}}],"line":133},"17":{"loc":{"start":{"line":133,"column":12},"end":{"line":133,"column":24}},"type":"binary-expr","locations":[{"start":{"line":133,"column":12},"end":{"line":133,"column":16}},{"start":{"line":133,"column":20},"end":{"line":133,"column":24}}],"line":133},"18":{"loc":{"start":{"line":151,"column":26},"end":{"line":151,"column":68}},"type":"cond-expr","locations":[{"start":{"line":151,"column":48},"end":{"line":151,"column":53}},{"start":{"line":151,"column":56},"end":{"line":151,"column":68}}],"line":151},"19":{"loc":{"start":{"line":166,"column":22},"end":{"line":166,"column":86}},"type":"cond-expr","locations":[{"start":{"line":166,"column":46},"end":{"line":166,"column":81}},{"start":{"line":166,"column":84},"end":{"line":166,"column":86}}],"line":166},"20":{"loc":{"start":{"line":185,"column":42},"end":{"line":185,"column":59}},"type":"default-arg","locations":[{"start":{"line":185,"column":57},"end":{"line":185,"column":59}}],"line":185},"21":{"loc":{"start":{"line":185,"column":61},"end":{"line":185,"column":73}},"type":"default-arg","locations":[{"start":{"line":185,"column":71},"end":{"line":185,"column":73}}],"line":185},"22":{"loc":{"start":{"line":186,"column":2},"end":{"line":188,"column":3}},"type":"if","locations":[{"start":{"line":186,"column":2},"end":{"line":188,"column":3}},{"start":{},"end":{}}],"line":186},"23":{"loc":{"start":{"line":186,"column":6},"end":{"line":186,"column":47}},"type":"binary-expr","locations":[{"start":{"line":186,"column":6},"end":{"line":186,"column":18}},{"start":{"line":186,"column":22},"end":{"line":186,"column":47}}],"line":186},"24":{"loc":{"start":{"line":191,"column":4},"end":{"line":191,"column":24}},"type":"default-arg","locations":[{"start":{"line":191,"column":15},"end":{"line":191,"column":24}}],"line":191},"25":{"loc":{"start":{"line":192,"column":4},"end":{"line":192,"column":20}},"type":"default-arg","locations":[{"start":{"line":192,"column":15},"end":{"line":192,"column":20}}],"line":192},"26":{"loc":{"start":{"line":193,"column":4},"end":{"line":193,"column":17}},"type":"default-arg","locations":[{"start":{"line":193,"column":12},"end":{"line":193,"column":17}}],"line":193},"27":{"loc":{"start":{"line":204,"column":26},"end":{"line":204,"column":59}},"type":"cond-expr","locations":[{"start":{"line":204,"column":46},"end":{"line":204,"column":51}},{"start":{"line":204,"column":54},"end":{"line":204,"column":59}}],"line":204},"28":{"loc":{"start":{"line":209,"column":11},"end":{"line":209,"column":43}},"type":"cond-expr","locations":[{"start":{"line":209,"column":19},"end":{"line":209,"column":33}},{"start":{"line":209,"column":36},"end":{"line":209,"column":43}}],"line":209},"29":{"loc":{"start":{"line":237,"column":46},"end":{"line":237,"column":64}},"type":"default-arg","locations":[{"start":{"line":237,"column":62},"end":{"line":237,"column":64}}],"line":237},"30":{"loc":{"start":{"line":242,"column":4},"end":{"line":245,"column":5}},"type":"if","locations":[{"start":{"line":242,"column":4},"end":{"line":245,"column":5}},{"start":{},"end":{}}],"line":242},"31":{"loc":{"start":{"line":247,"column":23},"end":{"line":247,"column":64}},"type":"cond-expr","locations":[{"start":{"line":247,"column":47},"end":{"line":247,"column":53}},{"start":{"line":247,"column":56},"end":{"line":247,"column":64}}],"line":247},"32":{"loc":{"start":{"line":251,"column":6},"end":{"line":254,"column":7}},"type":"if","locations":[{"start":{"line":251,"column":6},"end":{"line":254,"column":7}},{"start":{},"end":{}}],"line":251},"33":{"loc":{"start":{"line":251,"column":10},"end":{"line":251,"column":57}},"type":"binary-expr","locations":[{"start":{"line":251,"column":10},"end":{"line":251,"column":23}},{"start":{"line":251,"column":27},"end":{"line":251,"column":57}}],"line":251},"34":{"loc":{"start":{"line":262,"column":9},"end":{"line":262,"column":54}},"type":"cond-expr","locations":[{"start":{"line":262,"column":30},"end":{"line":262,"column":48}},{"start":{"line":262,"column":51},"end":{"line":262,"column":54}}],"line":262},"35":{"loc":{"start":{"line":285,"column":23},"end":{"line":290,"column":10}},"type":"cond-expr","locations":[{"start":{"line":285,"column":32},"end":{"line":290,"column":3}},{"start":{"line":290,"column":6},"end":{"line":290,"column":10}}],"line":285},"36":{"loc":{"start":{"line":287,"column":12},"end":{"line":287,"column":74}},"type":"cond-expr","locations":[{"start":{"line":287,"column":27},"end":{"line":287,"column":69}},{"start":{"line":287,"column":72},"end":{"line":287,"column":74}}],"line":287},"37":{"loc":{"start":{"line":288,"column":14},"end":{"line":288,"column":37}},"type":"binary-expr","locations":[{"start":{"line":288,"column":14},"end":{"line":288,"column":28}},{"start":{"line":288,"column":32},"end":{"line":288,"column":37}}],"line":288},"38":{"loc":{"start":{"line":293,"column":28},"end":{"line":297,"column":10}},"type":"cond-expr","locations":[{"start":{"line":293,"column":40},"end":{"line":297,"column":3}},{"start":{"line":297,"column":6},"end":{"line":297,"column":10}}],"line":293},"39":{"loc":{"start":{"line":295,"column":12},"end":{"line":295,"column":83}},"type":"cond-expr","locations":[{"start":{"line":295,"column":30},"end":{"line":295,"column":75}},{"start":{"line":295,"column":78},"end":{"line":295,"column":83}}],"line":295},"40":{"loc":{"start":{"line":296,"column":13},"end":{"line":296,"column":65}},"type":"cond-expr","locations":[{"start":{"line":296,"column":23},"end":{"line":296,"column":60}},{"start":{"line":296,"column":63},"end":{"line":296,"column":65}}],"line":296},"41":{"loc":{"start":{"line":313,"column":33},"end":{"line":313,"column":45}},"type":"default-arg","locations":[{"start":{"line":313,"column":43},"end":{"line":313,"column":45}}],"line":313},"42":{"loc":{"start":{"line":315,"column":4},"end":{"line":315,"column":22}},"type":"default-arg","locations":[{"start":{"line":315,"column":20},"end":{"line":315,"column":22}}],"line":315},"43":{"loc":{"start":{"line":316,"column":4},"end":{"line":316,"column":28}},"type":"default-arg","locations":[{"start":{"line":316,"column":26},"end":{"line":316,"column":28}}],"line":316},"44":{"loc":{"start":{"line":317,"column":4},"end":{"line":317,"column":31}},"type":"default-arg","locations":[{"start":{"line":317,"column":29},"end":{"line":317,"column":31}}],"line":317},"45":{"loc":{"start":{"line":318,"column":4},"end":{"line":318,"column":23}},"type":"default-arg","locations":[{"start":{"line":318,"column":22},"end":{"line":318,"column":23}}],"line":318},"46":{"loc":{"start":{"line":319,"column":4},"end":{"line":319,"column":19}},"type":"default-arg","locations":[{"start":{"line":319,"column":17},"end":{"line":319,"column":19}}],"line":319},"47":{"loc":{"start":{"line":328,"column":6},"end":{"line":330,"column":7}},"type":"if","locations":[{"start":{"line":328,"column":6},"end":{"line":330,"column":7}},{"start":{},"end":{}}],"line":328},"48":{"loc":{"start":{"line":332,"column":6},"end":{"line":334,"column":7}},"type":"if","locations":[{"start":{"line":332,"column":6},"end":{"line":334,"column":7}},{"start":{},"end":{}}],"line":332},"49":{"loc":{"start":{"line":332,"column":10},"end":{"line":332,"column":84}},"type":"binary-expr","locations":[{"start":{"line":332,"column":10},"end":{"line":332,"column":29}},{"start":{"line":332,"column":33},"end":{"line":332,"column":84}}],"line":332},"50":{"loc":{"start":{"line":339,"column":27},"end":{"line":350,"column":67}},"type":"cond-expr","locations":[{"start":{"line":340,"column":10},"end":{"line":349,"column":11}},{"start":{"line":350,"column":10},"end":{"line":350,"column":67}}],"line":339},"51":{"loc":{"start":{"line":343,"column":14},"end":{"line":343,"column":81}},"type":"binary-expr","locations":[{"start":{"line":343,"column":14},"end":{"line":343,"column":46}},{"start":{"line":343,"column":50},"end":{"line":343,"column":81}}],"line":343},"52":{"loc":{"start":{"line":352,"column":32},"end":{"line":359,"column":14}},"type":"cond-expr","locations":[{"start":{"line":353,"column":10},"end":{"line":358,"column":11}},{"start":{"line":359,"column":10},"end":{"line":359,"column":14}}],"line":352},"53":{"loc":{"start":{"line":357,"column":12},"end":{"line":357,"column":86}},"type":"cond-expr","locations":[{"start":{"line":357,"column":48},"end":{"line":357,"column":70}},{"start":{"line":357,"column":73},"end":{"line":357,"column":86}}],"line":357},"54":{"loc":{"start":{"line":367,"column":17},"end":{"line":367,"column":56}},"type":"binary-expr","locations":[{"start":{"line":367,"column":17},"end":{"line":367,"column":50}},{"start":{"line":367,"column":54},"end":{"line":367,"column":56}}],"line":367},"55":{"loc":{"start":{"line":378,"column":6},"end":{"line":383,"column":7}},"type":"if","locations":[{"start":{"line":378,"column":6},"end":{"line":383,"column":7}},{"start":{"line":380,"column":13},"end":{"line":383,"column":7}}],"line":378}},"s":{"0":1,"1":1,"2":1,"3":1,"4":26,"5":0,"6":26,"7":1,"8":25,"9":3,"10":22,"11":7,"12":7,"13":7,"14":7,"15":11,"16":2,"17":9,"18":9,"19":1,"20":1,"21":8,"22":8,"23":8,"24":8,"25":0,"26":0,"27":8,"28":1,"29":1,"30":0,"31":1,"32":2,"33":1,"34":1,"35":1,"36":1,"37":1,"38":0,"39":1,"40":1,"41":1,"42":1,"43":1,"44":1,"45":1,"46":1,"47":1,"48":1,"49":4,"50":4,"51":4,"52":7,"53":7,"54":5,"55":1,"56":4,"57":4,"58":5,"59":4,"60":4,"61":4,"62":4,"63":7,"64":7,"65":4,"66":4,"67":4,"68":4,"69":4,"70":5,"71":5,"72":0,"73":0,"74":5,"75":5,"76":5,"77":1,"78":1,"79":4,"80":4,"81":4,"82":4,"83":3,"84":3,"85":2,"86":3,"87":2,"88":2,"89":1,"90":3,"91":0,"92":0,"93":0,"94":0,"95":0,"96":0,"97":0,"98":0,"99":0,"100":0,"101":0,"102":0,"103":0,"104":0,"105":0,"106":0,"107":0,"108":0,"109":0,"110":0,"111":0,"112":1},"f":{"0":26,"1":7,"2":2,"3":5,"4":5,"5":7,"6":4,"7":3,"8":2,"9":2,"10":2,"11":1,"12":0,"13":0,"14":0,"15":0},"b":{"0":[12],"1":[0,26],"2":[26,26],"3":[1,25],"4":[26,2],"5":[3,22],"6":[7],"7":[2,9],"8":[11,10,9],"9":[1,8],"10":[2],"11":[0,8],"12":[1,1,1,1,1,1,1,4],"13":[1,0],"14":[0,1],"15":[1,0],"16":[0,1],"17":[1,1],"18":[0,1],"19":[7,0],"20":[0],"21":[3],"22":[1,4],"23":[5,4],"24":[4],"25":[3],"26":[3],"27":[1,3],"28":[2,5],"29":[4],"30":[0,5],"31":[5,0],"32":[1,4],"33":[5,1],"34":[3,1],"35":[2,1],"36":[1,1],"37":[2,1],"38":[1,2],"39":[1,0],"40":[1,0],"41":[0],"42":[0],"43":[0],"44":[0],"45":[0],"46":[0],"47":[0,0],"48":[0,0],"49":[0,0],"50":[0,0],"51":[0,0],"52":[0,0],"53":[0,0],"54":[0,0],"55":[0,0]},"_coverageSchema":"1a1c01bbd47fc00a2c39e90264f33305004495a9","hash":"acff518b719fcc75bc2ec9b1d81146ed82f714ba"}
,"/Users/mac/Library/CloudStorage/OneDrive-Personal/Website/IPD06.12/server/middleware/aebfErrorHandler.js": {"path":"/Users/mac/Library/CloudStorage/OneDrive-Personal/Website/IPD06.12/server/middleware/aebfErrorHandler.js","statementMap":{"0":{"start":{"line":6,"column":15},"end":{"line":6,"column":41}},"1":{"start":{"line":11,"column":19},"end":{"line":20,"column":1}},"2":{"start":{"line":27,"column":4},"end":{"line":27,"column":19}},"3":{"start":{"line":28,"column":4},"end":{"line":28,"column":33}},"4":{"start":{"line":29,"column":4},"end":{"line":29,"column":31}},"5":{"start":{"line":30,"column":4},"end":{"line":30,"column":27}},"6":{"start":{"line":31,"column":4},"end":{"line":31,"column":46}},"7":{"start":{"line":32,"column":4},"end":{"line":32,"column":52}},"8":{"start":{"line":39,"column":22},"end":{"line":67,"column":1}},"9":{"start":{"line":41,"column":4},"end":{"line":41,"column":68}},"10":{"start":{"line":44,"column":4},"end":{"line":44,"column":66}},"11":{"start":{"line":47,"column":4},"end":{"line":51,"column":5}},"12":{"start":{"line":54,"column":4},"end":{"line":54,"column":55}},"13":{"start":{"line":57,"column":4},"end":{"line":57,"column":52}},"14":{"start":{"line":60,"column":4},"end":{"line":60,"column":62}},"15":{"start":{"line":63,"column":4},"end":{"line":63,"column":68}},"16":{"start":{"line":66,"column":4},"end":{"line":66,"column":66}},"17":{"start":{"line":72,"column":21},"end":{"line":76,"column":1}},"18":{"start":{"line":73,"column":2},"end":{"line":75,"column":4}},"19":{"start":{"line":74,"column":4},"end":{"line":74,"column":52}},"20":{"start":{"line":82,"column":28},"end":{"line":106,"column":1}},"21":{"start":{"line":83,"column":15},"end":{"line":83,"column":25}},"22":{"start":{"line":84,"column":18},"end":{"line":84,"column":31}},"23":{"start":{"line":87,"column":19},"end":{"line":98,"column":3}},"24":{"start":{"line":100,"column":26},"end":{"line":100,"column":71}},"25":{"start":{"line":102,"column":2},"end":{"line":105,"column":5}},"26":{"start":{"line":111,"column":24},"end":{"line":125,"column":1}},"27":{"start":{"line":112,"column":2},"end":{"line":114,"column":3}},"28":{"start":{"line":113,"column":4},"end":{"line":113,"column":101}},"29":{"start":{"line":116,"column":2},"end":{"line":118,"column":3}},"30":{"start":{"line":117,"column":4},"end":{"line":117,"column":78}},"31":{"start":{"line":120,"column":2},"end":{"line":122,"column":3}},"32":{"start":{"line":121,"column":4},"end":{"line":121,"column":55}},"33":{"start":{"line":124,"column":2},"end":{"line":124,"column":89}},"34":{"start":{"line":130,"column":28},"end":{"line":147,"column":1}},"35":{"start":{"line":131,"column":19},"end":{"line":136,"column":3}},"36":{"start":{"line":138,"column":2},"end":{"line":140,"column":3}},"37":{"start":{"line":139,"column":4},"end":{"line":139,"column":37}},"38":{"start":{"line":142,"column":2},"end":{"line":144,"column":3}},"39":{"start":{"line":143,"column":4},"end":{"line":143,"column":33}},"40":{"start":{"line":146,"column":2},"end":{"line":146,"column":18}},"41":{"start":{"line":152,"column":25},"end":{"line":187,"column":1}},"42":{"start":{"line":154,"column":2},"end":{"line":161,"column":5}},"43":{"start":{"line":166,"column":2},"end":{"line":180,"column":3}},"44":{"start":{"line":167,"column":4},"end":{"line":167,"column":21}},"45":{"start":{"line":168,"column":9},"end":{"line":180,"column":3}},"46":{"start":{"line":170,"column":4},"end":{"line":170,"column":42}},"47":{"start":{"line":171,"column":9},"end":{"line":180,"column":3}},"48":{"start":{"line":173,"column":4},"end":{"line":173,"column":38}},"49":{"start":{"line":174,"column":9},"end":{"line":180,"column":3}},"50":{"start":{"line":176,"column":4},"end":{"line":176,"column":75}},"51":{"start":{"line":179,"column":4},"end":{"line":179,"column":58}},"52":{"start":{"line":183,"column":24},"end":{"line":183,"column":62}},"53":{"start":{"line":184,"column":19},"end":{"line":184,"column":63}},"54":{"start":{"line":186,"column":2},"end":{"line":186,"column":49}},"55":{"start":{"line":192,"column":28},"end":{"line":196,"column":1}},"56":{"start":{"line":193,"column":16},"end":{"line":193,"column":67}},"57":{"start":{"line":194,"column":19},"end":{"line":194,"column":45}},"58":{"start":{"line":195,"column":2},"end":{"line":195,"column":33}},"59":{"start":{"line":201,"column":24},"end":{"line":216,"column":1}},"60":{"start":{"line":202,"column":19},"end":{"line":205,"column":3}},"61":{"start":{"line":207,"column":2},"end":{"line":209,"column":3}},"62":{"start":{"line":208,"column":4},"end":{"line":208,"column":31}},"63":{"start":{"line":211,"column":2},"end":{"line":213,"column":3}},"64":{"start":{"line":212,"column":4},"end":{"line":212,"column":25}},"65":{"start":{"line":215,"column":2},"end":{"line":215,"column":40}},"66":{"start":{"line":218,"column":0},"end":{"line":229,"column":2}}},"fnMap":{"0":{"name":"(anonymous_0)","decl":{"start":{"line":26,"column":2},"end":{"line":26,"column":3}},"loc":{"start":{"line":26,"column":96},"end":{"line":33,"column":3}},"line":26},"1":{"name":"(anonymous_1)","decl":{"start":{"line":40,"column":19},"end":{"line":40,"column":20}},"loc":{"start":{"line":41,"column":4},"end":{"line":41,"column":68}},"line":41},"2":{"name":"(anonymous_2)","decl":{"start":{"line":43,"column":17},"end":{"line":43,"column":18}},"loc":{"start":{"line":44,"column":4},"end":{"line":44,"column":66}},"line":44},"3":{"name":"(anonymous_3)","decl":{"start":{"line":46,"column":12},"end":{"line":46,"column":13}},"loc":{"start":{"line":47,"column":4},"end":{"line":51,"column":5}},"line":47},"4":{"name":"(anonymous_4)","decl":{"start":{"line":53,"column":16},"end":{"line":53,"column":17}},"loc":{"start":{"line":54,"column":4},"end":{"line":54,"column":55}},"line":54},"5":{"name":"(anonymous_5)","decl":{"start":{"line":56,"column":13},"end":{"line":56,"column":14}},"loc":{"start":{"line":57,"column":4},"end":{"line":57,"column":52}},"line":57},"6":{"name":"(anonymous_6)","decl":{"start":{"line":59,"column":13},"end":{"line":59,"column":14}},"loc":{"start":{"line":60,"column":4},"end":{"line":60,"column":62}},"line":60},"7":{"name":"(anonymous_7)","decl":{"start":{"line":62,"column":19},"end":{"line":62,"column":20}},"loc":{"start":{"line":63,"column":4},"end":{"line":63,"column":68}},"line":63},"8":{"name":"(anonymous_8)","decl":{"start":{"line":65,"column":17},"end":{"line":65,"column":18}},"loc":{"start":{"line":66,"column":4},"end":{"line":66,"column":66}},"line":66},"9":{"name":"(anonymous_9)","decl":{"start":{"line":72,"column":21},"end":{"line":72,"column":22}},"loc":{"start":{"line":72,"column":29},"end":{"line":76,"column":1}},"line":72},"10":{"name":"(anonymous_10)","decl":{"start":{"line":73,"column":9},"end":{"line":73,"column":10}},"loc":{"start":{"line":73,"column":29},"end":{"line":75,"column":3}},"line":73},"11":{"name":"(anonymous_11)","decl":{"start":{"line":82,"column":28},"end":{"line":82,"column":29}},"loc":{"start":{"line":82,"column":39},"end":{"line":106,"column":1}},"line":82},"12":{"name":"(anonymous_12)","decl":{"start":{"line":111,"column":24},"end":{"line":111,"column":25}},"loc":{"start":{"line":111,"column":35},"end":{"line":125,"column":1}},"line":111},"13":{"name":"(anonymous_13)","decl":{"start":{"line":130,"column":28},"end":{"line":130,"column":29}},"loc":{"start":{"line":130,"column":61},"end":{"line":147,"column":1}},"line":130},"14":{"name":"(anonymous_14)","decl":{"start":{"line":152,"column":25},"end":{"line":152,"column":26}},"loc":{"start":{"line":152,"column":52},"end":{"line":187,"column":1}},"line":152},"15":{"name":"(anonymous_15)","decl":{"start":{"line":192,"column":28},"end":{"line":192,"column":29}},"loc":{"start":{"line":192,"column":42},"end":{"line":196,"column":1}},"line":192},"16":{"name":"(anonymous_16)","decl":{"start":{"line":201,"column":24},"end":{"line":201,"column":25}},"loc":{"start":{"line":201,"column":73},"end":{"line":216,"column":1}},"line":201}},"branchMap":{"0":{"loc":{"start":{"line":26,"column":23},"end":{"line":26,"column":39}},"type":"default-arg","locations":[{"start":{"line":26,"column":36},"end":{"line":26,"column":39}}],"line":26},"1":{"loc":{"start":{"line":26,"column":41},"end":{"line":26,"column":78}},"type":"default-arg","locations":[{"start":{"line":26,"column":53},"end":{"line":26,"column":78}}],"line":26},"2":{"loc":{"start":{"line":26,"column":80},"end":{"line":26,"column":94}},"type":"default-arg","locations":[{"start":{"line":26,"column":90},"end":{"line":26,"column":94}}],"line":26},"3":{"loc":{"start":{"line":40,"column":29},"end":{"line":40,"column":43}},"type":"default-arg","locations":[{"start":{"line":40,"column":39},"end":{"line":40,"column":43}}],"line":40},"4":{"loc":{"start":{"line":43,"column":27},"end":{"line":43,"column":41}},"type":"default-arg","locations":[{"start":{"line":43,"column":37},"end":{"line":43,"column":41}}],"line":43},"5":{"loc":{"start":{"line":46,"column":23},"end":{"line":46,"column":40}},"type":"default-arg","locations":[{"start":{"line":46,"column":36},"end":{"line":46,"column":40}}],"line":46},"6":{"loc":{"start":{"line":48,"column":30},"end":{"line":48,"column":65}},"type":"cond-expr","locations":[{"start":{"line":48,"column":43},"end":{"line":48,"column":60}},{"start":{"line":48,"column":63},"end":{"line":48,"column":65}}],"line":48},"7":{"loc":{"start":{"line":53,"column":17},"end":{"line":53,"column":48}},"type":"default-arg","locations":[{"start":{"line":53,"column":27},"end":{"line":53,"column":48}}],"line":53},"8":{"loc":{"start":{"line":56,"column":14},"end":{"line":56,"column":42}},"type":"default-arg","locations":[{"start":{"line":56,"column":24},"end":{"line":56,"column":42}}],"line":56},"9":{"loc":{"start":{"line":59,"column":23},"end":{"line":59,"column":37}},"type":"default-arg","locations":[{"start":{"line":59,"column":33},"end":{"line":59,"column":37}}],"line":59},"10":{"loc":{"start":{"line":62,"column":29},"end":{"line":62,"column":43}},"type":"default-arg","locations":[{"start":{"line":62,"column":39},"end":{"line":62,"column":43}}],"line":62},"11":{"loc":{"start":{"line":65,"column":18},"end":{"line":65,"column":51}},"type":"default-arg","locations":[{"start":{"line":65,"column":28},"end":{"line":65,"column":51}}],"line":65},"12":{"loc":{"start":{"line":65,"column":53},"end":{"line":65,"column":67}},"type":"default-arg","locations":[{"start":{"line":65,"column":63},"end":{"line":65,"column":67}}],"line":65},"13":{"loc":{"start":{"line":100,"column":26},"end":{"line":100,"column":71}},"type":"binary-expr","locations":[{"start":{"line":100,"column":26},"end":{"line":100,"column":40}},{"start":{"line":100,"column":44},"end":{"line":100,"column":71}}],"line":100},"14":{"loc":{"start":{"line":112,"column":2},"end":{"line":114,"column":3}},"type":"if","locations":[{"start":{"line":112,"column":2},"end":{"line":114,"column":3}},{"start":{},"end":{}}],"line":112},"15":{"loc":{"start":{"line":116,"column":2},"end":{"line":118,"column":3}},"type":"if","locations":[{"start":{"line":116,"column":2},"end":{"line":118,"column":3}},{"start":{},"end":{}}],"line":116},"16":{"loc":{"start":{"line":120,"column":2},"end":{"line":122,"column":3}},"type":"if","locations":[{"start":{"line":120,"column":2},"end":{"line":122,"column":3}},{"start":{},"end":{}}],"line":120},"17":{"loc":{"start":{"line":130,"column":36},"end":{"line":130,"column":56}},"type":"default-arg","locations":[{"start":{"line":130,"column":51},"end":{"line":130,"column":56}}],"line":130},"18":{"loc":{"start":{"line":134,"column":15},"end":{"line":134,"column":59}},"type":"binary-expr","locations":[{"start":{"line":134,"column":15},"end":{"line":134,"column":30}},{"start":{"line":134,"column":34},"end":{"line":134,"column":59}}],"line":134},"19":{"loc":{"start":{"line":135,"column":15},"end":{"line":135,"column":58}},"type":"binary-expr","locations":[{"start":{"line":135,"column":15},"end":{"line":135,"column":30}},{"start":{"line":135,"column":34},"end":{"line":135,"column":58}}],"line":135},"20":{"loc":{"start":{"line":138,"column":2},"end":{"line":140,"column":3}},"type":"if","locations":[{"start":{"line":138,"column":2},"end":{"line":140,"column":3}},{"start":{},"end":{}}],"line":138},"21":{"loc":{"start":{"line":142,"column":2},"end":{"line":144,"column":3}},"type":"if","locations":[{"start":{"line":142,"column":2},"end":{"line":144,"column":3}},{"start":{},"end":{}}],"line":142},"22":{"loc":{"start":{"line":142,"column":6},"end":{"line":142,"column":33}},"type":"binary-expr","locations":[{"start":{"line":142,"column":6},"end":{"line":142,"column":18}},{"start":{"line":142,"column":22},"end":{"line":142,"column":33}}],"line":142},"23":{"loc":{"start":{"line":166,"column":2},"end":{"line":180,"column":3}},"type":"if","locations":[{"start":{"line":166,"column":2},"end":{"line":180,"column":3}},{"start":{"line":168,"column":9},"end":{"line":180,"column":3}}],"line":166},"24":{"loc":{"start":{"line":168,"column":9},"end":{"line":180,"column":3}},"type":"if","locations":[{"start":{"line":168,"column":9},"end":{"line":180,"column":3}},{"start":{"line":171,"column":9},"end":{"line":180,"column":3}}],"line":168},"25":{"loc":{"start":{"line":168,"column":13},"end":{"line":168,"column":85}},"type":"binary-expr","locations":[{"start":{"line":168,"column":13},"end":{"line":168,"column":23}},{"start":{"line":168,"column":27},"end":{"line":168,"column":54}},{"start":{"line":168,"column":58},"end":{"line":168,"column":85}}],"line":168},"26":{"loc":{"start":{"line":171,"column":9},"end":{"line":180,"column":3}},"type":"if","locations":[{"start":{"line":171,"column":9},"end":{"line":180,"column":3}},{"start":{"line":174,"column":9},"end":{"line":180,"column":3}}],"line":171},"27":{"loc":{"start":{"line":171,"column":13},"end":{"line":171,"column":98}},"type":"binary-expr","locations":[{"start":{"line":171,"column":13},"end":{"line":171,"column":26}},{"start":{"line":171,"column":31},"end":{"line":171,"column":61}},{"start":{"line":171,"column":65},"end":{"line":171,"column":97}}],"line":171},"28":{"loc":{"start":{"line":174,"column":9},"end":{"line":180,"column":3}},"type":"if","locations":[{"start":{"line":174,"column":9},"end":{"line":180,"column":3}},{"start":{"line":177,"column":9},"end":{"line":180,"column":3}}],"line":174},"29":{"loc":{"start":{"line":201,"column":36},"end":{"line":201,"column":50}},"type":"default-arg","locations":[{"start":{"line":201,"column":46},"end":{"line":201,"column":50}}],"line":201},"30":{"loc":{"start":{"line":201,"column":52},"end":{"line":201,"column":68}},"type":"default-arg","locations":[{"start":{"line":201,"column":65},"end":{"line":201,"column":68}}],"line":201},"31":{"loc":{"start":{"line":207,"column":2},"end":{"line":209,"column":3}},"type":"if","locations":[{"start":{"line":207,"column":2},"end":{"line":209,"column":3}},{"start":{},"end":{}}],"line":207},"32":{"loc":{"start":{"line":211,"column":2},"end":{"line":213,"column":3}},"type":"if","locations":[{"start":{"line":211,"column":2},"end":{"line":213,"column":3}},{"start":{},"end":{}}],"line":211}},"s":{"0":2,"1":2,"2":0,"3":0,"4":0,"5":0,"6":0,"7":0,"8":2,"9":0,"10":0,"11":0,"12":0,"13":0,"14":0,"15":0,"16":0,"17":2,"18":0,"19":0,"20":2,"21":0,"22":0,"23":0,"24":0,"25":0,"26":2,"27":0,"28":0,"29":0,"30":0,"31":0,"32":0,"33":0,"34":2,"35":0,"36":0,"37":0,"38":0,"39":0,"40":0,"41":2,"42":0,"43":0,"44":0,"45":0,"46":0,"47":0,"48":0,"49":0,"50":0,"51":0,"52":0,"53":0,"54":0,"55":2,"56":0,"57":0,"58":0,"59":2,"60":0,"61":0,"62":0,"63":0,"64":0,"65":0,"66":2},"f":{"0":0,"1":0,"2":0,"3":0,"4":0,"5":0,"6":0,"7":0,"8":0,"9":0,"10":0,"11":0,"12":0,"13":0,"14":0,"15":0,"16":0},"b":{"0":[0],"1":[0],"2":[0],"3":[0],"4":[0],"5":[0],"6":[0,0],"7":[0],"8":[0],"9":[0],"10":[0],"11":[0],"12":[0],"13":[0,0],"14":[0,0],"15":[0,0],"16":[0,0],"17":[0],"18":[0,0],"19":[0,0],"20":[0,0],"21":[0,0],"22":[0,0],"23":[0,0],"24":[0,0],"25":[0,0,0],"26":[0,0],"27":[0,0,0],"28":[0,0],"29":[0],"30":[0],"31":[0,0],"32":[0,0]},"_coverageSchema":"1a1c01bbd47fc00a2c39e90264f33305004495a9","hash":"7869605571d8ac40799442de819821fba538d8d7"}
,"/Users/mac/Library/CloudStorage/OneDrive-Personal/Website/IPD06.12/server/middleware/aebfValidation.js": {"path":"/Users/mac/Library/CloudStorage/OneDrive-Personal/Website/IPD06.12/server/middleware/aebfValidation.js","statementMap":{"0":{"start":{"line":6,"column":49},"end":{"line":6,"column":77}},"1":{"start":{"line":11,"column":31},"end":{"line":21,"column":1}},"2":{"start":{"line":12,"column":17},"end":{"line":12,"column":38}},"3":{"start":{"line":13,"column":2},"end":{"line":19,"column":3}},"4":{"start":{"line":14,"column":4},"end":{"line":18,"column":7}},"5":{"start":{"line":20,"column":2},"end":{"line":20,"column":9}},"6":{"start":{"line":26,"column":23},"end":{"line":26,"column":35}},"7":{"start":{"line":27,"column":25},"end":{"line":27,"column":50}},"8":{"start":{"line":28,"column":19},"end":{"line":28,"column":63}},"9":{"start":{"line":29,"column":25},"end":{"line":29,"column":46}},"10":{"start":{"line":34,"column":25},"end":{"line":37,"column":92}},"11":{"start":{"line":42,"column":21},"end":{"line":45,"column":10}},"12":{"start":{"line":47,"column":29},"end":{"line":50,"column":10}},"13":{"start":{"line":55,"column":22},"end":{"line":58,"column":10}},"14":{"start":{"line":63,"column":27},"end":{"line":72,"column":1}},"15":{"start":{"line":77,"column":27},"end":{"line":79,"column":99}},"16":{"start":{"line":84,"column":21},"end":{"line":86,"column":80}},"17":{"start":{"line":91,"column":23},"end":{"line":94,"column":85}},"18":{"start":{"line":99,"column":21},"end":{"line":108,"column":1}},"19":{"start":{"line":113,"column":24},"end":{"line":470,"column":1}},"20":{"start":{"line":246,"column":8},"end":{"line":246,"column":90}},"21":{"start":{"line":246,"column":36},"end":{"line":246,"column":88}},"22":{"start":{"line":472,"column":0},"end":{"line":472,"column":33}}},"fnMap":{"0":{"name":"(anonymous_0)","decl":{"start":{"line":11,"column":31},"end":{"line":11,"column":32}},"loc":{"start":{"line":11,"column":51},"end":{"line":21,"column":1}},"line":11},"1":{"name":"(anonymous_1)","decl":{"start":{"line":245,"column":14},"end":{"line":245,"column":15}},"loc":{"start":{"line":245,"column":25},"end":{"line":247,"column":7}},"line":245},"2":{"name":"(anonymous_2)","decl":{"start":{"line":246,"column":27},"end":{"line":246,"column":28}},"loc":{"start":{"line":246,"column":36},"end":{"line":246,"column":88}},"line":246}},"branchMap":{"0":{"loc":{"start":{"line":13,"column":2},"end":{"line":19,"column":3}},"type":"if","locations":[{"start":{"line":13,"column":2},"end":{"line":19,"column":3}},{"start":{},"end":{}}],"line":13},"1":{"loc":{"start":{"line":246,"column":36},"end":{"line":246,"column":88}},"type":"binary-expr","locations":[{"start":{"line":246,"column":36},"end":{"line":246,"column":59}},{"start":{"line":246,"column":63},"end":{"line":246,"column":73}},{"start":{"line":246,"column":77},"end":{"line":246,"column":88}}],"line":246}},"s":{"0":0,"1":0,"2":0,"3":0,"4":0,"5":0,"6":0,"7":0,"8":0,"9":0,"10":0,"11":0,"12":0,"13":0,"14":0,"15":0,"16":0,"17":0,"18":0,"19":0,"20":0,"21":0,"22":0},"f":{"0":0,"1":0,"2":0},"b":{"0":[0,0],"1":[0,0,0]}}
,"/Users/mac/Library/CloudStorage/OneDrive-Personal/Website/IPD06.12/server/middleware/auth.js": {"path":"/Users/mac/Library/CloudStorage/OneDrive-Personal/Website/IPD06.12/server/middleware/auth.js","statementMap":{"0":{"start":{"line":1,"column":20},"end":{"line":1,"column":54}},"1":{"start":{"line":2,"column":15},"end":{"line":2,"column":41}},"2":{"start":{"line":8,"column":2},"end":{"line":33,"column":3}},"3":{"start":{"line":10,"column":23},"end":{"line":10,"column":48}},"4":{"start":{"line":12,"column":4},"end":{"line":14,"column":5}},"5":{"start":{"line":13,"column":6},"end":{"line":13,"column":66}},"6":{"start":{"line":16,"column":18},"end":{"line":16,"column":41}},"7":{"start":{"line":19,"column":20},"end":{"line":19,"column":56}},"8":{"start":{"line":22,"column":4},"end":{"line":27,"column":6}},"9":{"start":{"line":29,"column":4},"end":{"line":29,"column":11}},"10":{"start":{"line":31,"column":4},"end":{"line":31,"column":49}},"11":{"start":{"line":32,"column":4},"end":{"line":32,"column":71}},"12":{"start":{"line":40,"column":2},"end":{"line":54,"column":4}},"13":{"start":{"line":41,"column":4},"end":{"line":43,"column":5}},"14":{"start":{"line":42,"column":6},"end":{"line":42,"column":72}},"15":{"start":{"line":45,"column":4},"end":{"line":51,"column":5}},"16":{"start":{"line":46,"column":6},"end":{"line":50,"column":9}},"17":{"start":{"line":53,"column":4},"end":{"line":53,"column":11}},"18":{"start":{"line":61,"column":19},"end":{"line":61,"column":81}},"19":{"start":{"line":63,"column":2},"end":{"line":65,"column":3}},"20":{"start":{"line":64,"column":4},"end":{"line":64,"column":69}},"21":{"start":{"line":67,"column":2},"end":{"line":69,"column":3}},"22":{"start":{"line":68,"column":4},"end":{"line":68,"column":70}},"23":{"start":{"line":72,"column":2},"end":{"line":74,"column":3}},"24":{"start":{"line":73,"column":4},"end":{"line":73,"column":18}},"25":{"start":{"line":77,"column":2},"end":{"line":83,"column":3}},"26":{"start":{"line":78,"column":4},"end":{"line":82,"column":7}},"27":{"start":{"line":85,"column":2},"end":{"line":85,"column":9}},"28":{"start":{"line":92,"column":2},"end":{"line":109,"column":3}},"29":{"start":{"line":93,"column":23},"end":{"line":93,"column":48}},"30":{"start":{"line":95,"column":4},"end":{"line":105,"column":5}},"31":{"start":{"line":96,"column":20},"end":{"line":96,"column":43}},"32":{"start":{"line":97,"column":22},"end":{"line":97,"column":58}},"33":{"start":{"line":99,"column":6},"end":{"line":104,"column":8}},"34":{"start":{"line":108,"column":4},"end":{"line":108,"column":56}},"35":{"start":{"line":111,"column":2},"end":{"line":111,"column":9}},"36":{"start":{"line":114,"column":0},"end":{"line":119,"column":2}}},"fnMap":{"0":{"name":"authenticate","decl":{"start":{"line":7,"column":15},"end":{"line":7,"column":27}},"loc":{"start":{"line":7,"column":44},"end":{"line":34,"column":1}},"line":7},"1":{"name":"requireRole","decl":{"start":{"line":39,"column":9},"end":{"line":39,"column":20}},"loc":{"start":{"line":39,"column":38},"end":{"line":55,"column":1}},"line":39},"2":{"name":"(anonymous_2)","decl":{"start":{"line":40,"column":9},"end":{"line":40,"column":10}},"loc":{"start":{"line":40,"column":29},"end":{"line":54,"column":3}},"line":40},"3":{"name":"requireDivisionAccess","decl":{"start":{"line":60,"column":9},"end":{"line":60,"column":30}},"loc":{"start":{"line":60,"column":47},"end":{"line":86,"column":1}},"line":60},"4":{"name":"optionalAuthenticate","decl":{"start":{"line":91,"column":15},"end":{"line":91,"column":35}},"loc":{"start":{"line":91,"column":52},"end":{"line":112,"column":1}},"line":91}},"branchMap":{"0":{"loc":{"start":{"line":12,"column":4},"end":{"line":14,"column":5}},"type":"if","locations":[{"start":{"line":12,"column":4},"end":{"line":14,"column":5}},{"start":{},"end":{}}],"line":12},"1":{"loc":{"start":{"line":12,"column":8},"end":{"line":12,"column":56}},"type":"binary-expr","locations":[{"start":{"line":12,"column":8},"end":{"line":12,"column":19}},{"start":{"line":12,"column":23},"end":{"line":12,"column":56}}],"line":12},"2":{"loc":{"start":{"line":41,"column":4},"end":{"line":43,"column":5}},"type":"if","locations":[{"start":{"line":41,"column":4},"end":{"line":43,"column":5}},{"start":{},"end":{}}],"line":41},"3":{"loc":{"start":{"line":45,"column":4},"end":{"line":51,"column":5}},"type":"if","locations":[{"start":{"line":45,"column":4},"end":{"line":51,"column":5}},{"start":{},"end":{}}],"line":45},"4":{"loc":{"start":{"line":61,"column":19},"end":{"line":61,"column":81}},"type":"binary-expr","locations":[{"start":{"line":61,"column":19},"end":{"line":61,"column":38}},{"start":{"line":61,"column":42},"end":{"line":61,"column":60}},{"start":{"line":61,"column":64},"end":{"line":61,"column":81}}],"line":61},"5":{"loc":{"start":{"line":63,"column":2},"end":{"line":65,"column":3}},"type":"if","locations":[{"start":{"line":63,"column":2},"end":{"line":65,"column":3}},{"start":{},"end":{}}],"line":63},"6":{"loc":{"start":{"line":67,"column":2},"end":{"line":69,"column":3}},"type":"if","locations":[{"start":{"line":67,"column":2},"end":{"line":69,"column":3}},{"start":{},"end":{}}],"line":67},"7":{"loc":{"start":{"line":72,"column":2},"end":{"line":74,"column":3}},"type":"if","locations":[{"start":{"line":72,"column":2},"end":{"line":74,"column":3}},{"start":{},"end":{}}],"line":72},"8":{"loc":{"start":{"line":77,"column":2},"end":{"line":83,"column":3}},"type":"if","locations":[{"start":{"line":77,"column":2},"end":{"line":83,"column":3}},{"start":{},"end":{}}],"line":77},"9":{"loc":{"start":{"line":95,"column":4},"end":{"line":105,"column":5}},"type":"if","locations":[{"start":{"line":95,"column":4},"end":{"line":105,"column":5}},{"start":{},"end":{}}],"line":95},"10":{"loc":{"start":{"line":95,"column":8},"end":{"line":95,"column":54}},"type":"binary-expr","locations":[{"start":{"line":95,"column":8},"end":{"line":95,"column":18}},{"start":{"line":95,"column":22},"end":{"line":95,"column":54}}],"line":95}},"s":{"0":0,"1":0,"2":0,"3":0,"4":0,"5":0,"6":0,"7":0,"8":0,"9":0,"10":0,"11":0,"12":0,"13":0,"14":0,"15":0,"16":0,"17":0,"18":0,"19":0,"20":0,"21":0,"22":0,"23":0,"24":0,"25":0,"26":0,"27":0,"28":0,"29":0,"30":0,"31":0,"32":0,"33":0,"34":0,"35":0,"36":0},"f":{"0":0,"1":0,"2":0,"3":0,"4":0},"b":{"0":[0,0],"1":[0,0],"2":[0,0],"3":[0,0],"4":[0,0,0],"5":[0,0],"6":[0,0],"7":[0,0],"8":[0,0],"9":[0,0],"10":[0,0]}}
,"/Users/mac/Library/CloudStorage/OneDrive-Personal/Website/IPD06.12/server/middleware/cache.js": {"path":"/Users/mac/Library/CloudStorage/OneDrive-Personal/Website/IPD06.12/server/middleware/cache.js","statementMap":{"0":{"start":{"line":7,"column":14},"end":{"line":7,"column":30}},"1":{"start":{"line":8,"column":15},"end":{"line":8,"column":41}},"2":{"start":{"line":11,"column":18},"end":{"line":11,"column":22}},"3":{"start":{"line":12,"column":23},"end":{"line":12,"column":28}},"4":{"start":{"line":18,"column":2},"end":{"line":58,"column":3}},"5":{"start":{"line":19,"column":4},"end":{"line":28,"column":7}},"6":{"start":{"line":30,"column":4},"end":{"line":32,"column":7}},"7":{"start":{"line":31,"column":6},"end":{"line":31,"column":31}},"8":{"start":{"line":34,"column":4},"end":{"line":37,"column":7}},"9":{"start":{"line":35,"column":6},"end":{"line":35,"column":44}},"10":{"start":{"line":36,"column":6},"end":{"line":36,"column":30}},"11":{"start":{"line":40,"column":27},"end":{"line":40,"column":48}},"12":{"start":{"line":41,"column":27},"end":{"line":43,"column":5}},"13":{"start":{"line":42,"column":6},"end":{"line":42,"column":69}},"14":{"start":{"line":42,"column":23},"end":{"line":42,"column":62}},"15":{"start":{"line":45,"column":4},"end":{"line":45,"column":57}},"16":{"start":{"line":46,"column":4},"end":{"line":46,"column":16}},"17":{"start":{"line":48,"column":4},"end":{"line":48,"column":57}},"18":{"start":{"line":49,"column":4},"end":{"line":49,"column":29}},"19":{"start":{"line":50,"column":4},"end":{"line":56,"column":5}},"20":{"start":{"line":51,"column":6},"end":{"line":55,"column":7}},"21":{"start":{"line":52,"column":8},"end":{"line":52,"column":39}},"22":{"start":{"line":57,"column":4},"end":{"line":57,"column":17}},"23":{"start":{"line":67,"column":68},"end":{"line":67,"column":77}},"24":{"start":{"line":68,"column":15},"end":{"line":68,"column":29}},"25":{"start":{"line":71,"column":17},"end":{"line":82,"column":3}},"26":{"start":{"line":85,"column":2},"end":{"line":85,"column":86}},"27":{"start":{"line":85,"column":37},"end":{"line":85,"column":84}},"28":{"start":{"line":87,"column":2},"end":{"line":87,"column":42}},"29":{"start":{"line":98,"column":40},"end":{"line":98,"column":47}},"30":{"start":{"line":100,"column":2},"end":{"line":145,"column":4}},"31":{"start":{"line":102,"column":4},"end":{"line":104,"column":5}},"32":{"start":{"line":103,"column":6},"end":{"line":103,"column":20}},"33":{"start":{"line":107,"column":4},"end":{"line":109,"column":5}},"34":{"start":{"line":108,"column":6},"end":{"line":108,"column":20}},"35":{"start":{"line":111,"column":21},"end":{"line":111,"column":42}},"36":{"start":{"line":113,"column":4},"end":{"line":144,"column":5}},"37":{"start":{"line":115,"column":25},"end":{"line":115,"column":56}},"38":{"start":{"line":117,"column":6},"end":{"line":125,"column":7}},"39":{"start":{"line":118,"column":8},"end":{"line":118,"column":47}},"40":{"start":{"line":119,"column":21},"end":{"line":119,"column":43}},"41":{"start":{"line":120,"column":8},"end":{"line":124,"column":11}},"42":{"start":{"line":127,"column":6},"end":{"line":127,"column":46}},"43":{"start":{"line":130,"column":27},"end":{"line":130,"column":45}},"44":{"start":{"line":131,"column":6},"end":{"line":138,"column":8}},"45":{"start":{"line":133,"column":8},"end":{"line":136,"column":9}},"46":{"start":{"line":134,"column":10},"end":{"line":135,"column":81}},"47":{"start":{"line":135,"column":26},"end":{"line":135,"column":79}},"48":{"start":{"line":137,"column":8},"end":{"line":137,"column":34}},"49":{"start":{"line":140,"column":6},"end":{"line":140,"column":13}},"50":{"start":{"line":142,"column":6},"end":{"line":142,"column":60}},"51":{"start":{"line":143,"column":6},"end":{"line":143,"column":13}},"52":{"start":{"line":153,"column":2},"end":{"line":155,"column":3}},"53":{"start":{"line":154,"column":4},"end":{"line":154,"column":11}},"54":{"start":{"line":157,"column":2},"end":{"line":165,"column":3}},"55":{"start":{"line":158,"column":17},"end":{"line":158,"column":48}},"56":{"start":{"line":159,"column":4},"end":{"line":162,"column":5}},"57":{"start":{"line":160,"column":6},"end":{"line":160,"column":34}},"58":{"start":{"line":161,"column":6},"end":{"line":161,"column":83}},"59":{"start":{"line":164,"column":4},"end":{"line":164,"column":62}},"60":{"start":{"line":172,"column":2},"end":{"line":174,"column":3}},"61":{"start":{"line":173,"column":4},"end":{"line":173,"column":11}},"62":{"start":{"line":176,"column":2},"end":{"line":181,"column":3}},"63":{"start":{"line":177,"column":4},"end":{"line":177,"column":32}},"64":{"start":{"line":178,"column":4},"end":{"line":178,"column":41}},"65":{"start":{"line":180,"column":4},"end":{"line":180,"column":66}},"66":{"start":{"line":188,"column":2},"end":{"line":190,"column":3}},"67":{"start":{"line":189,"column":4},"end":{"line":189,"column":32}},"68":{"start":{"line":192,"column":2},"end":{"line":204,"column":3}},"69":{"start":{"line":193,"column":17},"end":{"line":193,"column":48}},"70":{"start":{"line":194,"column":19},"end":{"line":194,"column":45}},"71":{"start":{"line":196,"column":4},"end":{"line":200,"column":6}},"72":{"start":{"line":202,"column":4},"end":{"line":202,"column":61}},"73":{"start":{"line":203,"column":4},"end":{"line":203,"column":54}},"74":{"start":{"line":208,"column":17},"end":{"line":213,"column":1}},"75":{"start":{"line":215,"column":0},"end":{"line":224,"column":2}},"76":{"start":{"line":222,"column":27},"end":{"line":222,"column":51}},"77":{"start":{"line":223,"column":22},"end":{"line":223,"column":41}}},"fnMap":{"0":{"name":"initRedis","decl":{"start":{"line":17,"column":15},"end":{"line":17,"column":24}},"loc":{"start":{"line":17,"column":27},"end":{"line":59,"column":1}},"line":17},"1":{"name":"(anonymous_1)","decl":{"start":{"line":30,"column":28},"end":{"line":30,"column":29}},"loc":{"start":{"line":30,"column":37},"end":{"line":32,"column":5}},"line":30},"2":{"name":"(anonymous_2)","decl":{"start":{"line":34,"column":30},"end":{"line":34,"column":31}},"loc":{"start":{"line":34,"column":36},"end":{"line":37,"column":5}},"line":34},"3":{"name":"(anonymous_3)","decl":{"start":{"line":41,"column":39},"end":{"line":41,"column":40}},"loc":{"start":{"line":42,"column":6},"end":{"line":42,"column":69}},"line":42},"4":{"name":"(anonymous_4)","decl":{"start":{"line":42,"column":17},"end":{"line":42,"column":18}},"loc":{"start":{"line":42,"column":23},"end":{"line":42,"column":62}},"line":42},"5":{"name":"generateCacheKey","decl":{"start":{"line":66,"column":9},"end":{"line":66,"column":25}},"loc":{"start":{"line":66,"column":31},"end":{"line":88,"column":1}},"line":66},"6":{"name":"(anonymous_6)","decl":{"start":{"line":85,"column":30},"end":{"line":85,"column":31}},"loc":{"start":{"line":85,"column":37},"end":{"line":85,"column":84}},"line":85},"7":{"name":"cacheMiddleware","decl":{"start":{"line":97,"column":9},"end":{"line":97,"column":24}},"loc":{"start":{"line":97,"column":39},"end":{"line":146,"column":1}},"line":97},"8":{"name":"(anonymous_8)","decl":{"start":{"line":100,"column":9},"end":{"line":100,"column":10}},"loc":{"start":{"line":100,"column":35},"end":{"line":145,"column":3}},"line":100},"9":{"name":"(anonymous_9)","decl":{"start":{"line":131,"column":17},"end":{"line":131,"column":18}},"loc":{"start":{"line":131,"column":32},"end":{"line":138,"column":7}},"line":131},"10":{"name":"(anonymous_10)","decl":{"start":{"line":135,"column":19},"end":{"line":135,"column":20}},"loc":{"start":{"line":135,"column":26},"end":{"line":135,"column":79}},"line":135},"11":{"name":"invalidateCache","decl":{"start":{"line":152,"column":15},"end":{"line":152,"column":30}},"loc":{"start":{"line":152,"column":40},"end":{"line":166,"column":1}},"line":152},"12":{"name":"invalidateAllCache","decl":{"start":{"line":171,"column":15},"end":{"line":171,"column":33}},"loc":{"start":{"line":171,"column":36},"end":{"line":182,"column":1}},"line":171},"13":{"name":"getCacheStats","decl":{"start":{"line":187,"column":15},"end":{"line":187,"column":28}},"loc":{"start":{"line":187,"column":31},"end":{"line":205,"column":1}},"line":187},"14":{"name":"(anonymous_14)","decl":{"start":{"line":222,"column":2},"end":{"line":222,"column":3}},"loc":{"start":{"line":222,"column":25},"end":{"line":222,"column":53}},"line":222},"15":{"name":"(anonymous_15)","decl":{"start":{"line":223,"column":2},"end":{"line":223,"column":3}},"loc":{"start":{"line":223,"column":20},"end":{"line":223,"column":43}},"line":223}},"branchMap":{"0":{"loc":{"start":{"line":21,"column":14},"end":{"line":21,"column":51}},"type":"binary-expr","locations":[{"start":{"line":21,"column":14},"end":{"line":21,"column":36}},{"start":{"line":21,"column":40},"end":{"line":21,"column":51}}],"line":21},"1":{"loc":{"start":{"line":22,"column":14},"end":{"line":22,"column":44}},"type":"binary-expr","locations":[{"start":{"line":22,"column":14},"end":{"line":22,"column":36}},{"start":{"line":22,"column":40},"end":{"line":22,"column":44}}],"line":22},"2":{"loc":{"start":{"line":26,"column":16},"end":{"line":26,"column":55}},"type":"binary-expr","locations":[{"start":{"line":26,"column":16},"end":{"line":26,"column":42}},{"start":{"line":26,"column":46},"end":{"line":26,"column":55}}],"line":26},"3":{"loc":{"start":{"line":27,"column":16},"end":{"line":27,"column":41}},"type":"binary-expr","locations":[{"start":{"line":27,"column":16},"end":{"line":27,"column":36}},{"start":{"line":27,"column":40},"end":{"line":27,"column":41}}],"line":27},"4":{"loc":{"start":{"line":50,"column":4},"end":{"line":56,"column":5}},"type":"if","locations":[{"start":{"line":50,"column":4},"end":{"line":56,"column":5}},{"start":{},"end":{}}],"line":50},"5":{"loc":{"start":{"line":68,"column":15},"end":{"line":68,"column":29}},"type":"binary-expr","locations":[{"start":{"line":68,"column":15},"end":{"line":68,"column":23}},{"start":{"line":68,"column":27},"end":{"line":68,"column":29}}],"line":68},"6":{"loc":{"start":{"line":85,"column":37},"end":{"line":85,"column":84}},"type":"binary-expr","locations":[{"start":{"line":85,"column":37},"end":{"line":85,"column":62}},{"start":{"line":85,"column":66},"end":{"line":85,"column":84}}],"line":85},"7":{"loc":{"start":{"line":97,"column":25},"end":{"line":97,"column":37}},"type":"default-arg","locations":[{"start":{"line":97,"column":35},"end":{"line":97,"column":37}}],"line":97},"8":{"loc":{"start":{"line":98,"column":10},"end":{"line":98,"column":19}},"type":"default-arg","locations":[{"start":{"line":98,"column":16},"end":{"line":98,"column":19}}],"line":98},"9":{"loc":{"start":{"line":98,"column":21},"end":{"line":98,"column":35}},"type":"default-arg","locations":[{"start":{"line":98,"column":31},"end":{"line":98,"column":35}}],"line":98},"10":{"loc":{"start":{"line":102,"column":4},"end":{"line":104,"column":5}},"type":"if","locations":[{"start":{"line":102,"column":4},"end":{"line":104,"column":5}},{"start":{},"end":{}}],"line":102},"11":{"loc":{"start":{"line":102,"column":8},"end":{"line":102,"column":53}},"type":"binary-expr","locations":[{"start":{"line":102,"column":8},"end":{"line":102,"column":16}},{"start":{"line":102,"column":20},"end":{"line":102,"column":37}},{"start":{"line":102,"column":41},"end":{"line":102,"column":53}}],"line":102},"12":{"loc":{"start":{"line":107,"column":4},"end":{"line":109,"column":5}},"type":"if","locations":[{"start":{"line":107,"column":4},"end":{"line":109,"column":5}},{"start":{},"end":{}}],"line":107},"13":{"loc":{"start":{"line":117,"column":6},"end":{"line":125,"column":7}},"type":"if","locations":[{"start":{"line":117,"column":6},"end":{"line":125,"column":7}},{"start":{},"end":{}}],"line":117},"14":{"loc":{"start":{"line":123,"column":20},"end":{"line":123,"column":81}},"type":"cond-expr","locations":[{"start":{"line":123,"column":61},"end":{"line":123,"column":69}},{"start":{"line":123,"column":72},"end":{"line":123,"column":81}}],"line":123},"15":{"loc":{"start":{"line":133,"column":8},"end":{"line":136,"column":9}},"type":"if","locations":[{"start":{"line":133,"column":8},"end":{"line":136,"column":9}},{"start":{},"end":{}}],"line":133},"16":{"loc":{"start":{"line":133,"column":12},"end":{"line":133,"column":58}},"type":"binary-expr","locations":[{"start":{"line":133,"column":12},"end":{"line":133,"column":34}},{"start":{"line":133,"column":38},"end":{"line":133,"column":58}}],"line":133},"17":{"loc":{"start":{"line":153,"column":2},"end":{"line":155,"column":3}},"type":"if","locations":[{"start":{"line":153,"column":2},"end":{"line":155,"column":3}},{"start":{},"end":{}}],"line":153},"18":{"loc":{"start":{"line":153,"column":6},"end":{"line":153,"column":39}},"type":"binary-expr","locations":[{"start":{"line":153,"column":6},"end":{"line":153,"column":23}},{"start":{"line":153,"column":27},"end":{"line":153,"column":39}}],"line":153},"19":{"loc":{"start":{"line":159,"column":4},"end":{"line":162,"column":5}},"type":"if","locations":[{"start":{"line":159,"column":4},"end":{"line":162,"column":5}},{"start":{},"end":{}}],"line":159},"20":{"loc":{"start":{"line":172,"column":2},"end":{"line":174,"column":3}},"type":"if","locations":[{"start":{"line":172,"column":2},"end":{"line":174,"column":3}},{"start":{},"end":{}}],"line":172},"21":{"loc":{"start":{"line":172,"column":6},"end":{"line":172,"column":39}},"type":"binary-expr","locations":[{"start":{"line":172,"column":6},"end":{"line":172,"column":23}},{"start":{"line":172,"column":27},"end":{"line":172,"column":39}}],"line":172},"22":{"loc":{"start":{"line":188,"column":2},"end":{"line":190,"column":3}},"type":"if","locations":[{"start":{"line":188,"column":2},"end":{"line":190,"column":3}},{"start":{},"end":{}}],"line":188},"23":{"loc":{"start":{"line":188,"column":6},"end":{"line":188,"column":39}},"type":"binary-expr","locations":[{"start":{"line":188,"column":6},"end":{"line":188,"column":23}},{"start":{"line":188,"column":27},"end":{"line":188,"column":39}}],"line":188}},"s":{"0":2,"1":2,"2":2,"3":2,"4":0,"5":0,"6":0,"7":0,"8":0,"9":0,"10":0,"11":0,"12":0,"13":0,"14":0,"15":0,"16":0,"17":0,"18":0,"19":0,"20":0,"21":0,"22":0,"23":0,"24":0,"25":0,"26":0,"27":0,"28":0,"29":0,"30":0,"31":0,"32":0,"33":0,"34":0,"35":0,"36":0,"37":0,"38":0,"39":0,"40":0,"41":0,"42":0,"43":0,"44":0,"45":0,"46":0,"47":0,"48":0,"49":0,"50":0,"51":0,"52":0,"53":0,"54":0,"55":0,"56":0,"57":0,"58":0,"59":0,"60":0,"61":0,"62":0,"63":0,"64":0,"65":0,"66":6,"67":6,"68":0,"69":0,"70":0,"71":0,"72":0,"73":0,"74":2,"75":2,"76":0,"77":0},"f":{"0":0,"1":0,"2":0,"3":0,"4":0,"5":0,"6":0,"7":0,"8":0,"9":0,"10":0,"11":0,"12":0,"13":6,"14":0,"15":0},"b":{"0":[0,0],"1":[0,0],"2":[0,0],"3":[0,0],"4":[0,0],"5":[0,0],"6":[0,0],"7":[0],"8":[0],"9":[0],"10":[0,0],"11":[0,0,0],"12":[0,0],"13":[0,0],"14":[0,0],"15":[0,0],"16":[0,0],"17":[0,0],"18":[0,0],"19":[0,0],"20":[0,0],"21":[0,0],"22":[6,0],"23":[6,0]},"_coverageSchema":"1a1c01bbd47fc00a2c39e90264f33305004495a9","hash":"171607ad075609c1fe10ad7f92e2bf87d551ab79"}
,"/Users/mac/Library/CloudStorage/OneDrive-Personal/Website/IPD06.12/server/middleware/correlation.js": {"path":"/Users/mac/Library/CloudStorage/OneDrive-Personal/Website/IPD06.12/server/middleware/correlation.js","statementMap":{"0":{"start":{"line":15,"column":15},"end":{"line":15,"column":32}},"1":{"start":{"line":16,"column":30},"end":{"line":16,"column":52}},"2":{"start":{"line":19,"column":27},"end":{"line":19,"column":50}},"3":{"start":{"line":28,"column":20},"end":{"line":28,"column":30}},"4":{"start":{"line":29,"column":17},"end":{"line":29,"column":54}},"5":{"start":{"line":30,"column":2},"end":{"line":30,"column":34}},"6":{"start":{"line":39,"column":2},"end":{"line":39,"column":47}},"7":{"start":{"line":48,"column":18},"end":{"line":48,"column":41}},"8":{"start":{"line":49,"column":2},"end":{"line":49,"column":40}},"9":{"start":{"line":60,"column":2},"end":{"line":60,"column":45}},"10":{"start":{"line":69,"column":21},"end":{"line":71,"column":45}},"11":{"start":{"line":74,"column":24},"end":{"line":74,"column":61}},"12":{"start":{"line":77,"column":18},"end":{"line":85,"column":3}},"13":{"start":{"line":88,"column":2},"end":{"line":88,"column":36}},"14":{"start":{"line":89,"column":2},"end":{"line":89,"column":35}},"15":{"start":{"line":92,"column":2},"end":{"line":92,"column":51}},"16":{"start":{"line":93,"column":2},"end":{"line":93,"column":51}},"17":{"start":{"line":96,"column":2},"end":{"line":105,"column":5}},"18":{"start":{"line":98,"column":4},"end":{"line":102,"column":7}},"19":{"start":{"line":99,"column":23},"end":{"line":99,"column":53}},"20":{"start":{"line":100,"column":6},"end":{"line":100,"column":34}},"21":{"start":{"line":101,"column":6},"end":{"line":101,"column":42}},"22":{"start":{"line":104,"column":4},"end":{"line":104,"column":11}},"23":{"start":{"line":116,"column":18},"end":{"line":116,"column":72}},"24":{"start":{"line":117,"column":27},"end":{"line":117,"column":29}},"25":{"start":{"line":119,"column":2},"end":{"line":130,"column":5}},"26":{"start":{"line":120,"column":4},"end":{"line":129,"column":6}},"27":{"start":{"line":121,"column":22},"end":{"line":121,"column":45}},"28":{"start":{"line":122,"column":27},"end":{"line":126,"column":7}},"29":{"start":{"line":128,"column":6},"end":{"line":128,"column":44}},"30":{"start":{"line":133,"column":2},"end":{"line":133,"column":37}},"31":{"start":{"line":135,"column":2},"end":{"line":135,"column":26}},"32":{"start":{"line":145,"column":2},"end":{"line":171,"column":4}},"33":{"start":{"line":146,"column":4},"end":{"line":168,"column":7}},"34":{"start":{"line":147,"column":22},"end":{"line":147,"column":44}},"35":{"start":{"line":148,"column":6},"end":{"line":148,"column":27}},"36":{"start":{"line":148,"column":20},"end":{"line":148,"column":27}},"37":{"start":{"line":150,"column":22},"end":{"line":158,"column":7}},"38":{"start":{"line":161,"column":6},"end":{"line":167,"column":7}},"39":{"start":{"line":162,"column":8},"end":{"line":162,"column":69}},"40":{"start":{"line":163,"column":13},"end":{"line":167,"column":7}},"41":{"start":{"line":164,"column":8},"end":{"line":164,"column":68}},"42":{"start":{"line":166,"column":8},"end":{"line":166,"column":50}},"43":{"start":{"line":170,"column":4},"end":{"line":170,"column":11}},"44":{"start":{"line":181,"column":18},"end":{"line":181,"column":41}},"45":{"start":{"line":182,"column":2},"end":{"line":186,"column":4}},"46":{"start":{"line":189,"column":0},"end":{"line":198,"column":2}}},"fnMap":{"0":{"name":"generateCorrelationId","decl":{"start":{"line":27,"column":9},"end":{"line":27,"column":30}},"loc":{"start":{"line":27,"column":33},"end":{"line":31,"column":1}},"line":27},"1":{"name":"getCorrelationContext","decl":{"start":{"line":38,"column":9},"end":{"line":38,"column":30}},"loc":{"start":{"line":38,"column":33},"end":{"line":40,"column":1}},"line":38},"2":{"name":"getCorrelationId","decl":{"start":{"line":47,"column":9},"end":{"line":47,"column":25}},"loc":{"start":{"line":47,"column":28},"end":{"line":50,"column":1}},"line":47},"3":{"name":"runWithCorrelation","decl":{"start":{"line":59,"column":9},"end":{"line":59,"column":27}},"loc":{"start":{"line":59,"column":41},"end":{"line":61,"column":1}},"line":59},"4":{"name":"correlationMiddleware","decl":{"start":{"line":67,"column":9},"end":{"line":67,"column":30}},"loc":{"start":{"line":67,"column":47},"end":{"line":106,"column":1}},"line":67},"5":{"name":"(anonymous_5)","decl":{"start":{"line":96,"column":34},"end":{"line":96,"column":35}},"loc":{"start":{"line":96,"column":40},"end":{"line":105,"column":3}},"line":96},"6":{"name":"(anonymous_6)","decl":{"start":{"line":98,"column":21},"end":{"line":98,"column":22}},"loc":{"start":{"line":98,"column":27},"end":{"line":102,"column":5}},"line":98},"7":{"name":"createCorrelatedLogger","decl":{"start":{"line":115,"column":9},"end":{"line":115,"column":31}},"loc":{"start":{"line":115,"column":40},"end":{"line":136,"column":1}},"line":115},"8":{"name":"(anonymous_8)","decl":{"start":{"line":119,"column":18},"end":{"line":119,"column":19}},"loc":{"start":{"line":119,"column":28},"end":{"line":130,"column":3}},"line":119},"9":{"name":"(anonymous_9)","decl":{"start":{"line":120,"column":31},"end":{"line":120,"column":32}},"loc":{"start":{"line":120,"column":55},"end":{"line":129,"column":5}},"line":120},"10":{"name":"requestSummaryMiddleware","decl":{"start":{"line":144,"column":9},"end":{"line":144,"column":33}},"loc":{"start":{"line":144,"column":42},"end":{"line":172,"column":1}},"line":144},"11":{"name":"(anonymous_11)","decl":{"start":{"line":145,"column":9},"end":{"line":145,"column":10}},"loc":{"start":{"line":145,"column":29},"end":{"line":171,"column":3}},"line":145},"12":{"name":"(anonymous_12)","decl":{"start":{"line":146,"column":21},"end":{"line":146,"column":22}},"loc":{"start":{"line":146,"column":27},"end":{"line":168,"column":5}},"line":146},"13":{"name":"getCorrelationHeaders","decl":{"start":{"line":180,"column":9},"end":{"line":180,"column":30}},"loc":{"start":{"line":180,"column":33},"end":{"line":187,"column":1}},"line":180}},"branchMap":{"0":{"loc":{"start":{"line":39,"column":9},"end":{"line":39,"column":46}},"type":"binary-expr","locations":[{"start":{"line":39,"column":9},"end":{"line":39,"column":38}},{"start":{"line":39,"column":42},"end":{"line":39,"column":46}}],"line":39},"1":{"loc":{"start":{"line":49,"column":9},"end":{"line":49,"column":39}},"type":"binary-expr","locations":[{"start":{"line":49,"column":9},"end":{"line":49,"column":31}},{"start":{"line":49,"column":35},"end":{"line":49,"column":39}}],"line":49},"2":{"loc":{"start":{"line":69,"column":21},"end":{"line":71,"column":45}},"type":"binary-expr","locations":[{"start":{"line":69,"column":21},"end":{"line":69,"column":52}},{"start":{"line":70,"column":21},"end":{"line":70,"column":48}},{"start":{"line":71,"column":21},"end":{"line":71,"column":45}}],"line":69},"3":{"loc":{"start":{"line":74,"column":24},"end":{"line":74,"column":61}},"type":"binary-expr","locations":[{"start":{"line":74,"column":24},"end":{"line":74,"column":34}},{"start":{"line":74,"column":38},"end":{"line":74,"column":61}}],"line":74},"4":{"loc":{"start":{"line":120,"column":41},"end":{"line":120,"column":50}},"type":"default-arg","locations":[{"start":{"line":120,"column":48},"end":{"line":120,"column":50}}],"line":120},"5":{"loc":{"start":{"line":124,"column":23},"end":{"line":124,"column":65}},"type":"binary-expr","locations":[{"start":{"line":124,"column":23},"end":{"line":124,"column":45}},{"start":{"line":124,"column":49},"end":{"line":124,"column":65}}],"line":124},"6":{"loc":{"start":{"line":148,"column":6},"end":{"line":148,"column":27}},"type":"if","locations":[{"start":{"line":148,"column":6},"end":{"line":148,"column":27}},{"start":{},"end":{}}],"line":148},"7":{"loc":{"start":{"line":161,"column":6},"end":{"line":167,"column":7}},"type":"if","locations":[{"start":{"line":161,"column":6},"end":{"line":167,"column":7}},{"start":{"line":163,"column":13},"end":{"line":167,"column":7}}],"line":161},"8":{"loc":{"start":{"line":163,"column":13},"end":{"line":167,"column":7}},"type":"if","locations":[{"start":{"line":163,"column":13},"end":{"line":167,"column":7}},{"start":{"line":165,"column":13},"end":{"line":167,"column":7}}],"line":163},"9":{"loc":{"start":{"line":183,"column":24},"end":{"line":183,"column":73}},"type":"binary-expr","locations":[{"start":{"line":183,"column":24},"end":{"line":183,"column":46}},{"start":{"line":183,"column":50},"end":{"line":183,"column":73}}],"line":183},"10":{"loc":{"start":{"line":184,"column":20},"end":{"line":184,"column":65}},"type":"binary-expr","locations":[{"start":{"line":184,"column":20},"end":{"line":184,"column":38}},{"start":{"line":184,"column":42},"end":{"line":184,"column":65}}],"line":184}},"s":{"0":1,"1":1,"2":1,"3":9,"4":9,"5":9,"6":11,"7":6,"8":6,"9":8,"10":0,"11":0,"12":0,"13":0,"14":0,"15":0,"16":0,"17":0,"18":0,"19":0,"20":0,"21":0,"22":0,"23":0,"24":0,"25":0,"26":0,"27":0,"28":0,"29":0,"30":0,"31":0,"32":0,"33":0,"34":0,"35":0,"36":0,"37":0,"38":0,"39":0,"40":0,"41":0,"42":0,"43":0,"44":3,"45":3,"46":1},"f":{"0":9,"1":11,"2":6,"3":8,"4":0,"5":0,"6":0,"7":0,"8":0,"9":0,"10":0,"11":0,"12":0,"13":3},"b":{"0":[11,4],"1":[6,1],"2":[0,0,0],"3":[0,0],"4":[0],"5":[0,0],"6":[0,0],"7":[0,0],"8":[0,0],"9":[3,2],"10":[3,2]},"_coverageSchema":"1a1c01bbd47fc00a2c39e90264f33305004495a9","hash":"41d3c0848452e1dc1fc1343e68c9335043630f02"}
,"/Users/mac/Library/CloudStorage/OneDrive-Personal/Website/IPD06.12/server/middleware/errorHandler.js": {"path":"/Users/mac/Library/CloudStorage/OneDrive-Personal/Website/IPD06.12/server/middleware/errorHandler.js","statementMap":{"0":{"start":{"line":1,"column":15},"end":{"line":1,"column":41}},"1":{"start":{"line":3,"column":21},"end":{"line":24,"column":1}},"2":{"start":{"line":4,"column":2},"end":{"line":9,"column":5}},"3":{"start":{"line":11,"column":21},"end":{"line":11,"column":56}},"4":{"start":{"line":12,"column":24},"end":{"line":17,"column":3}},"5":{"start":{"line":19,"column":2},"end":{"line":21,"column":3}},"6":{"start":{"line":20,"column":4},"end":{"line":20,"column":36}},"7":{"start":{"line":23,"column":2},"end":{"line":23,"column":45}},"8":{"start":{"line":26,"column":24},"end":{"line":33,"column":1}},"9":{"start":{"line":27,"column":2},"end":{"line":27,"column":57}},"10":{"start":{"line":28,"column":2},"end":{"line":32,"column":5}},"11":{"start":{"line":35,"column":0},"end":{"line":35,"column":51}}},"fnMap":{"0":{"name":"(anonymous_0)","decl":{"start":{"line":3,"column":21},"end":{"line":3,"column":22}},"loc":{"start":{"line":3,"column":46},"end":{"line":24,"column":1}},"line":3},"1":{"name":"(anonymous_1)","decl":{"start":{"line":26,"column":24},"end":{"line":26,"column":25}},"loc":{"start":{"line":26,"column":44},"end":{"line":33,"column":1}},"line":26}},"branchMap":{"0":{"loc":{"start":{"line":11,"column":21},"end":{"line":11,"column":56}},"type":"binary-expr","locations":[{"start":{"line":11,"column":21},"end":{"line":11,"column":35}},{"start":{"line":11,"column":39},"end":{"line":11,"column":49}},{"start":{"line":11,"column":53},"end":{"line":11,"column":56}}],"line":11},"1":{"loc":{"start":{"line":14,"column":11},"end":{"line":16,"column":19}},"type":"cond-expr","locations":[{"start":{"line":15,"column":8},"end":{"line":15,"column":52}},{"start":{"line":16,"column":8},"end":{"line":16,"column":19}}],"line":14},"2":{"loc":{"start":{"line":19,"column":2},"end":{"line":21,"column":3}},"type":"if","locations":[{"start":{"line":19,"column":2},"end":{"line":21,"column":3}},{"start":{},"end":{}}],"line":19}},"s":{"0":0,"1":0,"2":0,"3":0,"4":0,"5":0,"6":0,"7":0,"8":0,"9":0,"10":0,"11":0},"f":{"0":0,"1":0},"b":{"0":[0,0,0],"1":[0,0],"2":[0,0]}}
[...]
line":144,"column":6},"end":{"line":153,"column":7}},{"start":{},"end":{}}],"line":144},"5":{"loc":{"start":{"line":144,"column":10},"end":{"line":144,"column":97}},"type":"binary-expr","locations":[{"start":{"line":144,"column":10},"end":{"line":144,"column":53}},{"start":{"line":144,"column":57},"end":{"line":144,"column":97}}],"line":144},"6":{"loc":{"start":{"line":149,"column":10},"end":{"line":151,"column":11}},"type":"if","locations":[{"start":{"line":149,"column":10},"end":{"line":151,"column":11}},{"start":{},"end":{}}],"line":149},"7":{"loc":{"start":{"line":149,"column":14},"end":{"line":149,"column":37}},"type":"binary-expr","locations":[{"start":{"line":149,"column":14},"end":{"line":149,"column":25}},{"start":{"line":149,"column":29},"end":{"line":149,"column":37}}],"line":149},"8":{"loc":{"start":{"line":169,"column":27},"end":{"line":169,"column":86}},"type":"binary-expr","locations":[{"start":{"line":169,"column":27},"end":{"line":169,"column":48}},{"start":{"line":169,"column":52},"end":{"line":169,"column":86}}],"line":169},"9":{"loc":{"start":{"line":183,"column":6},"end":{"line":185,"column":7}},"type":"if","locations":[{"start":{"line":183,"column":6},"end":{"line":185,"column":7}},{"start":{},"end":{}}],"line":183},"10":{"loc":{"start":{"line":189,"column":6},"end":{"line":192,"column":7}},"type":"if","locations":[{"start":{"line":189,"column":6},"end":{"line":192,"column":7}},{"start":{},"end":{}}],"line":189},"11":{"loc":{"start":{"line":222,"column":43},"end":{"line":222,"column":55}},"type":"default-arg","locations":[{"start":{"line":222,"column":53},"end":{"line":222,"column":55}}],"line":222},"12":{"loc":{"start":{"line":225,"column":12},"end":{"line":225,"column":33}},"type":"default-arg","locations":[{"start":{"line":225,"column":31},"end":{"line":225,"column":33}}],"line":225},"13":{"loc":{"start":{"line":231,"column":6},"end":{"line":231,"column":48}},"type":"if","locations":[{"start":{"line":231,"column":6},"end":{"line":231,"column":48}},{"start":{},"end":{}}],"line":231},"14":{"loc":{"start":{"line":232,"column":6},"end":{"line":232,"column":74}},"type":"if","locations":[{"start":{"line":232,"column":6},"end":{"line":232,"column":74}},{"start":{},"end":{}}],"line":232},"15":{"loc":{"start":{"line":238,"column":6},"end":{"line":241,"column":7}},"type":"if","locations":[{"start":{"line":238,"column":6},"end":{"line":241,"column":7}},{"start":{},"end":{}}],"line":238},"16":{"loc":{"start":{"line":238,"column":10},"end":{"line":238,"column":42}},"type":"binary-expr","locations":[{"start":{"line":238,"column":10},"end":{"line":238,"column":25}},{"start":{"line":238,"column":29},"end":{"line":238,"column":42}}],"line":238},"17":{"loc":{"start":{"line":245,"column":8},"end":{"line":245,"column":50}},"type":"if","locations":[{"start":{"line":245,"column":8},"end":{"line":245,"column":50}},{"start":{},"end":{}}],"line":245},"18":{"loc":{"start":{"line":246,"column":8},"end":{"line":246,"column":76}},"type":"if","locations":[{"start":{"line":246,"column":8},"end":{"line":246,"column":76}},{"start":{},"end":{}}],"line":246},"19":{"loc":{"start":{"line":247,"column":8},"end":{"line":247,"column":48}},"type":"if","locations":[{"start":{"line":247,"column":8},"end":{"line":247,"column":48}},{"start":{},"end":{}}],"line":247},"20":{"loc":{"start":{"line":253,"column":8},"end":{"line":256,"column":9}},"type":"if","locations":[{"start":{"line":253,"column":8},"end":{"line":256,"column":9}},{"start":{},"end":{}}],"line":253},"21":{"loc":{"start":{"line":260,"column":6},"end":{"line":271,"column":7}},"type":"if","locations":[{"start":{"line":260,"column":6},"end":{"line":271,"column":7}},{"start":{},"end":{}}],"line":260},"22":{"loc":{"start":{"line":285,"column":4},"end":{"line":291,"column":5}},"type":"if","locations":[{"start":{"line":285,"column":4},"end":{"line":291,"column":5}},{"start":{},"end":{}}],"line":285},"23":{"loc":{"start":{"line":287,"column":6},"end":{"line":290,"column":7}},"type":"if","locations":[{"start":{"line":287,"column":6},"end":{"line":290,"column":7}},{"start":{},"end":{}}],"line":287},"24":{"loc":{"start":{"line":296,"column":4},"end":{"line":298,"column":5}},"type":"if","locations":[{"start":{"line":296,"column":4},"end":{"line":298,"column":5}},{"start":{},"end":{}}],"line":296},"25":{"loc":{"start":{"line":311,"column":4},"end":{"line":319,"column":5}},"type":"if","locations":[{"start":{"line":311,"column":4},"end":{"line":319,"column":5}},{"start":{},"end":{}}],"line":311},"26":{"loc":{"start":{"line":358,"column":4},"end":{"line":360,"column":5}},"type":"if","locations":[{"start":{"line":358,"column":4},"end":{"line":360,"column":5}},{"start":{},"end":{}}],"line":358},"27":{"loc":{"start":{"line":363,"column":4},"end":{"line":365,"column":5}},"type":"if","locations":[{"start":{"line":363,"column":4},"end":{"line":365,"column":5}},{"start":{},"end":{}}],"line":363},"28":{"loc":{"start":{"line":403,"column":4},"end":{"line":403,"column":36}},"type":"if","locations":[{"start":{"line":403,"column":4},"end":{"line":403,"column":36}},{"start":{},"end":{}}],"line":403},"29":{"loc":{"start":{"line":417,"column":11},"end":{"line":417,"column":61}},"type":"cond-expr","locations":[{"start":{"line":417,"column":29},"end":{"line":417,"column":57}},{"start":{"line":417,"column":60},"end":{"line":417,"column":61}}],"line":417},"30":{"loc":{"start":{"line":423,"column":30},"end":{"line":423,"column":53}},"type":"default-arg","locations":[{"start":{"line":423,"column":48},"end":{"line":423,"column":53}}],"line":423},"31":{"loc":{"start":{"line":424,"column":4},"end":{"line":424,"column":25}},"type":"if","locations":[{"start":{"line":424,"column":4},"end":{"line":424,"column":25}},{"start":{},"end":{}}],"line":424},"32":{"loc":{"start":{"line":433,"column":4},"end":{"line":435,"column":5}},"type":"if","locations":[{"start":{"line":433,"column":4},"end":{"line":435,"column":5}},{"start":{},"end":{}}],"line":433},"33":{"loc":{"start":{"line":433,"column":8},"end":{"line":433,"column":41}},"type":"binary-expr","locations":[{"start":{"line":433,"column":8},"end":{"line":433,"column":16}},{"start":{"line":433,"column":20},"end":{"line":433,"column":41}}],"line":433},"34":{"loc":{"start":{"line":448,"column":11},"end":{"line":448,"column":49}},"type":"binary-expr","locations":[{"start":{"line":448,"column":11},"end":{"line":448,"column":17}},{"start":{"line":448,"column":21},"end":{"line":448,"column":49}}],"line":448},"35":{"loc":{"start":{"line":473,"column":4},"end":{"line":473,"column":33}},"type":"if","locations":[{"start":{"line":473,"column":4},"end":{"line":473,"column":33}},{"start":{},"end":{}}],"line":473},"36":{"loc":{"start":{"line":521,"column":6},"end":{"line":523,"column":34}},"type":"if","locations":[{"start":{"line":521,"column":6},"end":{"line":523,"column":34}},{"start":{"line":522,"column":11},"end":{"line":523,"column":34}}],"line":521},"37":{"loc":{"start":{"line":522,"column":11},"end":{"line":523,"column":34}},"type":"if","locations":[{"start":{"line":522,"column":11},"end":{"line":523,"column":34}},{"start":{"line":523,"column":11},"end":{"line":523,"column":34}}],"line":522},"38":{"loc":{"start":{"line":528,"column":6},"end":{"line":534,"column":7}},"type":"if","locations":[{"start":{"line":528,"column":6},"end":{"line":534,"column":7}},{"start":{},"end":{}}],"line":528},"39":{"loc":{"start":{"line":528,"column":10},"end":{"line":528,"column":70}},"type":"binary-expr","locations":[{"start":{"line":528,"column":10},"end":{"line":528,"column":38}},{"start":{"line":528,"column":42},"end":{"line":528,"column":70}}],"line":528},"40":{"loc":{"start":{"line":537,"column":31},"end":{"line":537,"column":96}},"type":"cond-expr","locations":[{"start":{"line":537,"column":56},"end":{"line":537,"column":92}},{"start":{"line":537,"column":95},"end":{"line":537,"column":96}}],"line":537},"41":{"loc":{"start":{"line":577,"column":16},"end":{"line":577,"column":31}},"type":"default-arg","locations":[{"start":{"line":577,"column":26},"end":{"line":577,"column":31}}],"line":577},"42":{"loc":{"start":{"line":592,"column":6},"end":{"line":593,"column":25}},"type":"if","locations":[{"start":{"line":592,"column":6},"end":{"line":593,"column":25}},{"start":{"line":593,"column":11},"end":{"line":593,"column":25}}],"line":592},"43":{"loc":{"start":{"line":598,"column":6},"end":{"line":601,"column":7}},"type":"if","locations":[{"start":{"line":598,"column":6},"end":{"line":601,"column":7}},{"start":{},"end":{}}],"line":598},"44":{"loc":{"start":{"line":610,"column":17},"end":{"line":610,"column":78}},"type":"cond-expr","locations":[{"start":{"line":610,"column":29},"end":{"line":610,"column":71}},{"start":{"line":610,"column":74},"end":{"line":610,"column":78}}],"line":610},"45":{"loc":{"start":{"line":628,"column":16},"end":{"line":628,"column":25}},"type":"default-arg","locations":[{"start":{"line":628,"column":24},"end":{"line":628,"column":25}}],"line":628},"46":{"loc":{"start":{"line":628,"column":27},"end":{"line":628,"column":44}},"type":"default-arg","locations":[{"start":{"line":628,"column":40},"end":{"line":628,"column":44}}],"line":628},"47":{"loc":{"start":{"line":640,"column":20},"end":{"line":640,"column":32}},"type":"default-arg","locations":[{"start":{"line":640,"column":30},"end":{"line":640,"column":32}}],"line":640},"48":{"loc":{"start":{"line":645,"column":6},"end":{"line":661,"column":7}},"type":"if","locations":[{"start":{"line":645,"column":6},"end":{"line":661,"column":7}},{"start":{},"end":{}}],"line":645},"49":{"loc":{"start":{"line":645,"column":10},"end":{"line":645,"column":56}},"type":"binary-expr","locations":[{"start":{"line":645,"column":10},"end":{"line":645,"column":37}},{"start":{"line":645,"column":41},"end":{"line":645,"column":56}}],"line":645},"50":{"loc":{"start":{"line":649,"column":20},"end":{"line":649,"column":75}},"type":"cond-expr","locations":[{"start":{"line":649,"column":35},"end":{"line":649,"column":70}},{"start":{"line":649,"column":74},"end":{"line":649,"column":75}}],"line":649},"51":{"loc":{"start":{"line":651,"column":8},"end":{"line":660,"column":9}},"type":"if","locations":[{"start":{"line":651,"column":8},"end":{"line":660,"column":9}},{"start":{},"end":{}}],"line":651},"52":{"loc":{"start":{"line":672,"column":19},"end":{"line":672,"column":54}},"type":"binary-expr","locations":[{"start":{"line":672,"column":19},"end":{"line":672,"column":31}},{"start":{"line":672,"column":35},"end":{"line":672,"column":54}}],"line":672},"53":{"loc":{"start":{"line":674,"column":19},"end":{"line":674,"column":54}},"type":"binary-expr","locations":[{"start":{"line":674,"column":19},"end":{"line":674,"column":31}},{"start":{"line":674,"column":35},"end":{"line":674,"column":54}}],"line":674},"54":{"loc":{"start":{"line":676,"column":4},"end":{"line":676,"column":61}},"type":"if","locations":[{"start":{"line":676,"column":4},"end":{"line":676,"column":61}},{"start":{},"end":{}}],"line":676},"55":{"loc":{"start":{"line":676,"column":8},"end":{"line":676,"column":48}},"type":"binary-expr","locations":[{"start":{"line":676,"column":8},"end":{"line":676,"column":26}},{"start":{"line":676,"column":30},"end":{"line":676,"column":48}}],"line":676},"56":{"loc":{"start":{"line":677,"column":4},"end":{"line":677,"column":61}},"type":"if","locations":[{"start":{"line":677,"column":4},"end":{"line":677,"column":61}},{"start":{},"end":{}}],"line":677},"57":{"loc":{"start":{"line":677,"column":8},"end":{"line":677,"column":48}},"type":"binary-expr","locations":[{"start":{"line":677,"column":8},"end":{"line":677,"column":26}},{"start":{"line":677,"column":30},"end":{"line":677,"column":48}}],"line":677},"58":{"loc":{"start":{"line":689,"column":4},"end":{"line":689,"column":25}},"type":"if","locations":[{"start":{"line":689,"column":4},"end":{"line":689,"column":25}},{"start":{},"end":{}}],"line":689},"59":{"loc":{"start":{"line":693,"column":6},"end":{"line":693,"column":70}},"type":"binary-expr","locations":[{"start":{"line":693,"column":6},"end":{"line":693,"column":18}},{"start":{"line":693,"column":22},"end":{"line":693,"column":41}},{"start":{"line":693,"column":45},"end":{"line":693,"column":70}}],"line":693},"60":{"loc":{"start":{"line":696,"column":4},"end":{"line":696,"column":39}},"type":"if","locations":[{"start":{"line":696,"column":4},"end":{"line":696,"column":39}},{"start":{},"end":{}}],"line":696},"61":{"loc":{"start":{"line":724,"column":4},"end":{"line":724,"column":25}},"type":"if","locations":[{"start":{"line":724,"column":4},"end":{"line":724,"column":25}},{"start":{},"end":{}}],"line":724},"62":{"loc":{"start":{"line":744,"column":27},"end":{"line":744,"column":50}},"type":"default-arg","locations":[{"start":{"line":744,"column":45},"end":{"line":744,"column":50}}],"line":744},"63":{"loc":{"start":{"line":745,"column":4},"end":{"line":745,"column":25}},"type":"if","locations":[{"start":{"line":745,"column":4},"end":{"line":745,"column":25}},{"start":{},"end":{}}],"line":745},"64":{"loc":{"start":{"line":769,"column":4},"end":{"line":772,"column":5}},"type":"if","locations":[{"start":{"line":769,"column":4},"end":{"line":772,"column":5}},{"start":{},"end":{}}],"line":769},"65":{"loc":{"start":{"line":790,"column":6},"end":{"line":790,"column":51}},"type":"if","locations":[{"start":{"line":790,"column":6},"end":{"line":790,"column":51}},{"start":{},"end":{}}],"line":790},"66":{"loc":{"start":{"line":790,"column":10},"end":{"line":790,"column":38}},"type":"binary-expr","locations":[{"start":{"line":790,"column":10},"end":{"line":790,"column":22}},{"start":{"line":790,"column":26},"end":{"line":790,"column":38}}],"line":790},"67":{"loc":{"start":{"line":795,"column":6},"end":{"line":795,"column":65}},"type":"if","locations":[{"start":{"line":795,"column":6},"end":{"line":795,"column":65}},{"start":{},"end":{}}],"line":795},"68":{"loc":{"start":{"line":795,"column":10},"end":{"line":795,"column":52}},"type":"binary-expr","locations":[{"start":{"line":795,"column":10},"end":{"line":795,"column":29}},{"start":{"line":795,"column":33},"end":{"line":795,"column":52}}],"line":795},"69":{"loc":{"start":{"line":800,"column":17},"end":{"line":800,"column":50}},"type":"binary-expr","locations":[{"start":{"line":800,"column":17},"end":{"line":800,"column":45}},{"start":{"line":800,"column":49},"end":{"line":800,"column":50}}],"line":800},"70":{"loc":{"start":{"line":807,"column":17},"end":{"line":807,"column":50}},"type":"binary-expr","locations":[{"start":{"line":807,"column":17},"end":{"line":807,"column":45}},{"start":{"line":807,"column":49},"end":{"line":807,"column":50}}],"line":807},"71":{"loc":{"start":{"line":818,"column":13},"end":{"line":818,"column":68}},"type":"cond-expr","locations":[{"start":{"line":818,"column":32},"end":{"line":818,"column":35}},{"start":{"line":818,"column":38},"end":{"line":818,"column":68}}],"line":818},"72":{"loc":{"start":{"line":828,"column":4},"end":{"line":828,"column":43}},"type":"if","locations":[{"start":{"line":828,"column":4},"end":{"line":828,"column":43}},{"start":{},"end":{}}],"line":828},"73":{"loc":{"start":{"line":829,"column":4},"end":{"line":831,"column":5}},"type":"if","locations":[{"start":{"line":829,"column":4},"end":{"line":831,"column":5}},{"start":{},"end":{}}],"line":829},"74":{"loc":{"start":{"line":848,"column":4},"end":{"line":848,"column":64}},"type":"if","locations":[{"start":{"line":848,"column":4},"end":{"line":848,"column":64}},{"start":{},"end":{}}],"line":848},"75":{"loc":{"start":{"line":848,"column":8},"end":{"line":848,"column":52}},"type":"binary-expr","locations":[{"start":{"line":848,"column":8},"end":{"line":848,"column":22}},{"start":{"line":848,"column":26},"end":{"line":848,"column":52}}],"line":848},"76":{"loc":{"start":{"line":857,"column":4},"end":{"line":859,"column":5}},"type":"if","locations":[{"start":{"line":857,"column":4},"end":{"line":859,"column":5}},{"start":{},"end":{}}],"line":857}},"s":{"0":0,"1":0,"2":0,"3":0,"4":0,"5":0,"6":0,"7":0,"8":0,"9":0,"10":0,"11":0,"12":0,"13":0,"14":0,"15":0,"16":0,"17":0,"18":0,"19":0,"20":0,"21":0,"22":0,"23":0,"24":0,"25":0,"26":0,"27":0,"28":0,"29":0,"30":0,"31":0,"32":0,"33":0,"34":0,"35":0,"36":0,"37":0,"38":0,"39":0,"40":0,"41":0,"42":0,"43":0,"44":0,"45":0,"46":0,"47":0,"48":0,"49":0,"50":0,"51":0,"52":0,"53":0,"54":0,"55":0,"56":0,"57":0,"58":0,"59":0,"60":0,"61":0,"62":0,"63":0,"64":0,"65":0,"66":0,"67":0,"68":0,"69":0,"70":0,"71":0,"72":0,"73":0,"74":0,"75":0,"76":0,"77":0,"78":0,"79":0,"80":0,"81":0,"82":0,"83":0,"84":0,"85":0,"86":0,"87":0,"88":0,"89":0,"90":0,"91":0,"92":0,"93":0,"94":0,"95":0,"96":0,"97":0,"98":0,"99":0,"100":0,"101":0,"102":0,"103":0,"104":0,"105":0,"106":0,"107":0,"108":0,"109":0,"110":0,"111":0,"112":0,"113":0,"114":0,"115":0,"116":0,"117":0,"118":0,"119":0,"120":0,"121":0,"122":0,"123":0,"124":0,"125":0,"126":0,"127":0,"128":0,"129":0,"130":0,"131":0,"132":0,"133":0,"134":0,"135":0,"136":0,"137":0,"138":0,"139":0,"140":0,"141":0,"142":0,"143":0,"144":0,"145":0,"146":0,"147":0,"148":0,"149":0,"150":0,"151":0,"152":0,"153":0,"154":0,"155":0,"156":0,"157":0,"158":0,"159":0,"160":0,"161":0,"162":0,"163":0,"164":0,"165":0,"166":0,"167":0,"168":0,"169":0,"170":0,"171":0,"172":0,"173":0,"174":0,"175":0,"176":0,"177":0,"178":0,"179":0,"180":0,"181":0,"182":0,"183":0,"184":0,"185":0,"186":0,"187":0,"188":0,"189":0,"190":0,"191":0,"192":0,"193":0,"194":0,"195":0,"196":0,"197":0,"198":0,"199":0,"200":0,"201":0,"202":0,"203":0,"204":0,"205":0,"206":0,"207":0,"208":0,"209":0,"210":0,"211":0,"212":0,"213":0,"214":0,"215":0,"216":0,"217":0,"218":0,"219":0,"220":0,"221":0,"222":0,"223":0,"224":0,"225":0,"226":0,"227":0,"228":0,"229":0,"230":0,"231":0,"232":0,"233":0,"234":0,"235":0,"236":0,"237":0,"238":0,"239":0,"240":0,"241":0,"242":0,"243":0,"244":0,"245":0,"246":0,"247":0,"248":0,"249":0,"250":0,"251":0,"252":0,"253":0,"254":0,"255":0,"256":0,"257":0,"258":0,"259":0,"260":0,"261":0,"262":0,"263":0,"264":0,"265":0,"266":0,"267":0,"268":0,"269":0,"270":0,"271":0,"272":0,"273":0,"274":0,"275":0,"276":0,"277":0,"278":0,"279":0,"280":0,"281":0,"282":0,"283":0,"284":0,"285":0,"286":0,"287":0,"288":0,"289":0,"290":0,"291":0,"292":0,"293":0,"294":0,"295":0,"296":0,"297":0,"298":0,"299":0,"300":0,"301":0,"302":0,"303":0,"304":0,"305":0,"306":0,"307":0,"308":0,"309":0,"310":0,"311":0,"312":0,"313":0,"314":0,"315":0,"316":0,"317":0,"318":0,"319":0,"320":0,"321":0,"322":0,"323":0,"324":0,"325":0,"326":0,"327":0,"328":0,"329":0,"330":0,"331":0,"332":0,"333":0,"334":0,"335":0,"336":0,"337":0,"338":0,"339":0,"340":0,"341":0,"342":0,"343":0,"344":0,"345":0,"346":0,"347":0,"348":0,"349":0,"350":0,"351":0,"352":0,"353":0,"354":0,"355":0,"356":0,"357":0,"358":0,"359":0,"360":0,"361":0,"362":0},"f":{"0":0,"1":0,"2":0,"3":0,"4":0,"5":0,"6":0,"7":0,"8":0,"9":0,"10":0,"11":0,"12":0,"13":0,"14":0,"15":0,"16":0,"17":0,"18":0,"19":0,"20":0,"21":0,"22":0,"23":0,"24":0,"25":0,"26":0,"27":0,"28":0,"29":0,"30":0,"31":0,"32":0,"33":0,"34":0,"35":0,"36":0,"37":0,"38":0,"39":0,"40":0,"41":0,"42":0,"43":0,"44":0,"45":0,"46":0,"47":0,"48":0,"49":0,"50":0,"51":0,"52":0,"53":0,"54":0,"55":0,"56":0,"57":0,"58":0,"59":0,"60":0},"b":{"0":[0],"1":[0,0],"2":[0],"3":[0,0],"4":[0,0],"5":[0,0],"6":[0,0],"7":[0,0],"8":[0,0],"9":[0,0],"10":[0,0],"11":[0],"12":[0],"13":[0,0],"14":[0,0],"15":[0,0],"16":[0,0],"17":[0,0],"18":[0,0],"19":[0,0],"20":[0,0],"21":[0,0],"22":[0,0],"23":[0,0],"24":[0,0],"25":[0,0],"26":[0,0],"27":[0,0],"28":[0,0],"29":[0,0],"30":[0],"31":[0,0],"32":[0,0],"33":[0,0],"34":[0,0],"35":[0,0],"36":[0,0],"37":[0,0],"38":[0,0],"39":[0,0],"40":[0,0],"41":[0],"42":[0,0],"43":[0,0],"44":[0,0],"45":[0],"46":[0],"47":[0],"48":[0,0],"49":[0,0],"50":[0,0],"51":[0,0],"52":[0,0],"53":[0,0],"54":[0,0],"55":[0,0],"56":[0,0],"57":[0,0],"58":[0,0],"59":[0,0,0],"60":[0,0],"61":[0,0],"62":[0],"63":[0,0],"64":[0,0],"65":[0,0],"66":[0,0],"67":[0,0],"68":[0,0],"69":[0,0],"70":[0,0],"71":[0,0],"72":[0,0],"73":[0,0],"74":[0,0],"75":[0,0],"76":[0,0]}}
}
