TN:
SF:middleware/advancedQuery.js
FN:62,sanitizeFieldName
FN:92,buildWhereClause
FN:124,(anonymous_2)
FN:185,buildFullTextSearch
FN:197,(anonymous_4)
FN:205,(anonymous_5)
FN:237,buildAggregationClause
FN:272,parseAdvancedQuery
FN:287,(anonymous_8)
FN:294,(anonymous_9)
FN:295,(anonymous_10)
FN:296,(anonymous_11)
FN:313,advancedQueryMiddleware
FN:322,(anonymous_13)
FN:342,(anonymous_14)
FN:355,(anonymous_15)
FNF:16
FNH:12
FNDA:26,sanitizeFieldName
FNDA:7,buildWhereClause
FNDA:2,(anonymous_2)
FNDA:5,buildFullTextSearch
FNDA:5,(anonymous_4)
FNDA:7,(anonymous_5)
FNDA:4,buildAggregationClause
FNDA:3,parseAdvancedQuery
FNDA:2,(anonymous_8)
FNDA:2,(anonymous_9)
FNDA:2,(anonymous_10)
FNDA:1,(anonymous_11)
FNDA:0,advancedQueryMiddleware
FNDA:0,(anonymous_13)
FNDA:0,(anonymous_14)
FNDA:0,(anonymous_15)
DA:16,1
DA:17,1
DA:23,1
DA:43,1
DA:63,26
DA:64,0
DA:68,26
DA:69,1
DA:73,25
DA:74,3
DA:77,22
DA:93,7
DA:94,7
DA:95,7
DA:97,7
DA:98,11
DA:101,9
DA:102,9
DA:103,1
DA:104,1
DA:107,8
DA:108,8
DA:109,8
DA:111,8
DA:112,0
DA:113,0
DA:117,8
DA:121,1
DA:122,1
DA:124,2
DA:125,1
DA:126,1
DA:127,1
DA:132,1
DA:133,1
DA:135,1
DA:136,1
DA:137,1
DA:138,1
DA:144,1
DA:145,1
DA:151,1
DA:152,1
DA:153,1
DA:154,1
DA:159,4
DA:160,4
DA:161,4
DA:166,7
DA:168,7
DA:186,5
DA:187,1
DA:194,4
DA:197,5
DA:200,4
DA:203,4
DA:204,4
DA:205,4
DA:207,7
DA:209,7
DA:213,4
DA:216,4
DA:218,4
DA:238,4
DA:240,4
DA:241,5
DA:242,5
DA:243,0
DA:244,0
DA:247,5
DA:249,5
DA:251,5
DA:252,1
DA:253,1
DA:256,4
DA:257,4
DA:258,4
DA:262,4
DA:282,3
DA:285,3
DA:287,2
DA:293,3
DA:294,2
DA:295,2
DA:296,1
DA:299,3
DA:320,0
DA:322,0
DA:323,0
DA:324,0
DA:327,0
DA:328,0
DA:329,0
DA:332,0
DA:333,0
DA:337,0
DA:339,0
DA:343,0
DA:352,0
DA:355,0
DA:362,0
DA:370,0
DA:376,0
DA:378,0
DA:379,0
DA:381,0
DA:382,0
DA:388,1
LF:108
LH:82
BRDA:62,0,0,12
BRDA:63,1,0,0
BRDA:63,1,1,26
BRDA:63,2,0,26
BRDA:63,2,1,26
BRDA:68,3,0,1
BRDA:68,3,1,25
BRDA:68,4,0,26
BRDA:68,4,1,2
BRDA:73,5,0,3
BRDA:73,5,1,22
BRDA:92,6,0,7
BRDA:98,7,0,2
BRDA:98,7,1,9
BRDA:98,8,0,11
BRDA:98,8,1,10
BRDA:98,8,2,9
BRDA:102,9,0,1
BRDA:102,9,1,8
BRDA:107,10,0,2
BRDA:111,11,0,0
BRDA:111,11,1,8
BRDA:117,12,0,1
BRDA:117,12,1,1
BRDA:117,12,2,1
BRDA:117,12,3,1
BRDA:117,12,4,1
BRDA:117,12,5,1
BRDA:117,12,6,1
BRDA:117,12,7,4
BRDA:121,13,0,1
BRDA:121,13,1,0
BRDA:122,14,0,0
BRDA:122,14,1,1
BRDA:132,15,0,1
BRDA:132,15,1,0
BRDA:133,16,0,0
BRDA:133,16,1,1
BRDA:133,17,0,1
BRDA:133,17,1,1
BRDA:151,18,0,0
BRDA:151,18,1,1
BRDA:166,19,0,7
BRDA:166,19,1,0
BRDA:185,20,0,0
BRDA:185,21,0,3
BRDA:186,22,0,1
BRDA:186,22,1,4
BRDA:186,23,0,5
BRDA:186,23,1,4
BRDA:191,24,0,4
BRDA:192,25,0,3
BRDA:193,26,0,3
BRDA:204,27,0,1
BRDA:204,27,1,3
BRDA:209,28,0,2
BRDA:209,28,1,5
BRDA:237,29,0,4
BRDA:242,30,0,0
BRDA:242,30,1,5
BRDA:247,31,0,5
BRDA:247,31,1,0
BRDA:251,32,0,1
BRDA:251,32,1,4
BRDA:251,33,0,5
BRDA:251,33,1,1
BRDA:262,34,0,3
BRDA:262,34,1,1
BRDA:285,35,0,2
BRDA:285,35,1,1
BRDA:287,36,0,1
BRDA:287,36,1,1
BRDA:288,37,0,2
BRDA:288,37,1,1
BRDA:293,38,0,1
BRDA:293,38,1,2
BRDA:295,39,0,1
BRDA:295,39,1,0
BRDA:296,40,0,1
BRDA:296,40,1,0
BRDA:313,41,0,0
BRDA:315,42,0,0
BRDA:316,43,0,0
BRDA:317,44,0,0
BRDA:318,45,0,0
BRDA:319,46,0,0
BRDA:328,47,0,0
BRDA:328,47,1,0
BRDA:332,48,0,0
BRDA:332,48,1,0
BRDA:332,49,0,0
BRDA:332,49,1,0
BRDA:339,50,0,0
BRDA:339,50,1,0
BRDA:343,51,0,0
BRDA:343,51,1,0
BRDA:352,52,0,0
BRDA:352,52,1,0
BRDA:357,53,0,0
BRDA:357,53,1,0
BRDA:367,54,0,0
BRDA:367,54,1,0
BRDA:378,55,0,0
BRDA:378,55,1,0
BRF:104
BRH:67
end_of_record
TN:
SF:middleware/aebfErrorHandler.js
FN:26,(anonymous_0)
FN:40,(anonymous_1)
FN:43,(anonymous_2)
FN:46,(anonymous_3)
FN:53,(anonymous_4)
FN:56,(anonymous_5)
FN:59,(anonymous_6)
FN:62,(anonymous_7)
FN:65,(anonymous_8)
FN:72,(anonymous_9)
FN:73,(anonymous_10)
FN:82,(anonymous_11)
FN:111,(anonymous_12)
FN:130,(anonymous_13)
FN:152,(anonymous_14)
FN:192,(anonymous_15)
FN:201,(anonymous_16)
FNF:17
FNH:0
FNDA:0,(anonymous_0)
FNDA:0,(anonymous_1)
FNDA:0,(anonymous_2)
FNDA:0,(anonymous_3)
FNDA:0,(anonymous_4)
FNDA:0,(anonymous_5)
FNDA:0,(anonymous_6)
FNDA:0,(anonymous_7)
FNDA:0,(anonymous_8)
FNDA:0,(anonymous_9)
FNDA:0,(anonymous_10)
FNDA:0,(anonymous_11)
FNDA:0,(anonymous_12)
FNDA:0,(anonymous_13)
FNDA:0,(anonymous_14)
FNDA:0,(anonymous_15)
FNDA:0,(anonymous_16)
DA:6,2
DA:11,2
DA:27,0
DA:28,0
DA:29,0
DA:30,0
DA:31,0
DA:32,0
DA:39,2
DA:41,0
DA:44,0
DA:47,0
DA:54,0
DA:57,0
DA:60,0
DA:63,0
DA:66,0
DA:72,2
DA:73,0
DA:74,0
DA:82,2
DA:83,0
DA:84,0
DA:87,0
DA:100,0
DA:102,0
DA:111,2
DA:112,0
DA:113,0
DA:116,0
DA:117,0
DA:120,0
DA:121,0
DA:124,0
DA:130,2
DA:131,0
DA:138,0
DA:139,0
DA:142,0
DA:143,0
DA:146,0
DA:152,2
DA:154,0
DA:166,0
DA:167,0
DA:168,0
DA:170,0
DA:171,0
DA:173,0
DA:174,0
DA:176,0
DA:179,0
DA:183,0
DA:184,0
DA:186,0
DA:192,2
DA:193,0
DA:194,0
DA:195,0
DA:201,2
DA:202,0
DA:207,0
DA:208,0
DA:211,0
DA:212,0
DA:215,0
DA:218,2
LF:67
LH:11
BRDA:26,0,0,0
BRDA:26,1,0,0
BRDA:26,2,0,0
BRDA:40,3,0,0
BRDA:43,4,0,0
BRDA:46,5,0,0
BRDA:48,6,0,0
BRDA:48,6,1,0
BRDA:53,7,0,0
BRDA:56,8,0,0
BRDA:59,9,0,0
BRDA:62,10,0,0
BRDA:65,11,0,0
BRDA:65,12,0,0
BRDA:100,13,0,0
BRDA:100,13,1,0
BRDA:112,14,0,0
BRDA:112,14,1,0
BRDA:116,15,0,0
BRDA:116,15,1,0
BRDA:120,16,0,0
BRDA:120,16,1,0
BRDA:130,17,0,0
BRDA:134,18,0,0
BRDA:134,18,1,0
BRDA:135,19,0,0
BRDA:135,19,1,0
BRDA:138,20,0,0
BRDA:138,20,1,0
BRDA:142,21,0,0
BRDA:142,21,1,0
BRDA:142,22,0,0
BRDA:142,22,1,0
BRDA:166,23,0,0
BRDA:166,23,1,0
BRDA:168,24,0,0
BRDA:168,24,1,0
BRDA:168,25,0,0
BRDA:168,25,1,0
BRDA:168,25,2,0
BRDA:171,26,0,0
BRDA:171,26,1,0
BRDA:171,27,0,0
BRDA:171,27,1,0
BRDA:171,27,2,0
BRDA:174,28,0,0
BRDA:174,28,1,0
BRDA:201,29,0,0
BRDA:201,30,0,0
BRDA:207,31,0,0
BRDA:207,31,1,0
BRDA:211,32,0,0
BRDA:211,32,1,0
BRF:53
BRH:0
end_of_record
TN:
SF:middleware/aebfValidation.js
FN:11,(anonymous_0)
FN:245,(anonymous_1)
FN:246,(anonymous_2)
FNF:3
FNH:0
FNDA:0,(anonymous_0)
FNDA:0,(anonymous_1)
FNDA:0,(anonymous_2)
DA:6,0
DA:11,0
DA:12,0
DA:13,0
DA:14,0
DA:20,0
DA:26,0
DA:27,0
DA:28,0
DA:29,0
DA:34,0
DA:42,0
DA:47,0
DA:55,0
DA:63,0
DA:77,0
DA:84,0
DA:91,0
DA:99,0
DA:113,0
DA:246,0
DA:472,0
LF:22
LH:0
BRDA:13,0,0,0
BRDA:13,0,1,0
BRDA:246,1,0,0
BRDA:246,1,1,0
BRDA:246,1,2,0
BRF:5
BRH:0
end_of_record
TN:
SF:middleware/auth.js
FN:7,authenticate
FN:39,requireRole
FN:40,(anonymous_2)
FN:60,requireDivisionAccess
FN:91,optionalAuthenticate
FNF:5
FNH:1
FNDA:0,authenticate
FNDA:5,requireRole
FNDA:0,(anonymous_2)
FNDA:0,requireDivisionAccess
FNDA:0,optionalAuthenticate
DA:1,1
DA:2,1
DA:8,0
DA:10,0
DA:12,0
DA:13,0
DA:16,0
DA:19,0
DA:22,0
DA:29,0
DA:31,0
DA:32,0
DA:40,5
DA:41,0
DA:42,0
DA:45,0
DA:46,0
DA:53,0
DA:61,0
DA:63,0
DA:64,0
DA:67,0
DA:68,0
DA:72,0
DA:73,0
DA:77,0
DA:78,0
DA:85,0
DA:92,0
DA:93,0
DA:95,0
DA:96,0
DA:97,0
DA:99,0
DA:108,0
DA:111,0
DA:114,1
LF:37
LH:4
BRDA:12,0,0,0
BRDA:12,0,1,0
BRDA:12,1,0,0
BRDA:12,1,1,0
BRDA:41,2,0,0
BRDA:41,2,1,0
BRDA:45,3,0,0
BRDA:45,3,1,0
BRDA:61,4,0,0
BRDA:61,4,1,0
BRDA:61,4,2,0
BRDA:63,5,0,0
BRDA:63,5,1,0
BRDA:67,6,0,0
BRDA:67,6,1,0
BRDA:72,7,0,0
BRDA:72,7,1,0
BRDA:77,8,0,0
BRDA:77,8,1,0
BRDA:95,9,0,0
BRDA:95,9,1,0
BRDA:95,10,0,0
BRDA:95,10,1,0
BRF:23
BRH:0
end_of_record
TN:
SF:middleware/cache.js
FN:17,initRedis
FN:30,(anonymous_1)
FN:34,(anonymous_2)
FN:41,(anonymous_3)
FN:42,(anonymous_4)
FN:66,generateCacheKey
FN:85,(anonymous_6)
FN:97,cacheMiddleware
FN:100,(anonymous_8)
FN:131,(anonymous_9)
FN:135,(anonymous_10)
FN:152,invalidateCache
FN:171,invalidateAllCache
FN:187,getCacheStats
FN:222,(anonymous_14)
FN:223,(anonymous_15)
FNF:16
FNH:1
FNDA:0,initRedis
FNDA:0,(anonymous_1)
FNDA:0,(anonymous_2)
FNDA:0,(anonymous_3)
FNDA:0,(anonymous_4)
FNDA:0,generateCacheKey
FNDA:0,(anonymous_6)
FNDA:0,cacheMiddleware
FNDA:0,(anonymous_8)
FNDA:0,(anonymous_9)
FNDA:0,(anonymous_10)
FNDA:0,invalidateCache
FNDA:0,invalidateAllCache
FNDA:7,getCacheStats
FNDA:0,(anonymous_14)
FNDA:0,(anonymous_15)
DA:7,3
DA:8,3
DA:11,3
DA:12,3
DA:18,0
DA:19,0
DA:30,0
DA:31,0
DA:34,0
DA:35,0
DA:36,0
DA:40,0
DA:41,0
DA:42,0
DA:45,0
DA:46,0
DA:48,0
DA:49,0
DA:50,0
DA:51,0
DA:52,0
DA:57,0
DA:67,0
DA:68,0
DA:71,0
DA:85,0
DA:87,0
DA:98,0
DA:100,0
DA:102,0
DA:103,0
DA:107,0
DA:108,0
DA:111,0
DA:113,0
DA:115,0
DA:117,0
DA:118,0
DA:119,0
DA:120,0
DA:127,0
DA:130,0
DA:131,0
DA:133,0
DA:134,0
DA:135,0
DA:137,0
DA:140,0
DA:142,0
DA:143,0
DA:153,0
DA:154,0
DA:157,0
DA:158,0
DA:159,0
DA:160,0
DA:161,0
DA:164,0
DA:172,0
DA:173,0
DA:176,0
DA:177,0
DA:178,0
DA:180,0
DA:188,7
DA:189,7
DA:192,0
DA:193,0
DA:194,0
DA:196,0
DA:202,0
DA:203,0
DA:208,3
DA:215,3
DA:222,0
DA:223,0
LF:76
LH:8
BRDA:21,0,0,0
BRDA:21,0,1,0
BRDA:22,1,0,0
BRDA:22,1,1,0
BRDA:26,2,0,0
BRDA:26,2,1,0
BRDA:27,3,0,0
BRDA:27,3,1,0
BRDA:50,4,0,0
BRDA:50,4,1,0
BRDA:68,5,0,0
BRDA:68,5,1,0
BRDA:85,6,0,0
BRDA:85,6,1,0
BRDA:97,7,0,0
BRDA:98,8,0,0
BRDA:98,9,0,0
BRDA:102,10,0,0
BRDA:102,10,1,0
BRDA:102,11,0,0
BRDA:102,11,1,0
BRDA:102,11,2,0
BRDA:107,12,0,0
BRDA:107,12,1,0
BRDA:117,13,0,0
BRDA:117,13,1,0
BRDA:123,14,0,0
BRDA:123,14,1,0
BRDA:133,15,0,0
BRDA:133,15,1,0
BRDA:133,16,0,0
BRDA:133,16,1,0
BRDA:153,17,0,0
BRDA:153,17,1,0
BRDA:153,18,0,0
BRDA:153,18,1,0
BRDA:159,19,0,0
BRDA:159,19,1,0
BRDA:172,20,0,0
BRDA:172,20,1,0
BRDA:172,21,0,0
BRDA:172,21,1,0
BRDA:188,22,0,7
BRDA:188,22,1,0
BRDA:188,23,0,7
BRDA:188,23,1,0
BRF:46
BRH:2
end_of_record
TN:
SF:middleware/correlation.js
FN:27,generateCorrelationId
FN:38,getCorrelationContext
FN:47,getCorrelationId
FN:59,runWithCorrelation
FN:67,correlationMiddleware
FN:96,(anonymous_5)
FN:98,(anonymous_6)
FN:115,createCorrelatedLogger
FN:119,(anonymous_8)
FN:120,(anonymous_9)
FN:144,requestSummaryMiddleware
FN:145,(anonymous_11)
FN:146,(anonymous_12)
FN:180,getCorrelationHeaders
FNF:14
FNH:5
FNDA:9,generateCorrelationId
FNDA:11,getCorrelationContext
FNDA:6,getCorrelationId
FNDA:8,runWithCorrelation
FNDA:0,correlationMiddleware
FNDA:0,(anonymous_5)
FNDA:0,(anonymous_6)
FNDA:0,createCorrelatedLogger
FNDA:0,(anonymous_8)
FNDA:0,(anonymous_9)
FNDA:0,requestSummaryMiddleware
FNDA:0,(anonymous_11)
FNDA:0,(anonymous_12)
FNDA:3,getCorrelationHeaders
DA:15,1
DA:16,1
DA:19,1
DA:28,9
DA:29,9
DA:30,9
DA:39,11
DA:48,6
DA:49,6
DA:60,8
DA:69,0
DA:74,0
DA:77,0
DA:88,0
DA:89,0
DA:92,0
DA:93,0
DA:96,0
DA:98,0
DA:99,0
DA:100,0
DA:101,0
DA:104,0
DA:116,0
DA:117,0
DA:119,0
DA:120,0
DA:121,0
DA:122,0
DA:128,0
DA:133,0
DA:135,0
DA:145,0
DA:146,0
DA:147,0
DA:148,0
DA:150,0
DA:161,0
DA:162,0
DA:163,0
DA:164,0
DA:166,0
DA:170,0
DA:181,3
DA:182,3
DA:189,1
LF:46
LH:13
BRDA:39,0,0,11
BRDA:39,0,1,4
BRDA:49,1,0,6
BRDA:49,1,1,1
BRDA:69,2,0,0
BRDA:69,2,1,0
BRDA:69,2,2,0
BRDA:74,3,0,0
BRDA:74,3,1,0
BRDA:120,4,0,0
BRDA:124,5,0,0
BRDA:124,5,1,0
BRDA:148,6,0,0
BRDA:148,6,1,0
BRDA:161,7,0,0
BRDA:161,7,1,0
BRDA:163,8,0,0
BRDA:163,8,1,0
BRDA:183,9,0,3
BRDA:183,9,1,2
BRDA:184,10,0,3
BRDA:184,10,1,2
BRF:22
BRH:8
end_of_record
TN:
SF:middleware/errorHandler.js
FN:3,(anonymous_0)
FN:26,(anonymous_1)
FNF:2
FNH:0
FNDA:0,(anonymous_0)
FNDA:0,(anonymous_1)
DA:1,0
DA:3,0
DA:4,0
DA:11,0
DA:12,0
DA:19,0
DA:20,0
DA:23,0
DA:26,0
DA:27,0
DA:28,0
DA:35,0
LF:12
LH:0
BRDA:11,0,0,0
BRDA:11,0,1,0
BRDA:11,0,2,0
BRDA:14,1,0,0
BRDA:14,1,1,0
BRDA:19,2,0,0
BRDA:19,2,1,0
BRF:7
BRH:0
end_of_record
TN:
SF:middleware/monitoring.js
FN:41,performHealthCheck
FN:150,healthCheckMiddleware
FN:151,(anonymous_2)
FN:186,metricsMiddleware
FN:196,(anonymous_4)
FN:221,getMetrics
FN:238,(anonymous_6)
FN:240,(anonymous_7)
FN:268,metricsEndpoint
FN:296,readinessProbe
FN:297,(anonymous_10)
FN:319,livenessProbe
FN:331,monitorPerformance
FN:332,(anonymous_13)
FN:357,resetStats
FNF:15
FNH:9
FNDA:6,performHealthCheck
FNDA:2,healthCheckMiddleware
FNDA:2,(anonymous_2)
FNDA:0,metricsMiddleware
FNDA:0,(anonymous_4)
FNDA:6,getMetrics
FNDA:0,(anonymous_6)
FNDA:0,(anonymous_7)
FNDA:1,metricsEndpoint
FNDA:1,readinessProbe
FNDA:1,(anonymous_10)
FNDA:1,livenessProbe
FNDA:0,monitorPerformance
FNDA:0,(anonymous_13)
FNDA:15,resetStats
DA:16,2
DA:17,2
DA:18,2
DA:24,2
DA:42,6
DA:50,6
DA:51,6
DA:52,6
DA:53,6
DA:55,6
DA:66,6
DA:67,6
DA:68,6
DA:80,6
DA:81,0
DA:82,0
DA:83,0
DA:84,0
DA:93,0
DA:97,0
DA:100,6
DA:107,6
DA:108,6
DA:109,6
DA:114,0
DA:121,6
DA:128,6
DA:141,6
DA:142,6
DA:151,2
DA:152,2
DA:154,2
DA:156,2
DA:165,0
DA:166,0
DA:167,0
DA:170,0
DA:172,0
DA:173,0
DA:187,0
DA:190,0
DA:191,0
DA:192,0
DA:195,0
DA:196,0
DA:197,0
DA:200,0
DA:201,0
DA:202,0
DA:203,0
DA:207,0
DA:209,0
DA:212,0
DA:222,6
DA:223,6
DA:225,6
DA:238,0
DA:240,0
DA:269,1
DA:270,1
DA:273,1
DA:274,1
DA:275,1
DA:277,0
DA:280,1
DA:282,0
DA:283,0
DA:297,1
DA:298,1
DA:300,1
DA:301,0
DA:302,0
DA:305,1
DA:307,0
DA:320,1
DA:332,0
DA:333,0
DA:334,0
DA:335,0
DA:336,0
DA:338,0
DA:339,0
DA:342,0
DA:344,0
DA:345,0
DA:349,0
DA:358,15
DA:359,15
DA:360,15
DA:361,15
DA:362,15
DA:365,2
LF:92
LH:46
BRDA:41,0,0,6
BRDA:56,1,0,6
BRDA:56,1,1,0
BRDA:69,2,0,6
BRDA:69,2,1,0
BRDA:76,3,0,6
BRDA:76,3,1,0
BRDA:80,4,0,0
BRDA:80,4,1,6
BRDA:80,5,0,6
BRDA:80,5,1,6
BRDA:82,6,0,0
BRDA:82,6,1,0
BRDA:110,7,0,0
BRDA:110,7,1,6
BRDA:130,8,0,6
BRDA:130,8,1,0
BRDA:135,9,0,0
BRDA:135,9,1,6
BRDA:150,10,0,2
BRDA:152,11,0,2
BRDA:152,11,1,2
BRDA:154,12,0,2
BRDA:154,12,1,0
BRDA:167,13,0,0
BRDA:167,13,1,0
BRDA:168,14,0,0
BRDA:168,14,1,0
BRDA:192,15,0,0
BRDA:192,15,1,0
BRDA:200,16,0,0
BRDA:200,16,1,0
BRDA:203,17,0,0
BRDA:203,17,1,0
BRDA:234,18,0,0
BRDA:234,18,1,6
BRDA:296,19,0,1
BRDA:300,20,0,0
BRDA:300,20,1,1
BRDA:300,21,0,1
BRDA:300,21,1,1
BRDA:301,22,0,0
BRDA:301,22,1,0
BRDA:338,23,0,0
BRDA:338,23,1,0
BRF:45
BRH:19
end_of_record
TN:
SF:middleware/pagination.js
FN:22,parsePaginationParams
FN:51,buildPaginationMeta
FN:73,buildPaginationSQL
FN:96,paginationMiddleware
FN:109,paginationHelper
FN:116,(anonymous_5)
FN:135,parseCursorParams
FN:159,buildCursorSQL
FN:183,buildCursorResponse
FNF:9
FNH:5
FNDA:9,parsePaginationParams
FNDA:5,buildPaginationMeta
FNDA:4,buildPaginationSQL
FNDA:0,paginationMiddleware
FNDA:0,paginationHelper
FNDA:0,(anonymous_5)
FNDA:3,parseCursorParams
FNDA:4,buildCursorSQL
FNDA:0,buildCursorResponse
DA:7,1
DA:12,1
DA:13,1
DA:14,1
DA:15,1
DA:23,9
DA:24,9
DA:25,9
DA:26,9
DA:30,9
DA:31,9
DA:32,9
DA:34,9
DA:36,9
DA:52,5
DA:53,5
DA:55,5
DA:74,4
DA:77,4
DA:78,4
DA:80,3
DA:81,3
DA:82,3
DA:84,3
DA:85,1
DA:89,3
DA:97,0
DA:98,0
DA:99,0
DA:101,0
DA:116,0
DA:117,0
DA:118,0
DA:120,0
DA:128,0
DA:136,3
DA:137,3
DA:138,3
DA:139,3
DA:142,3
DA:143,3
DA:145,3
DA:160,4
DA:162,4
DA:163,4
DA:164,2
DA:166,2
DA:167,2
DA:171,4
DA:173,4
DA:184,0
DA:185,0
DA:186,0
DA:188,0
DA:198,1
LF:55
LH:42
BRDA:23,0,0,9
BRDA:23,0,1,5
BRDA:24,1,0,9
BRDA:24,1,1,4
BRDA:25,2,0,9
BRDA:25,2,1,8
BRDA:26,3,0,9
BRDA:26,3,1,7
BRDA:30,4,0,0
BRDA:30,4,1,9
BRDA:31,5,0,1
BRDA:31,5,1,8
BRDA:31,6,0,9
BRDA:31,6,1,9
BRDA:32,7,0,9
BRDA:32,7,1,0
BRDA:62,8,0,2
BRDA:62,8,1,3
BRDA:63,9,0,3
BRDA:63,9,1,2
BRDA:73,10,0,0
BRDA:78,11,0,3
BRDA:78,11,1,1
BRDA:80,12,0,1
BRDA:80,12,1,2
BRDA:84,13,0,1
BRDA:84,13,1,2
BRDA:84,14,0,3
BRDA:84,14,1,1
BRDA:116,15,0,0
BRDA:117,16,0,0
BRDA:117,16,1,0
BRDA:136,17,0,3
BRDA:136,17,1,2
BRDA:137,18,0,3
BRDA:137,18,1,2
BRDA:138,19,0,3
BRDA:138,19,1,2
BRDA:139,20,0,3
BRDA:139,20,1,1
BRDA:142,21,0,0
BRDA:142,21,1,3
BRDA:142,22,0,3
BRDA:142,22,1,3
BRDA:143,23,0,2
BRDA:143,23,1,1
BRDA:159,24,0,0
BRDA:163,25,0,2
BRDA:163,25,1,2
BRDA:164,26,0,1
BRDA:164,26,1,1
BRDA:183,27,0,0
BRDA:185,28,0,0
BRDA:185,28,1,0
BRDA:186,29,0,0
BRDA:186,29,1,0
BRF:56
BRH:43
end_of_record
TN:
SF:middleware/prometheus.js
FN:33,initDurationBuckets
FN:35,(anonymous_1)
FN:49,recordRequest
FN:86,normalizePath
FN:99,updateRuntimeMetrics
FN:117,generateMetrics
FN:180,metricsMiddleware
FN:183,(anonymous_7)
FN:194,metricsEndpoint
FN:202,resetMetrics
FNF:10
FNH:0
FNDA:0,initDurationBuckets
FNDA:0,(anonymous_1)
FNDA:0,recordRequest
FNDA:0,normalizePath
FNDA:0,updateRuntimeMetrics
FNDA:0,generateMetrics
FNDA:0,metricsMiddleware
FNDA:0,(anonymous_7)
FNDA:0,metricsEndpoint
FNDA:0,resetMetrics
DA:7,0
DA:28,0
DA:34,0
DA:35,0
DA:36,0
DA:38,0
DA:40,0
DA:50,0
DA:53,0
DA:54,0
DA:56,0
DA:59,0
DA:60,0
DA:61,0
DA:62,0
DA:64,0
DA:68,0
DA:69,0
DA:70,0
DA:73,0
DA:74,0
DA:75,0
DA:78,0
DA:88,0
DA:91,0
DA:100,0
DA:101,0
DA:102,0
DA:105,0
DA:106,0
DA:108,0
DA:109,0
DA:118,0
DA:120,0
DA:123,0
DA:124,0
DA:125,0
DA:128,0
DA:129,0
DA:130,0
DA:133,0
DA:134,0
DA:135,0
DA:136,0
DA:140,0
DA:141,0
DA:142,0
DA:143,0
DA:147,0
DA:148,0
DA:149,0
DA:150,0
DA:151,0
DA:153,0
DA:154,0
DA:157,0
DA:158,0
DA:159,0
DA:161,0
DA:162,0
DA:163,0
DA:166,0
DA:167,0
DA:168,0
DA:170,0
DA:171,0
DA:172,0
DA:174,0
DA:181,0
DA:183,0
DA:184,0
DA:185,0
DA:188,0
DA:195,0
DA:196,0
DA:203,0
DA:204,0
DA:205,0
DA:206,0
DA:209,0
LF:80
LH:0
BRDA:21,0,0,0
BRDA:21,0,1,0
BRDA:53,1,0,0
BRDA:53,1,1,0
BRDA:59,2,0,0
BRDA:59,2,1,0
BRDA:61,3,0,0
BRDA:61,3,1,0
BRDA:74,4,0,0
BRDA:74,4,1,0
BRDA:105,5,0,0
BRDA:105,5,1,0
BRDA:108,6,0,0
BRDA:108,6,1,0
BRDA:150,7,0,0
BRDA:150,7,1,0
BRF:16
BRH:0
end_of_record
TN:
SF:middleware/rateLimiter.js
FN:49,(anonymous_0)
FN:78,(anonymous_1)
FN:107,(anonymous_2)
FN:136,(anonymous_3)
FNF:4
FNH:0
FNDA:0,(anonymous_0)
FNDA:0,(anonymous_1)
FNDA:0,(anonymous_2)
FNDA:0,(anonymous_3)
DA:27,0
DA:36,0
DA:50,0
DA:68,0
DA:79,0
DA:97,0
DA:108,0
DA:126,0
DA:137,0
DA:148,0
LF:10
LH:0
BRF:0
BRH:0
end_of_record
TN:
SF:middleware/requestLogger.js
FN:3,(anonymous_0)
FN:11,(anonymous_1)
FNF:2
FNH:0
FNDA:0,(anonymous_0)
FNDA:0,(anonymous_1)
DA:1,0
DA:3,0
DA:4,0
DA:6,0
DA:11,0
DA:12,0
DA:13,0
DA:14,0
DA:17,0
DA:20,0
LF:10
LH:0
BRDA:13,0,0,0
BRDA:13,0,1,0
BRF:2
BRH:0
end_of_record
TN:
SF:middleware/security.js
FN:93,applySecurityMiddleware
FN:101,(anonymous_1)
FN:129,cspViolationReporter
FN:144,securityAuditMiddleware
FN:174,rateLimitSecurityHeaders
FN:177,(anonymous_5)
FNF:6
FNH:0
FNDA:0,applySecurityMiddleware
FNDA:0,(anonymous_1)
FNDA:0,cspViolationReporter
FNDA:0,securityAuditMiddleware
FNDA:0,rateLimitSecurityHeaders
FNDA:0,(anonymous_5)
DA:17,0
DA:18,0
DA:24,0
DA:81,0
DA:94,0
DA:95,0
DA:98,0
DA:101,0
DA:103,0
DA:104,0
DA:105,0
DA:108,0
DA:109,0
DA:110,0
DA:111,0
DA:112,0
DA:114,0
DA:117,0
DA:130,0
DA:131,0
DA:137,0
DA:145,0
DA:152,0
DA:154,0
DA:155,0
DA:156,0
DA:163,0
DA:167,0
DA:175,0
DA:177,0
DA:178,0
DA:179,0
DA:180,0
DA:182,0
DA:185,0
DA:188,0
LF:36
LH:0
BRDA:37,0,0,0
BRDA:37,0,1,0
BRDA:95,1,0,0
BRDA:95,1,1,0
BRDA:117,2,0,0
BRDA:117,2,1,0
BRDA:130,3,0,0
BRDA:130,3,1,0
BRDA:155,4,0,0
BRDA:155,4,1,0
BRDA:178,5,0,0
BRDA:178,5,1,0
BRF:12
BRH:0
end_of_record
TN:
SF:routes/admin.js
FN:12,(anonymous_0)
FN:30,(anonymous_1)
FNF:2
FNH:0
FNDA:0,(anonymous_0)
FNDA:0,(anonymous_1)
DA:6,0
DA:7,0
DA:8,0
DA:9,0
DA:12,0
DA:13,0
DA:14,0
DA:15,0
DA:17,0
DA:18,0
DA:24,0
DA:25,0
DA:30,0
DA:31,0
DA:32,0
DA:33,0
DA:35,0
DA:36,0
DA:40,0
LF:19
LH:0
BRF:0
BRH:0
end_of_record
TN:
SF:routes/aebf-index.js
FNF:0
FNH:0
DA:26,0
LF:1
LH:0
BRF:0
BRH:0
end_of_record
TN:
SF:routes/analytics.js
FN:17,(anonymous_0)
FN:82,(anonymous_1)
FN:127,(anonymous_2)
FN:140,(anonymous_3)
FN:162,(anonymous_4)
FN:199,(anonymous_5)
FN:236,(anonymous_6)
FNF:7
FNH:0
FNDA:0,(anonymous_0)
FNDA:0,(anonymous_1)
FNDA:0,(anonymous_2)
FNDA:0,(anonymous_3)
FNDA:0,(anonymous_4)
FNDA:0,(anonymous_5)
FNDA:0,(anonymous_6)
DA:6,0
DA:7,0
DA:8,0
DA:9,0
DA:10,0
DA:11,0
DA:12,0
DA:14,0
DA:17,0
DA:18,0
DA:19,0
DA:21,0
DA:22,0
DA:28,0
DA:30,0
DA:31,0
DA:32,0
DA:38,0
DA:39,0
DA:45,0
DA:46,0
DA:54,0
DA:59,0
DA:72,0
DA:73,0
DA:82,0
DA:83,0
DA:84,0
DA:86,0
DA:87,0
DA:93,0
DA:95,0
DA:97,0
DA:99,0
DA:104,0
DA:117,0
DA:118,0
DA:127,0
DA:128,0
DA:129,0
DA:130,0
DA:132,0
DA:139,0
DA:140,0
DA:142,0
DA:144,0
DA:150,0
DA:151,0
DA:157,0
DA:162,0
DA:163,0
DA:164,0
DA:166,0
DA:167,0
DA:173,0
DA:175,0
DA:177,0
DA:181,0
DA:183,0
DA:189,0
DA:190,0
DA:199,0
DA:200,0
DA:201,0
DA:203,0
DA:204,0
DA:210,0
DA:212,0
DA:214,0
DA:218,0
DA:220,0
DA:226,0
DA:227,0
DA:236,0
DA:237,0
DA:238,0
DA:240,0
DA:241,0
DA:247,0
DA:249,0
DA:251,0
DA:253,0
DA:255,0
DA:261,0
DA:262,0
DA:270,0
LF:86
LH:0
BRDA:19,0,0,0
BRDA:19,1,0,0
BRDA:19,2,0,0
BRDA:21,3,0,0
BRDA:21,3,1,0
BRDA:21,4,0,0
BRDA:21,4,1,0
BRDA:21,4,2,0
BRDA:31,5,0,0
BRDA:31,5,1,0
BRDA:31,6,0,0
BRDA:31,6,1,0
BRDA:31,6,2,0
BRDA:38,7,0,0
BRDA:38,7,1,0
BRDA:38,8,0,0
BRDA:38,8,1,0
BRDA:56,9,0,0
BRDA:56,9,1,0
BRDA:84,10,0,0
BRDA:84,11,0,0
BRDA:86,12,0,0
BRDA:86,12,1,0
BRDA:86,13,0,0
BRDA:86,13,1,0
BRDA:86,13,2,0
BRDA:86,13,3,0
BRDA:164,14,0,0
BRDA:164,15,0,0
BRDA:166,16,0,0
BRDA:166,16,1,0
BRDA:166,17,0,0
BRDA:166,17,1,0
BRDA:166,17,2,0
BRDA:166,17,3,0
BRDA:201,18,0,0
BRDA:201,19,0,0
BRDA:203,20,0,0
BRDA:203,20,1,0
BRDA:203,21,0,0
BRDA:203,21,1,0
BRDA:203,21,2,0
BRDA:203,21,3,0
BRDA:240,22,0,0
BRDA:240,22,1,0
BRDA:240,23,0,0
BRDA:240,23,1,0
BRF:47
BRH:0
end_of_record
TN:
SF:routes/auth.js
FN:124,(anonymous_0)
FN:193,(anonymous_1)
FN:245,(anonymous_2)
FN:298,(anonymous_3)
FN:346,(anonymous_4)
FN:380,(anonymous_5)
FN:416,(anonymous_6)
FN:435,(anonymous_7)
FN:449,(anonymous_8)
FN:464,(anonymous_9)
FN:481,(anonymous_10)
FN:502,(anonymous_11)
FN:517,(anonymous_12)
FN:531,(anonymous_13)
FNF:14
FNH:2
FNDA:4,(anonymous_0)
FNDA:0,(anonymous_1)
FNDA:0,(anonymous_2)
FNDA:0,(anonymous_3)
FNDA:0,(anonymous_4)
FNDA:2,(anonymous_5)
FNDA:0,(anonymous_6)
FNDA:0,(anonymous_7)
FNDA:0,(anonymous_8)
FNDA:0,(anonymous_9)
FNDA:0,(anonymous_10)
FNDA:0,(anonymous_11)
FNDA:0,(anonymous_12)
FNDA:0,(anonymous_13)
DA:1,1
DA:2,1
DA:3,1
DA:4,1
DA:5,1
DA:6,1
DA:124,1
DA:125,4
DA:126,4
DA:128,4
DA:129,1
DA:132,3
DA:133,3
DA:135,3
DA:138,2
DA:147,2
DA:154,1
DA:155,1
DA:193,1
DA:194,0
DA:195,0
DA:197,0
DA:198,0
DA:203,0
DA:212,0
DA:214,0
DA:215,0
DA:245,1
DA:246,0
DA:247,0
DA:250,0
DA:257,0
DA:259,0
DA:260,0
DA:298,1
DA:299,0
DA:300,0
DA:302,0
DA:303,0
DA:308,0
DA:310,0
DA:315,0
DA:316,0
DA:346,1
DA:347,0
DA:348,0
DA:349,0
DA:351,0
DA:352,0
DA:380,1
DA:381,2
DA:382,2
DA:384,2
DA:385,1
DA:391,1
DA:392,1
DA:394,0
DA:397,0
DA:404,0
DA:416,1
DA:417,0
DA:418,0
DA:420,0
DA:421,0
DA:424,0
DA:425,0
DA:427,0
DA:435,1
DA:436,0
DA:437,0
DA:438,0
DA:440,0
DA:441,0
DA:449,1
DA:450,0
DA:451,0
DA:452,0
DA:453,0
DA:455,0
DA:456,0
DA:464,1
DA:465,0
DA:466,0
DA:467,0
DA:469,0
DA:470,0
DA:472,0
DA:473,0
DA:481,1
DA:482,0
DA:483,0
DA:486,0
DA:487,0
DA:490,0
DA:491,0
DA:493,0
DA:494,0
DA:502,1
DA:503,0
DA:504,0
DA:505,0
DA:506,0
DA:508,0
DA:509,0
DA:517,1
DA:518,0
DA:519,0
DA:520,0
DA:522,0
DA:523,0
DA:531,1
DA:532,0
DA:533,0
DA:534,0
DA:535,0
DA:537,0
DA:538,0
DA:542,1
LF:118
LH:38
BRDA:128,0,0,1
BRDA:128,0,1,3
BRDA:128,1,0,4
BRDA:128,1,1,3
BRDA:132,2,0,3
BRDA:132,2,1,0
BRDA:197,3,0,0
BRDA:197,3,1,0
BRDA:197,4,0,0
BRDA:197,4,1,0
BRDA:197,4,2,0
BRDA:197,4,3,0
BRDA:208,5,0,0
BRDA:208,5,1,0
BRDA:209,6,0,0
BRDA:209,6,1,0
BRDA:302,7,0,0
BRDA:302,7,1,0
BRDA:302,8,0,0
BRDA:302,8,1,0
BRDA:384,9,0,1
BRDA:384,9,1,1
BRDA:420,10,0,0
BRDA:420,10,1,0
BRDA:486,11,0,0
BRDA:486,11,1,0
BRF:26
BRH:7
end_of_record
TN:
SF:routes/budget-draft.js
FN:16,extractDivisionCode
FN:24,getPoolForDivision
FN:33,getTableNames
FN:47,(anonymous_3)
FN:129,(anonymous_4)
FN:237,(anonymous_5)
FN:273,(anonymous_6)
FN:318,(anonymous_7)
FN:346,(anonymous_8)
FN:582,(anonymous_9)
FN:612,(anonymous_10)
FNF:11
FNH:0
FNDA:0,extractDivisionCode
FNDA:0,getPoolForDivision
FNDA:0,getTableNames
FNDA:0,(anonymous_3)
FNDA:0,(anonymous_4)
FNDA:0,(anonymous_5)
FNDA:0,(anonymous_6)
FNDA:0,(anonymous_7)
FNDA:0,(anonymous_8)
FNDA:0,(anonymous_9)
FNDA:0,(anonymous_10)
DA:6,0
DA:7,0
DA:8,0
DA:9,0
DA:10,0
DA:17,0
DA:18,0
DA:25,0
DA:26,0
DA:34,0
DA:35,0
DA:47,0
DA:48,0
DA:56,0
DA:57,0
DA:59,0
DA:60,0
DA:61,0
DA:67,0
DA:70,0
DA:71,0
DA:72,0
DA:73,0
DA:75,0
DA:76,0
DA:79,0
DA:87,0
DA:88,0
DA:89,0
DA:91,0
DA:92,0
DA:94,0
DA:96,0
DA:97,0
DA:98,0
DA:100,0
DA:101,0
DA:102,0
DA:103,0
DA:110,0
DA:112,0
DA:113,0
DA:114,0
DA:115,0
DA:116,0
DA:119,0
DA:120,0
DA:121,0
DA:122,0
DA:123,0
DA:125,0
DA:126,0
DA:128,0
DA:129,0
DA:130,0
DA:131,0
DA:132,0
DA:133,0
DA:135,0
DA:136,0
DA:137,0
DA:140,0
DA:141,0
DA:142,0
DA:145,0
DA:146,0
DA:147,0
DA:148,0
DA:150,0
DA:151,0
DA:152,0
DA:153,0
DA:156,0
DA:160,0
DA:161,0
DA:162,0
DA:165,0
DA:166,0
DA:177,0
DA:179,0
DA:180,0
DA:190,0
DA:192,0
DA:194,0
DA:203,0
DA:204,0
DA:207,0
DA:208,0
DA:209,0
DA:211,0
DA:215,0
DA:216,0
DA:217,0
DA:224,0
DA:237,0
DA:238,0
DA:239,0
DA:242,0
DA:243,0
DA:245,0
DA:253,0
DA:261,0
DA:262,0
DA:273,0
DA:274,0
DA:275,0
DA:277,0
DA:278,0
DA:280,0
DA:281,0
DA:282,0
DA:288,0
DA:291,0
DA:292,0
DA:294,0
DA:295,0
DA:298,0
DA:299,0
DA:302,0
DA:303,0
DA:306,0
DA:307,0
DA:311,0
DA:313,0
DA:314,0
DA:317,0
DA:318,0
DA:319,0
DA:326,0
DA:327,0
DA:330,0
DA:333,0
DA:334,0
DA:339,0
DA:341,0
DA:342,0
DA:345,0
DA:346,0
DA:347,0
DA:354,0
DA:355,0
DA:356,0
DA:357,0
DA:361,0
DA:362,0
DA:369,0
DA:371,0
DA:372,0
DA:373,0
DA:375,0
DA:382,0
DA:390,0
DA:392,0
DA:395,0
DA:396,0
DA:409,0
DA:410,0
DA:412,0
DA:413,0
DA:414,0
DA:415,0
DA:417,0
DA:421,0
DA:422,0
DA:423,0
DA:426,0
DA:427,0
DA:428,0
DA:432,0
DA:433,0
DA:442,0
DA:444,0
DA:445,0
DA:451,0
DA:455,0
DA:456,0
DA:465,0
DA:469,0
DA:470,0
DA:479,0
DA:482,0
DA:483,0
DA:488,0
DA:491,0
DA:492,0
DA:493,0
DA:495,0
DA:501,0
DA:503,0
DA:510,0
DA:524,0
DA:525,0
DA:526,0
DA:527,0
DA:531,0
DA:532,0
DA:544,0
DA:547,0
DA:548,0
DA:550,0
DA:551,0
DA:553,0
DA:554,0
DA:557,0
DA:568,0
DA:569,0
DA:570,0
DA:573,0
DA:582,0
DA:583,0
DA:584,0
DA:587,0
DA:588,0
DA:590,0
DA:597,0
DA:604,0
DA:605,0
DA:612,0
DA:613,0
DA:614,0
DA:615,0
DA:617,0
DA:620,0
DA:621,0
DA:624,0
DA:631,0
DA:633,0
DA:640,0
DA:642,0
DA:643,0
DA:645,0
DA:654,0
DA:655,0
DA:662,0
LF:234
LH:0
BRDA:17,0,0,0
BRDA:17,0,1,0
BRDA:52,1,0,0
BRDA:52,1,1,0
BRDA:53,2,0,0
BRDA:53,2,1,0
BRDA:59,3,0,0
BRDA:59,3,1,0
BRDA:59,4,0,0
BRDA:59,4,1,0
BRDA:59,4,2,0
BRDA:67,5,0,0
BRDA:67,5,1,0
BRDA:91,6,0,0
BRDA:91,6,1,0
BRDA:96,7,0,0
BRDA:96,7,1,0
BRDA:96,8,0,0
BRDA:96,8,1,0
BRDA:96,8,2,0
BRDA:101,9,0,0
BRDA:101,9,1,0
BRDA:110,10,0,0
BRDA:110,10,1,0
BRDA:113,11,0,0
BRDA:113,11,1,0
BRDA:123,12,0,0
BRDA:123,12,1,0
BRDA:130,13,0,0
BRDA:130,13,1,0
BRDA:130,14,0,0
BRDA:130,14,1,0
BRDA:130,14,2,0
BRDA:130,14,3,0
BRDA:145,15,0,0
BRDA:145,15,1,0
BRDA:145,16,0,0
BRDA:145,16,1,0
BRDA:145,16,2,0
BRDA:150,17,0,0
BRDA:150,17,1,0
BRDA:150,18,0,0
BRDA:150,18,1,0
BRDA:150,18,2,0
BRDA:160,19,0,0
BRDA:160,19,1,0
BRDA:257,20,0,0
BRDA:257,20,1,0
BRDA:280,21,0,0
BRDA:280,21,1,0
BRDA:280,22,0,0
BRDA:280,22,1,0
BRDA:280,22,2,0
BRDA:320,23,0,0
BRDA:320,23,1,0
BRDA:321,24,0,0
BRDA:321,24,1,0
BRDA:348,25,0,0
BRDA:348,25,1,0
BRDA:349,26,0,0
BRDA:349,26,1,0
BRDA:355,27,0,0
BRDA:355,27,1,0
BRDA:371,28,0,0
BRDA:371,28,1,0
BRDA:395,29,0,0
BRDA:395,29,1,0
BRDA:413,30,0,0
BRDA:413,30,1,0
BRDA:414,31,0,0
BRDA:414,31,1,0
BRDA:415,32,0,0
BRDA:415,32,1,0
BRDA:417,33,0,0
BRDA:417,33,1,0
BRDA:421,34,0,0
BRDA:421,34,1,0
BRDA:426,35,0,0
BRDA:426,35,1,0
BRDA:426,36,0,0
BRDA:426,36,1,0
BRDA:426,36,2,0
BRDA:455,37,0,0
BRDA:455,37,1,0
BRDA:469,38,0,0
BRDA:469,38,1,0
BRDA:491,39,0,0
BRDA:491,39,1,0
BRDA:520,40,0,0
BRDA:520,40,1,0
BRDA:544,41,0,0
BRDA:544,41,1,0
BRDA:547,42,0,0
BRDA:547,42,1,0
BRDA:550,43,0,0
BRDA:550,43,1,0
BRDA:553,44,0,0
BRDA:553,44,1,0
BRDA:569,45,0,0
BRDA:569,45,1,0
BRDA:569,46,0,0
BRDA:569,46,1,0
BRF:102
BRH:0
end_of_record
TN:
SF:routes/confirmedMerges.js
FN:15,readConfirmedMerges
FN:29,writeConfirmedMerges
FN:40,(anonymous_2)
FN:51,(anonymous_3)
FN:66,(anonymous_4)
FN:80,(anonymous_5)
FNF:6
FNH:0
FNDA:0,readConfirmedMerges
FNDA:0,writeConfirmedMerges
FNDA:0,(anonymous_2)
FNDA:0,(anonymous_3)
FNDA:0,(anonymous_4)
FNDA:0,(anonymous_5)
DA:6,0
DA:7,0
DA:8,0
DA:9,0
DA:10,0
DA:12,0
DA:16,0
DA:17,0
DA:18,0
DA:20,0
DA:21,0
DA:23,0
DA:24,0
DA:30,0
DA:31,0
DA:32,0
DA:34,0
DA:35,0
DA:40,0
DA:41,0
DA:42,0
DA:43,0
DA:45,0
DA:46,0
DA:51,0
DA:52,0
DA:53,0
DA:55,0
DA:56,0
DA:62,0
DA:63,0
DA:66,0
DA:67,0
DA:68,0
DA:69,0
DA:72,0
DA:74,0
DA:75,0
DA:80,0
DA:81,0
DA:82,0
DA:84,0
DA:85,0
DA:91,0
DA:92,0
DA:94,0
DA:96,0
DA:97,0
DA:101,0
LF:49
LH:0
BRDA:17,0,0,0
BRDA:17,0,1,0
BRDA:55,1,0,0
BRDA:55,1,1,0
BRDA:55,2,0,0
BRDA:55,2,1,0
BRDA:66,3,0,0
BRDA:66,3,1,0
BRDA:84,4,0,0
BRDA:84,4,1,0
BRF:10
BRH:0
end_of_record
TN:
SF:routes/dashboards.js
FN:16,loadSalesRepConfig
FN:29,isSalesRepGroup
FN:35,getGroupMembers
FN:42,(anonymous_3)
FN:118,(anonymous_4)
FNF:5
FNH:0
FNDA:0,loadSalesRepConfig
FNDA:0,isSalesRepGroup
FNDA:0,getGroupMembers
FNDA:0,(anonymous_3)
FNDA:0,(anonymous_4)
DA:6,0
DA:7,0
DA:8,0
DA:9,0
DA:10,0
DA:11,0
DA:13,0
DA:17,0
DA:18,0
DA:19,0
DA:20,0
DA:22,0
DA:24,0
DA:25,0
DA:30,0
DA:31,0
DA:32,0
DA:36,0
DA:37,0
DA:38,0
DA:42,0
DA:43,0
DA:44,0
DA:46,0
DA:47,0
DA:53,0
DA:57,0
DA:59,0
DA:60,0
DA:61,0
DA:62,0
DA:64,0
DA:68,0
DA:70,0
DA:71,0
DA:73,0
DA:74,0
DA:77,0
DA:78,0
DA:79,0
DA:83,0
DA:88,0
DA:92,0
DA:97,0
DA:108,0
DA:109,0
DA:118,0
DA:119,0
DA:120,0
DA:122,0
DA:123,0
DA:129,0
DA:133,0
DA:135,0
DA:136,0
DA:137,0
DA:138,0
DA:140,0
DA:144,0
DA:146,0
DA:147,0
DA:149,0
DA:150,0
DA:153,0
DA:154,0
DA:155,0
DA:159,0
DA:164,0
DA:168,0
DA:174,0
DA:175,0
DA:181,0
DA:192,0
DA:193,0
DA:201,0
LF:75
LH:0
BRDA:18,0,0,0
BRDA:18,0,1,0
BRDA:32,1,0,0
BRDA:32,1,1,0
BRDA:32,1,2,0
BRDA:38,2,0,0
BRDA:38,2,1,0
BRDA:44,3,0,0
BRDA:46,4,0,0
BRDA:46,4,1,0
BRDA:46,5,0,0
BRDA:46,5,1,0
BRDA:59,6,0,0
BRDA:59,6,1,0
BRDA:74,7,0,0
BRDA:77,8,0,0
BRDA:77,8,1,0
BRDA:120,9,0,0
BRDA:122,10,0,0
BRDA:122,10,1,0
BRDA:122,11,0,0
BRDA:122,11,1,0
BRDA:135,12,0,0
BRDA:135,12,1,0
BRDA:150,13,0,0
BRDA:153,14,0,0
BRDA:153,14,1,0
BRDA:174,15,0,0
BRDA:174,15,1,0
BRF:29
BRH:0
end_of_record
TN:
SF:routes/database.js
FN:16,(anonymous_0)
FN:29,(anonymous_1)
FN:47,(anonymous_2)
FN:60,(anonymous_3)
FN:81,(anonymous_4)
FN:94,(anonymous_5)
FN:107,(anonymous_6)
FN:126,(anonymous_7)
FN:146,(anonymous_8)
FN:165,(anonymous_9)
FN:186,(anonymous_10)
FN:206,(anonymous_11)
FN:231,(anonymous_12)
FN:250,(anonymous_13)
FN:269,(anonymous_14)
FN:288,(anonymous_15)
FNF:16
FNH:0
FNDA:0,(anonymous_0)
FNDA:0,(anonymous_1)
FNDA:0,(anonymous_2)
FNDA:0,(anonymous_3)
FNDA:0,(anonymous_4)
FNDA:0,(anonymous_5)
FNDA:0,(anonymous_6)
FNDA:0,(anonymous_7)
FNDA:0,(anonymous_8)
FNDA:0,(anonymous_9)
FNDA:0,(anonymous_10)
FNDA:0,(anonymous_11)
FNDA:0,(anonymous_12)
FNDA:0,(anonymous_13)
FNDA:0,(anonymous_14)
FNDA:0,(anonymous_15)
DA:6,0
DA:7,0
DA:8,0
DA:9,0
DA:10,0
DA:11,0
DA:12,0
DA:13,0
DA:16,0
DA:17,0
DA:18,0
DA:19,0
DA:20,0
DA:21,0
DA:23,0
DA:24,0
DA:29,0
DA:30,0
DA:31,0
DA:32,0
DA:33,0
DA:35,0
DA:39,0
DA:41,0
DA:42,0
DA:47,0
DA:48,0
DA:49,0
DA:50,0
DA:51,0
DA:52,0
DA:54,0
DA:55,0
DA:60,0
DA:61,0
DA:62,0
DA:63,0
DA:64,0
DA:66,0
DA:73,0
DA:75,0
DA:76,0
DA:81,0
DA:82,0
DA:83,0
DA:84,0
DA:85,0
DA:86,0
DA:88,0
DA:89,0
DA:94,0
DA:95,0
DA:96,0
DA:97,0
DA:98,0
DA:99,0
DA:101,0
DA:102,0
DA:107,0
DA:108,0
DA:109,0
DA:110,0
DA:111,0
DA:113,0
DA:118,0
DA:120,0
DA:121,0
DA:126,0
DA:127,0
DA:128,0
DA:129,0
DA:130,0
DA:132,0
DA:138,0
DA:140,0
DA:141,0
DA:146,0
DA:147,0
DA:148,0
DA:149,0
DA:150,0
DA:152,0
DA:157,0
DA:159,0
DA:160,0
DA:165,0
DA:166,0
DA:167,0
DA:168,0
DA:169,0
DA:171,0
DA:178,0
DA:180,0
DA:181,0
DA:186,0
DA:187,0
DA:188,0
DA:189,0
DA:190,0
DA:192,0
DA:198,0
DA:200,0
DA:201,0
DA:206,0
DA:207,0
DA:208,0
DA:209,0
DA:210,0
DA:212,0
DA:213,0
DA:216,0
DA:217,0
DA:218,0
DA:221,0
DA:223,0
DA:225,0
DA:226,0
DA:231,0
DA:232,0
DA:233,0
DA:234,0
DA:235,0
DA:237,0
DA:242,0
DA:244,0
DA:245,0
DA:250,0
DA:251,0
DA:252,0
DA:253,0
DA:254,0
DA:256,0
DA:261,0
DA:263,0
DA:264,0
DA:269,0
DA:270,0
DA:271,0
DA:272,0
DA:273,0
DA:275,0
DA:280,0
DA:282,0
DA:283,0
DA:288,0
DA:289,0
DA:290,0
DA:291,0
DA:292,0
DA:294,0
DA:299,0
DA:301,0
DA:302,0
DA:306,0
LF:154
LH:0
BRDA:216,0,0,0
BRDA:216,0,1,0
BRF:2
BRH:0
end_of_record
TN:
SF:routes/divisionMergeRules.js
FN:18,extractDivisionCode
FN:26,getPoolForDivision
FN:34,getTableNames
FN:52,(anonymous_3)
FN:89,(anonymous_4)
FN:148,(anonymous_5)
FN:185,(anonymous_6)
FN:274,(anonymous_7)
FN:320,(anonymous_8)
FN:436,(anonymous_9)
FN:456,(anonymous_10)
FN:559,(anonymous_11)
FN:617,(anonymous_12)
FN:669,(anonymous_13)
FN:710,(anonymous_14)
FN:745,(anonymous_15)
FN:809,(anonymous_16)
FN:898,(anonymous_17)
FN:942,(anonymous_18)
FN:966,(anonymous_19)
FN:967,(anonymous_20)
FN:968,(anonymous_21)
FN:985,(anonymous_22)
FN:1043,(anonymous_23)
FNF:24
FNH:0
FNDA:0,extractDivisionCode
FNDA:0,getPoolForDivision
FNDA:0,getTableNames
FNDA:0,(anonymous_3)
FNDA:0,(anonymous_4)
FNDA:0,(anonymous_5)
FNDA:0,(anonymous_6)
FNDA:0,(anonymous_7)
FNDA:0,(anonymous_8)
FNDA:0,(anonymous_9)
FNDA:0,(anonymous_10)
FNDA:0,(anonymous_11)
FNDA:0,(anonymous_12)
FNDA:0,(anonymous_13)
FNDA:0,(anonymous_14)
FNDA:0,(anonymous_15)
FNDA:0,(anonymous_16)
FNDA:0,(anonymous_17)
FNDA:0,(anonymous_18)
FNDA:0,(anonymous_19)
FNDA:0,(anonymous_20)
FNDA:0,(anonymous_21)
FNDA:0,(anonymous_22)
FNDA:0,(anonymous_23)
DA:7,0
DA:8,0
DA:9,0
DA:10,0
DA:11,0
DA:12,0
DA:19,0
DA:20,0
DA:27,0
DA:28,0
DA:35,0
DA:36,0
DA:52,0
DA:53,0
DA:54,0
DA:56,0
DA:57,0
DA:63,0
DA:65,0
DA:70,0
DA:77,0
DA:78,0
DA:89,0
DA:90,0
DA:91,0
DA:93,0
DA:94,0
DA:101,0
DA:102,0
DA:104,0
DA:119,0
DA:121,0
DA:122,0
DA:123,0
DA:126,0
DA:128,0
DA:130,0
DA:136,0
DA:137,0
DA:148,0
DA:149,0
DA:150,0
DA:151,0
DA:153,0
DA:154,0
DA:160,0
DA:161,0
DA:162,0
DA:164,0
DA:165,0
DA:168,0
DA:173,0
DA:174,0
DA:175,0
DA:181,0
DA:185,0
DA:186,0
DA:187,0
DA:188,0
DA:190,0
DA:191,0
DA:192,0
DA:198,0
DA:201,0
DA:227,0
DA:230,0
DA:241,0
DA:243,0
DA:245,0
DA:252,0
DA:253,0
DA:254,0
DA:259,0
DA:262,0
DA:263,0
DA:274,0
DA:275,0
DA:276,0
DA:277,0
DA:279,0
DA:280,0
DA:286,0
DA:287,0
DA:289,0
DA:300,0
DA:302,0
DA:308,0
DA:309,0
DA:320,0
DA:321,0
DA:322,0
DA:324,0
DA:325,0
DA:331,0
DA:332,0
DA:333,0
DA:335,0
DA:336,0
DA:339,0
DA:344,0
DA:345,0
DA:346,0
DA:352,0
DA:355,0
DA:360,0
DA:361,0
DA:362,0
DA:369,0
DA:395,0
DA:398,0
DA:410,0
DA:412,0
DA:414,0
DA:421,0
DA:422,0
DA:423,0
DA:428,0
DA:436,0
DA:437,0
DA:438,0
DA:440,0
DA:441,0
DA:447,0
DA:448,0
DA:455,0
DA:456,0
DA:457,0
DA:458,0
DA:459,0
DA:460,0
DA:461,0
DA:462,0
DA:466,0
DA:468,0
DA:469,0
DA:475,0
DA:477,0
DA:478,0
DA:485,0
DA:486,0
DA:489,0
DA:500,0
DA:501,0
DA:508,0
DA:537,0
DA:543,0
DA:544,0
DA:559,0
DA:560,0
DA:561,0
DA:563,0
DA:564,0
DA:570,0
DA:571,0
DA:573,0
DA:599,0
DA:605,0
DA:606,0
DA:617,0
DA:618,0
DA:619,0
DA:621,0
DA:622,0
DA:628,0
DA:629,0
DA:631,0
DA:651,0
DA:657,0
DA:658,0
DA:669,0
DA:670,0
DA:671,0
DA:672,0
DA:674,0
DA:675,0
DA:681,0
DA:682,0
DA:685,0
DA:690,0
DA:691,0
DA:697,0
DA:698,0
DA:700,0
DA:701,0
DA:707,0
DA:710,0
DA:711,0
DA:714,0
DA:725,0
DA:727,0
DA:733,0
DA:734,0
DA:745,0
DA:746,0
DA:747,0
DA:749,0
DA:750,0
DA:756,0
DA:757,0
DA:759,0
DA:780,0
DA:782,0
DA:789,0
DA:791,0
DA:792,0
DA:798,0
DA:809,0
DA:810,0
DA:811,0
DA:813,0
DA:814,0
DA:820,0
DA:821,0
DA:822,0
DA:824,0
DA:825,0
DA:828,0
DA:833,0
DA:834,0
DA:835,0
DA:841,0
DA:842,0
DA:845,0
DA:846,0
DA:851,0
DA:852,0
DA:853,0
DA:861,0
DA:873,0
DA:875,0
DA:877,0
DA:883,0
DA:884,0
DA:885,0
DA:890,0
DA:898,0
DA:899,0
DA:900,0
DA:901,0
DA:903,0
DA:904,0
DA:910,0
DA:911,0
DA:913,0
DA:918,0
DA:920,0
DA:926,0
DA:927,0
DA:942,0
DA:943,0
DA:944,0
DA:946,0
DA:947,0
DA:953,0
DA:956,0
DA:959,0
DA:961,0
DA:966,0
DA:967,0
DA:968,0
DA:973,0
DA:974,0
DA:985,0
DA:986,0
DA:987,0
DA:989,0
DA:990,0
DA:996,0
DA:997,0
DA:999,0
DA:1009,0
DA:1018,0
DA:1027,0
DA:1028,0
DA:1043,0
DA:1044,0
DA:1045,0
DA:1047,0
DA:1048,0
DA:1054,0
DA:1056,0
DA:1063,0
DA:1064,0
DA:1071,0
LF:284
LH:0
BRDA:19,0,0,0
BRDA:19,0,1,0
BRDA:56,1,0,0
BRDA:56,1,1,0
BRDA:66,2,0,0
BRDA:66,2,1,0
BRDA:67,3,0,0
BRDA:67,3,1,0
BRDA:93,4,0,0
BRDA:93,4,1,0
BRDA:121,5,0,0
BRDA:121,5,1,0
BRDA:153,6,0,0
BRDA:153,6,1,0
BRDA:173,7,0,0
BRDA:173,7,1,0
BRDA:187,8,0,0
BRDA:187,8,1,0
BRDA:190,9,0,0
BRDA:190,9,1,0
BRDA:223,10,0,0
BRDA:223,10,1,0
BRDA:239,11,0,0
BRDA:239,11,1,0
BRDA:279,12,0,0
BRDA:279,12,1,0
BRDA:298,13,0,0
BRDA:298,13,1,0
BRDA:298,14,0,0
BRDA:298,14,1,0
BRDA:324,15,0,0
BRDA:324,15,1,0
BRDA:344,16,0,0
BRDA:344,16,1,0
BRDA:360,17,0,0
BRDA:360,17,1,0
BRDA:391,18,0,0
BRDA:391,18,1,0
BRDA:408,19,0,0
BRDA:408,19,1,0
BRDA:440,20,0,0
BRDA:440,20,1,0
BRDA:447,21,0,0
BRDA:447,21,1,0
BRDA:447,22,0,0
BRDA:447,22,1,0
BRDA:457,23,0,0
BRDA:457,23,1,0
BRDA:459,24,0,0
BRDA:459,24,1,0
BRDA:461,25,0,0
BRDA:461,25,1,0
BRDA:468,26,0,0
BRDA:468,26,1,0
BRDA:475,27,0,0
BRDA:475,27,1,0
BRDA:475,27,2,0
BRDA:477,28,0,0
BRDA:477,28,1,0
BRDA:500,29,0,0
BRDA:500,29,1,0
BRDA:530,30,0,0
BRDA:530,30,1,0
BRDA:533,31,0,0
BRDA:533,31,1,0
BRDA:546,32,0,0
BRDA:546,32,1,0
BRDA:563,33,0,0
BRDA:563,33,1,0
BRDA:621,34,0,0
BRDA:621,34,1,0
BRDA:674,35,0,0
BRDA:674,35,1,0
BRDA:690,36,0,0
BRDA:690,36,1,0
BRDA:700,37,0,0
BRDA:700,37,1,0
BRDA:700,38,0,0
BRDA:700,38,1,0
BRDA:700,38,2,0
BRDA:711,39,0,0
BRDA:711,39,1,0
BRDA:749,40,0,0
BRDA:749,40,1,0
BRDA:749,41,0,0
BRDA:749,41,1,0
BRDA:749,41,2,0
BRDA:749,41,3,0
BRDA:776,42,0,0
BRDA:776,42,1,0
BRDA:791,43,0,0
BRDA:791,43,1,0
BRDA:813,44,0,0
BRDA:813,44,1,0
BRDA:833,45,0,0
BRDA:833,45,1,0
BRDA:845,46,0,0
BRDA:845,46,1,0
BRDA:851,47,0,0
BRDA:851,47,1,0
BRDA:875,48,0,0
BRDA:875,48,1,0
BRDA:903,49,0,0
BRDA:903,49,1,0
BRDA:946,50,0,0
BRDA:946,50,1,0
BRDA:989,51,0,0
BRDA:989,51,1,0
BRDA:1047,52,0,0
BRDA:1047,52,1,0
BRF:110
BRH:0
end_of_record
TN:
SF:routes/excel.js
FN:12,(anonymous_0)
FN:17,(anonymous_1)
FN:26,(anonymous_2)
FN:32,(anonymous_3)
FN:37,(anonymous_4)
FN:40,(anonymous_5)
FNF:6
FNH:0
FNDA:0,(anonymous_0)
FNDA:0,(anonymous_1)
FNDA:0,(anonymous_2)
FNDA:0,(anonymous_3)
FNDA:0,(anonymous_4)
FNDA:0,(anonymous_5)
DA:6,0
DA:7,0
DA:8,0
DA:9,0
DA:12,0
DA:13,0
DA:14,0
DA:16,0
DA:17,0
DA:18,0
DA:19,0
DA:20,0
DA:26,0
DA:27,0
DA:28,0
DA:32,0
DA:33,0
DA:37,0
DA:38,0
DA:40,0
DA:41,0
DA:42,0
DA:43,0
DA:48,0
LF:24
LH:0
BRDA:18,0,0,0
BRDA:18,0,1,0
BRDA:41,1,0,0
BRDA:41,1,1,0
BRF:4
BRH:0
end_of_record
TN:
SF:routes/fp.js
FN:13,(anonymous_0)
FN:24,(anonymous_1)
FN:35,(anonymous_2)
FN:46,(anonymous_3)
FN:57,(anonymous_4)
FN:69,(anonymous_5)
FN:81,(anonymous_6)
FN:100,(anonymous_7)
FN:111,(anonymous_8)
FN:130,(anonymous_9)
FN:143,(anonymous_10)
FN:154,(anonymous_11)
FN:165,(anonymous_12)
FN:176,(anonymous_13)
FN:187,(anonymous_14)
FN:198,(anonymous_15)
FN:209,(anonymous_16)
FN:220,(anonymous_17)
FN:231,(anonymous_18)
FN:243,(anonymous_19)
FN:254,(anonymous_20)
FNF:21
FNH:0
FNDA:0,(anonymous_0)
FNDA:0,(anonymous_1)
FNDA:0,(anonymous_2)
FNDA:0,(anonymous_3)
FNDA:0,(anonymous_4)
FNDA:0,(anonymous_5)
FNDA:0,(anonymous_6)
FNDA:0,(anonymous_7)
FNDA:0,(anonymous_8)
FNDA:0,(anonymous_9)
FNDA:0,(anonymous_10)
FNDA:0,(anonymous_11)
FNDA:0,(anonymous_12)
FNDA:0,(anonymous_13)
FNDA:0,(anonymous_14)
FNDA:0,(anonymous_15)
FNDA:0,(anonymous_16)
FNDA:0,(anonymous_17)
FNDA:0,(anonymous_18)
FNDA:0,(anonymous_19)
FNDA:0,(anonymous_20)
DA:6,0
DA:7,0
DA:8,0
DA:9,0
DA:10,0
DA:13,0
DA:14,0
DA:15,0
DA:16,0
DA:18,0
DA:19,0
DA:24,0
DA:25,0
DA:26,0
DA:27,0
DA:29,0
DA:30,0
DA:35,0
DA:36,0
DA:37,0
DA:38,0
DA:40,0
DA:41,0
DA:46,0
DA:47,0
DA:48,0
DA:49,0
DA:51,0
DA:52,0
DA:57,0
DA:58,0
DA:59,0
DA:60,0
DA:61,0
DA:63,0
DA:64,0
DA:69,0
DA:70,0
DA:71,0
DA:72,0
DA:73,0
DA:75,0
DA:76,0
DA:81,0
DA:82,0
DA:83,0
DA:85,0
DA:86,0
DA:89,0
DA:90,0
DA:92,0
DA:94,0
DA:95,0
DA:100,0
DA:101,0
DA:102,0
DA:103,0
DA:105,0
DA:106,0
DA:111,0
DA:112,0
DA:113,0
DA:115,0
DA:116,0
DA:119,0
DA:120,0
DA:122,0
DA:124,0
DA:125,0
DA:130,0
DA:131,0
DA:132,0
DA:133,0
DA:135,0
DA:137,0
DA:138,0
DA:143,0
DA:144,0
DA:145,0
DA:146,0
DA:148,0
DA:149,0
DA:154,0
DA:155,0
DA:156,0
DA:157,0
DA:159,0
DA:160,0
DA:165,0
DA:166,0
DA:167,0
DA:168,0
DA:170,0
DA:171,0
DA:176,0
DA:177,0
DA:178,0
DA:179,0
DA:181,0
DA:182,0
DA:187,0
DA:188,0
DA:189,0
DA:190,0
DA:192,0
DA:193,0
DA:198,0
DA:199,0
DA:200,0
DA:201,0
DA:203,0
DA:204,0
DA:209,0
DA:210,0
DA:211,0
DA:212,0
DA:214,0
DA:215,0
DA:220,0
DA:221,0
DA:222,0
DA:223,0
DA:225,0
DA:226,0
DA:231,0
DA:232,0
DA:233,0
DA:234,0
DA:235,0
DA:237,0
DA:238,0
DA:243,0
DA:244,0
DA:245,0
DA:246,0
DA:248,0
DA:249,0
DA:254,0
DA:255,0
DA:256,0
DA:257,0
DA:259,0
DA:260,0
DA:264,0
LF:144
LH:0
BRDA:85,0,0,0
BRDA:85,0,1,0
BRDA:85,1,0,0
BRDA:85,1,1,0
BRDA:115,2,0,0
BRDA:115,2,1,0
BRF:6
BRH:0
end_of_record
TN:
SF:routes/fpPerformance.js
FN:18,loadSalesRepConfig
FN:32,(anonymous_1)
FN:71,(anonymous_2)
FN:110,(anonymous_3)
FN:130,(anonymous_4)
FN:169,(anonymous_5)
FN:222,(anonymous_6)
FNF:7
FNH:0
FNDA:0,loadSalesRepConfig
FNDA:0,(anonymous_1)
FNDA:0,(anonymous_2)
FNDA:0,(anonymous_3)
FNDA:0,(anonymous_4)
FNDA:0,(anonymous_5)
FNDA:0,(anonymous_6)
DA:6,0
DA:7,0
DA:8,0
DA:9,0
DA:10,0
DA:11,0
DA:12,0
DA:13,0
DA:15,0
DA:19,0
DA:20,0
DA:21,0
DA:22,0
DA:24,0
DA:26,0
DA:27,0
DA:32,0
DA:33,0
DA:34,0
DA:36,0
DA:37,0
DA:43,0
DA:45,0
DA:46,0
DA:50,0
DA:51,0
DA:52,0
DA:54,0
DA:57,0
DA:59,0
DA:65,0
DA:66,0
DA:71,0
DA:72,0
DA:73,0
DA:75,0
DA:76,0
DA:82,0
DA:84,0
DA:85,0
DA:89,0
DA:90,0
DA:91,0
DA:93,0
DA:96,0
DA:98,0
DA:104,0
DA:105,0
DA:110,0
DA:111,0
DA:112,0
DA:114,0
DA:116,0
DA:118,0
DA:124,0
DA:125,0
DA:130,0
DA:131,0
DA:132,0
DA:134,0
DA:135,0
DA:141,0
DA:143,0
DA:144,0
DA:148,0
DA:149,0
DA:150,0
DA:152,0
DA:155,0
DA:157,0
DA:163,0
DA:164,0
DA:169,0
DA:170,0
DA:171,0
DA:174,0
DA:175,0
DA:181,0
DA:182,0
DA:188,0
DA:190,0
DA:195,0
DA:201,0
DA:212,0
DA:213,0
DA:222,0
DA:223,0
DA:224,0
DA:226,0
DA:227,0
DA:233,0
DA:235,0
DA:237,0
DA:239,0
DA:245,0
DA:246,0
DA:250,0
LF:97
LH:0
BRDA:20,0,0,0
BRDA:20,0,1,0
BRDA:36,1,0,0
BRDA:36,1,1,0
BRDA:36,2,0,0
BRDA:36,2,1,0
BRDA:36,2,2,0
BRDA:46,3,0,0
BRDA:46,3,1,0
BRDA:50,4,0,0
BRDA:50,4,1,0
BRDA:50,5,0,0
BRDA:50,5,1,0
BRDA:73,6,0,0
BRDA:75,7,0,0
BRDA:75,7,1,0
BRDA:75,8,0,0
BRDA:75,8,1,0
BRDA:75,8,2,0
BRDA:75,8,3,0
BRDA:75,8,4,0
BRDA:85,9,0,0
BRDA:85,9,1,0
BRDA:89,10,0,0
BRDA:89,10,1,0
BRDA:89,11,0,0
BRDA:89,11,1,0
BRDA:134,12,0,0
BRDA:134,12,1,0
BRDA:144,13,0,0
BRDA:144,13,1,0
BRDA:148,14,0,0
BRDA:148,14,1,0
BRDA:148,15,0,0
BRDA:148,15,1,0
BRDA:174,16,0,0
BRDA:174,16,1,0
BRDA:174,17,0,0
BRDA:174,17,1,0
BRDA:174,17,2,0
BRDA:174,17,3,0
BRDA:181,18,0,0
BRDA:181,18,1,0
BRDA:181,19,0,0
BRDA:181,19,1,0
BRDA:206,20,0,0
BRDA:206,20,1,0
BRDA:226,21,0,0
BRDA:226,21,1,0
BRF:49
BRH:0
end_of_record
TN:
SF:routes/globalConfig.js
FN:14,(anonymous_0)
FN:25,(anonymous_1)
FN:44,(anonymous_2)
FN:61,(anonymous_3)
FNF:4
FNH:0
FNDA:0,(anonymous_0)
FNDA:0,(anonymous_1)
FNDA:0,(anonymous_2)
FNDA:0,(anonymous_3)
DA:6,0
DA:7,0
DA:8,0
DA:9,0
DA:11,0
DA:14,0
DA:15,0
DA:16,0
DA:17,0
DA:19,0
DA:20,0
DA:25,0
DA:26,0
DA:27,0
DA:29,0
DA:30,0
DA:33,0
DA:34,0
DA:36,0
DA:38,0
DA:39,0
DA:44,0
DA:45,0
DA:46,0
DA:47,0
DA:49,0
DA:50,0
DA:53,0
DA:55,0
DA:56,0
DA:61,0
DA:62,0
DA:63,0
DA:64,0
DA:65,0
DA:67,0
DA:69,0
DA:70,0
DA:74,0
LF:39
LH:0
BRDA:29,0,0,0
BRDA:29,0,1,0
BRDA:49,1,0,0
BRDA:49,1,1,0
BRF:4
BRH:0
end_of_record
TN:
SF:routes/hc.js
FN:13,(anonymous_0)
FN:24,(anonymous_1)
FN:35,(anonymous_2)
FN:47,(anonymous_3)
FN:59,(anonymous_4)
FN:78,(anonymous_5)
FN:89,(anonymous_6)
FN:108,(anonymous_7)
FNF:8
FNH:0
FNDA:0,(anonymous_0)
FNDA:0,(anonymous_1)
FNDA:0,(anonymous_2)
FNDA:0,(anonymous_3)
FNDA:0,(anonymous_4)
FNDA:0,(anonymous_5)
FNDA:0,(anonymous_6)
FNDA:0,(anonymous_7)
DA:6,0
DA:7,0
DA:8,0
DA:9,0
DA:10,0
DA:13,0
DA:14,0
DA:15,0
DA:16,0
DA:18,0
DA:19,0
DA:24,0
DA:25,0
DA:26,0
DA:27,0
DA:29,0
DA:30,0
DA:35,0
DA:36,0
DA:37,0
DA:38,0
DA:39,0
DA:41,0
DA:42,0
DA:47,0
DA:48,0
DA:49,0
DA:50,0
DA:51,0
DA:53,0
DA:54,0
DA:59,0
DA:60,0
DA:61,0
DA:63,0
DA:64,0
DA:67,0
DA:68,0
DA:70,0
DA:72,0
DA:73,0
DA:78,0
DA:79,0
DA:80,0
DA:81,0
DA:83,0
DA:84,0
DA:89,0
DA:90,0
DA:91,0
DA:93,0
DA:94,0
DA:97,0
DA:98,0
DA:100,0
DA:102,0
DA:103,0
DA:108,0
DA:109,0
DA:110,0
DA:111,0
DA:113,0
DA:115,0
DA:116,0
DA:120,0
LF:65
LH:0
BRDA:63,0,0,0
BRDA:63,0,1,0
BRDA:63,1,0,0
BRDA:63,1,1,0
BRDA:93,2,0,0
BRDA:93,2,1,0
BRF:6
BRH:0
end_of_record
TN:
SF:routes/masterData.js
FN:15,loadMasterData
FN:29,saveMasterData
FN:41,getDefaultMasterData
FN:65,(anonymous_3)
FN:76,(anonymous_4)
FN:97,(anonymous_5)
FN:109,(anonymous_6)
FNF:7
FNH:0
FNDA:0,loadMasterData
FNDA:0,saveMasterData
FNDA:0,getDefaultMasterData
FNDA:0,(anonymous_3)
FNDA:0,(anonymous_4)
FNDA:0,(anonymous_5)
FNDA:0,(anonymous_6)
DA:6,0
DA:7,0
DA:8,0
DA:9,0
DA:10,0
DA:12,0
DA:16,0
DA:17,0
DA:18,0
DA:19,0
DA:21,0
DA:23,0
DA:24,0
DA:30,0
DA:31,0
DA:32,0
DA:33,0
DA:35,0
DA:36,0
DA:42,0
DA:65,0
DA:66,0
DA:67,0
DA:68,0
DA:70,0
DA:71,0
DA:76,0
DA:77,0
DA:78,0
DA:79,0
DA:80,0
DA:83,0
DA:85,0
DA:86,0
DA:88,0
DA:91,0
DA:92,0
DA:97,0
DA:98,0
DA:99,0
DA:100,0
DA:102,0
DA:103,0
DA:106,0
DA:107,0
DA:109,0
DA:110,0
DA:111,0
DA:114,0
DA:115,0
DA:116,0
DA:118,0
DA:121,0
DA:127,0
DA:131,0
DA:134,0
DA:135,0
DA:139,0
LF:58
LH:0
BRDA:17,0,0,0
BRDA:17,0,1,0
BRDA:79,1,0,0
BRDA:79,1,1,0
BRDA:85,2,0,0
BRDA:85,2,1,0
BRDA:102,3,0,0
BRDA:102,3,1,0
BRDA:114,4,0,0
BRDA:114,4,1,0
BRF:10
BRH:0
end_of_record
TN:
SF:routes/metrics.js
FN:49,(anonymous_0)
FN:148,(anonymous_1)
FN:195,(anonymous_2)
FNF:3
FNH:0
FNDA:0,(anonymous_0)
FNDA:0,(anonymous_1)
FNDA:0,(anonymous_2)
DA:10,0
DA:11,0
DA:15,0
DA:16,0
DA:18,0
DA:23,0
DA:24,0
DA:26,0
DA:49,0
DA:50,0
DA:51,0
DA:54,0
DA:55,0
DA:58,0
DA:59,0
DA:61,0
DA:88,0
DA:89,0
DA:90,0
DA:91,0
DA:105,0
DA:113,0
DA:114,0
DA:116,0
DA:117,0
DA:148,0
DA:149,0
DA:159,0
DA:160,0
DA:161,0
DA:163,0
DA:164,0
DA:169,0
DA:170,0
DA:171,0
DA:172,0
DA:173,0
DA:176,0
DA:195,0
DA:196,0
DA:197,0
DA:217,0
DA:218,0
DA:222,0
DA:223,0
DA:224,0
DA:226,0
DA:230,0
DA:232,0
DA:236,0
LF:50
LH:0
BRDA:54,0,0,0
BRDA:54,0,1,0
BRDA:54,1,0,0
BRDA:54,1,1,0
BRDA:88,2,0,0
BRDA:88,2,1,0
BRDA:88,3,0,0
BRDA:88,3,1,0
BRDA:94,4,0,0
BRDA:94,4,1,0
BRDA:98,5,0,0
BRDA:98,5,1,0
BRDA:102,6,0,0
BRDA:102,6,1,0
BRDA:155,7,0,0
BRDA:155,7,1,0
BRDA:159,8,0,0
BRDA:159,8,1,0
BRDA:159,9,0,0
BRDA:159,9,1,0
BRDA:170,10,0,0
BRDA:170,10,1,0
BRDA:172,11,0,0
BRDA:172,11,1,0
BRDA:217,12,0,0
BRDA:217,12,1,0
BRDA:217,13,0,0
BRDA:217,13,1,0
BRDA:222,14,0,0
BRDA:222,14,1,0
BRDA:222,15,0,0
BRDA:222,15,1,0
BRF:32
BRH:0
end_of_record
TN:
SF:routes/monitoring.js
FN:134,(anonymous_0)
FN:158,(anonymous_1)
FNF:2
FNH:0
FNDA:0,(anonymous_0)
FNDA:0,(anonymous_1)
DA:17,1
DA:18,1
DA:25,1
DA:26,1
DA:27,1
DA:45,1
DA:67,1
DA:85,1
DA:101,1
DA:115,1
DA:134,1
DA:135,0
DA:136,0
DA:137,0
DA:142,0
DA:143,0
DA:158,1
DA:159,0
DA:160,0
DA:161,0
DA:167,0
DA:169,0
DA:175,0
DA:176,0
DA:183,1
LF:25
LH:13
BRDA:162,0,0,0
BRDA:162,0,1,0
BRDA:163,1,0,0
BRDA:163,1,1,0
BRDA:164,2,0,0
BRDA:164,2,1,0
BRF:6
BRH:0
end_of_record
TN:
SF:routes/productGroups.js
FN:12,(anonymous_0)
FN:37,(anonymous_1)
FN:45,(anonymous_2)
FN:53,(anonymous_3)
FN:72,(anonymous_4)
FNF:5
FNH:0
FNDA:0,(anonymous_0)
FNDA:0,(anonymous_1)
FNDA:0,(anonymous_2)
FNDA:0,(anonymous_3)
FNDA:0,(anonymous_4)
DA:6,0
DA:7,0
DA:8,0
DA:9,0
DA:12,0
DA:13,0
DA:14,0
DA:16,0
DA:17,0
DA:24,0
DA:25,0
DA:27,0
DA:30,0
DA:32,0
DA:33,0
DA:34,0
DA:36,0
DA:37,0
DA:45,0
DA:53,0
DA:63,0
DA:66,0
DA:67,0
DA:72,0
DA:73,0
DA:74,0
DA:75,0
DA:76,0
DA:78,0
DA:88,0
DA:89,0
DA:93,0
LF:32
LH:0
BRDA:16,0,0,0
BRDA:16,0,1,0
BRDA:16,1,0,0
BRDA:16,1,1,0
BRDA:16,1,2,0
BRDA:40,2,0,0
BRDA:40,2,1,0
BRDA:41,3,0,0
BRDA:41,3,1,0
BRDA:42,4,0,0
BRDA:42,4,1,0
BRDA:48,5,0,0
BRDA:48,5,1,0
BRDA:49,6,0,0
BRDA:49,6,1,0
BRDA:50,7,0,0
BRDA:50,7,1,0
BRDA:56,8,0,0
BRDA:56,8,1,0
BRDA:57,9,0,0
BRDA:57,9,1,0
BRDA:58,10,0,0
BRDA:58,10,1,0
BRF:23
BRH:0
end_of_record
TN:
SF:routes/salesData.js
FN:18,loadSalesRepConfig
FN:31,isSalesRepGroup
FN:37,getGroupMembers
FN:44,(anonymous_3)
FN:56,(anonymous_4)
FN:87,(anonymous_5)
FN:133,(anonymous_6)
FN:149,(anonymous_7)
FN:163,(anonymous_8)
FN:186,(anonymous_9)
FN:263,(anonymous_10)
FN:286,(anonymous_11)
FN:337,(anonymous_12)
FNF:13
FNH:0
FNDA:0,loadSalesRepConfig
FNDA:0,isSalesRepGroup
FNDA:0,getGroupMembers
FNDA:0,(anonymous_3)
FNDA:0,(anonymous_4)
FNDA:0,(anonymous_5)
FNDA:0,(anonymous_6)
FNDA:0,(anonymous_7)
FNDA:0,(anonymous_8)
FNDA:0,(anonymous_9)
FNDA:0,(anonymous_10)
FNDA:0,(anonymous_11)
FNDA:0,(anonymous_12)
DA:6,0
DA:7,0
DA:8,0
DA:9,0
DA:10,0
DA:11,0
DA:12,0
DA:13,0
DA:15,0
DA:19,0
DA:20,0
DA:21,0
DA:22,0
DA:24,0
DA:26,0
DA:27,0
DA:32,0
DA:33,0
DA:34,0
DA:38,0
DA:39,0
DA:40,0
DA:44,0
DA:45,0
DA:46,0
DA:47,0
DA:49,0
DA:50,0
DA:53,0
DA:54,0
DA:56,0
DA:57,0
DA:58,0
DA:61,0
DA:62,0
DA:63,0
DA:65,0
DA:68,0
DA:74,0
DA:78,0
DA:81,0
DA:82,0
DA:87,0
DA:88,0
DA:89,0
DA:91,0
DA:92,0
DA:98,0
DA:99,0
DA:103,0
DA:105,0
DA:107,0
DA:108,0
DA:109,0
DA:110,0
DA:111,0
DA:114,0
DA:118,0
DA:119,0
DA:121,0
DA:125,0
DA:127,0
DA:128,0
DA:133,0
DA:134,0
DA:135,0
DA:137,0
DA:138,0
DA:140,0
DA:149,0
DA:151,0
DA:153,0
DA:154,0
DA:157,0
DA:158,0
DA:163,0
DA:164,0
DA:165,0
DA:167,0
DA:168,0
DA:174,0
DA:176,0
DA:179,0
DA:180,0
DA:181,0
DA:183,0
DA:184,0
DA:185,0
DA:186,0
DA:188,0
DA:191,0
DA:193,0
DA:197,0
DA:199,0
DA:200,0
DA:202,0
DA:203,0
DA:205,0
DA:206,0
DA:209,0
DA:210,0
DA:211,0
DA:212,0
DA:214,0
DA:216,0
DA:217,0
DA:219,0
DA:220,0
DA:222,0
DA:224,0
DA:227,0
DA:229,0
DA:230,0
DA:232,0
DA:233,0
DA:235,0
DA:239,0
DA:244,0
DA:246,0
DA:257,0
DA:258,0
DA:263,0
DA:264,0
DA:265,0
DA:267,0
DA:268,0
DA:274,0
DA:275,0
DA:279,0
DA:280,0
DA:281,0
DA:283,0
DA:284,0
DA:285,0
DA:286,0
DA:288,0
DA:291,0
DA:293,0
DA:296,0
DA:298,0
DA:299,0
DA:301,0
DA:302,0
DA:304,0
DA:305,0
DA:308,0
DA:309,0
DA:310,0
DA:312,0
DA:315,0
DA:320,0
DA:331,0
DA:332,0
DA:337,0
DA:338,0
DA:339,0
DA:341,0
DA:342,0
DA:348,0
DA:349,0
DA:353,0
DA:354,0
DA:355,0
DA:357,0
DA:360,0
DA:362,0
DA:363,0
DA:365,0
DA:366,0
DA:369,0
DA:370,0
DA:371,0
DA:373,0
DA:376,0
DA:380,0
DA:391,0
DA:392,0
DA:396,0
LF:178
LH:0
BRDA:20,0,0,0
BRDA:20,0,1,0
BRDA:34,1,0,0
BRDA:34,1,1,0
BRDA:34,1,2,0
BRDA:40,2,0,0
BRDA:40,2,1,0
BRDA:49,3,0,0
BRDA:49,3,1,0
BRDA:61,4,0,0
BRDA:61,4,1,0
BRDA:89,5,0,0
BRDA:91,6,0,0
BRDA:91,6,1,0
BRDA:91,7,0,0
BRDA:91,7,1,0
BRDA:91,7,2,0
BRDA:91,7,3,0
BRDA:99,8,0,0
BRDA:99,8,1,0
BRDA:103,9,0,0
BRDA:103,9,1,0
BRDA:103,10,0,0
BRDA:103,10,1,0
BRDA:107,11,0,0
BRDA:107,11,1,0
BRDA:118,12,0,0
BRDA:118,12,1,0
BRDA:165,13,0,0
BRDA:165,14,0,0
BRDA:167,15,0,0
BRDA:167,15,1,0
BRDA:167,16,0,0
BRDA:167,16,1,0
BRDA:179,17,0,0
BRDA:179,17,1,0
BRDA:206,18,0,0
BRDA:209,19,0,0
BRDA:209,19,1,0
BRDA:214,20,0,0
BRDA:214,20,1,0
BRDA:214,20,2,0
BRDA:227,21,0,0
BRDA:227,21,1,0
BRDA:227,21,2,0
BRDA:265,22,0,0
BRDA:265,23,0,0
BRDA:267,24,0,0
BRDA:267,24,1,0
BRDA:275,25,0,0
BRDA:275,25,1,0
BRDA:279,26,0,0
BRDA:279,26,1,0
BRDA:279,27,0,0
BRDA:279,27,1,0
BRDA:305,28,0,0
BRDA:308,29,0,0
BRDA:308,29,1,0
BRDA:308,30,0,0
BRDA:308,30,1,0
BRDA:326,31,0,0
BRDA:326,31,1,0
BRDA:339,32,0,0
BRDA:341,33,0,0
BRDA:341,33,1,0
BRDA:349,34,0,0
BRDA:349,34,1,0
BRDA:353,35,0,0
BRDA:353,35,1,0
BRDA:353,36,0,0
BRDA:353,36,1,0
BRDA:366,37,0,0
BRDA:369,38,0,0
BRDA:369,38,1,0
BRDA:369,39,0,0
BRDA:369,39,1,0
BRDA:386,40,0,0
BRDA:386,40,1,0
BRF:78
BRH:0
end_of_record
TN:
SF:routes/salesReps.js
FN:12,(anonymous_0)
FN:23,(anonymous_1)
FN:45,(anonymous_2)
FN:65,(anonymous_3)
FN:83,(anonymous_4)
FN:94,(anonymous_5)
FN:116,(anonymous_6)
FN:134,(anonymous_7)
FNF:8
FNH:0
FNDA:0,(anonymous_0)
FNDA:0,(anonymous_1)
FNDA:0,(anonymous_2)
FNDA:0,(anonymous_3)
FNDA:0,(anonymous_4)
FNDA:0,(anonymous_5)
FNDA:0,(anonymous_6)
FNDA:0,(anonymous_7)
DA:6,0
DA:7,0
DA:8,0
DA:9,0
DA:12,0
DA:13,0
DA:14,0
DA:15,0
DA:17,0
DA:18,0
DA:23,0
DA:24,0
DA:25,0
DA:27,0
DA:36,0
DA:37,0
DA:39,0
DA:40,0
DA:45,0
DA:46,0
DA:47,0
DA:49,0
DA:56,0
DA:57,0
DA:59,0
DA:60,0
DA:65,0
DA:66,0
DA:67,0
DA:69,0
DA:74,0
DA:75,0
DA:77,0
DA:78,0
DA:83,0
DA:84,0
DA:85,0
DA:86,0
DA:88,0
DA:89,0
DA:94,0
DA:95,0
DA:96,0
DA:98,0
DA:107,0
DA:108,0
DA:110,0
DA:111,0
DA:116,0
DA:117,0
DA:118,0
DA:120,0
DA:125,0
DA:126,0
DA:128,0
DA:129,0
DA:134,0
DA:135,0
DA:136,0
DA:139,0
DA:140,0
DA:141,0
DA:143,0
DA:148,0
DA:150,0
DA:151,0
DA:155,0
LF:67
LH:0
BRF:0
BRH:0
end_of_record
TN:
SF:routes/settings.js
FN:17,(anonymous_0)
FN:26,(anonymous_1)
FN:32,(anonymous_2)
FN:50,(anonymous_3)
FN:57,(anonymous_4)
FN:79,(anonymous_5)
FN:127,(anonymous_6)
FN:150,(anonymous_7)
FN:223,(anonymous_8)
FN:250,(anonymous_9)
FN:251,(anonymous_10)
FN:254,(anonymous_11)
FN:257,(anonymous_12)
FN:328,(anonymous_13)
FN:347,(anonymous_14)
FN:391,(anonymous_15)
FNF:16
FNH:0
FNDA:0,(anonymous_0)
FNDA:0,(anonymous_1)
FNDA:0,(anonymous_2)
FNDA:0,(anonymous_3)
FNDA:0,(anonymous_4)
FNDA:0,(anonymous_5)
FNDA:0,(anonymous_6)
FNDA:0,(anonymous_7)
FNDA:0,(anonymous_8)
FNDA:0,(anonymous_9)
FNDA:0,(anonymous_10)
FNDA:0,(anonymous_11)
FNDA:0,(anonymous_12)
FNDA:0,(anonymous_13)
FNDA:0,(anonymous_14)
FNDA:0,(anonymous_15)
DA:1,0
DA:2,0
DA:3,0
DA:4,0
DA:5,0
DA:6,0
DA:7,0
DA:8,0
DA:13,0
DA:16,0
DA:18,0
DA:19,0
DA:20,0
DA:21,0
DA:23,0
DA:27,0
DA:28,0
DA:32,0
DA:33,0
DA:34,0
DA:36,0
DA:40,0
DA:50,0
DA:51,0
DA:52,0
DA:56,0
DA:57,0
DA:58,0
DA:61,0
DA:70,0
DA:71,0
DA:79,0
DA:80,0
DA:81,0
DA:84,0
DA:85,0
DA:95,0
DA:96,0
DA:98,0
DA:99,0
DA:100,0
DA:101,0
DA:102,0
DA:103,0
DA:107,0
DA:110,0
DA:112,0
DA:122,0
DA:126,0
DA:127,0
DA:128,0
DA:131,0
DA:141,0
DA:142,0
DA:150,0
DA:151,0
DA:152,0
DA:155,0
DA:160,0
DA:166,0
DA:167,0
DA:168,0
DA:169,0
DA:175,0
DA:176,0
DA:178,0
DA:182,0
DA:183,0
DA:184,0
DA:185,0
DA:191,0
DA:192,0
DA:194,0
DA:197,0
DA:214,0
DA:215,0
DA:223,0
DA:224,0
DA:226,0
DA:227,0
DA:229,0
DA:230,0
DA:234,0
DA:235,0
DA:236,0
DA:241,0
DA:246,0
DA:250,0
DA:251,0
DA:254,0
DA:257,0
DA:259,0
DA:262,0
DA:263,0
DA:266,0
DA:272,0
DA:278,0
DA:284,0
DA:285,0
DA:286,0
DA:288,0
DA:294,0
DA:295,0
DA:298,0
DA:299,0
DA:303,0
DA:304,0
DA:305,0
DA:307,0
DA:308,0
DA:313,0
DA:321,0
DA:323,0
DA:328,0
DA:331,0
DA:332,0
DA:333,0
DA:335,0
DA:347,0
DA:348,0
DA:349,0
DA:350,0
DA:354,0
DA:355,0
DA:356,0
DA:357,0
DA:358,0
DA:359,0
DA:363,0
DA:366,0
DA:368,0
DA:376,0
DA:382,0
DA:383,0
DA:391,0
DA:392,0
DA:393,0
DA:398,0
DA:400,0
DA:405,0
DA:406,0
DA:410,0
LF:142
LH:0
BRDA:33,0,0,0
BRDA:33,0,1,0
BRDA:64,1,0,0
BRDA:64,1,1,0
BRDA:65,2,0,0
BRDA:65,2,1,0
BRDA:66,3,0,0
BRDA:66,3,1,0
BRDA:84,4,0,0
BRDA:84,4,1,0
BRDA:96,5,0,0
BRDA:96,5,1,0
BRDA:102,6,0,0
BRDA:102,6,1,0
BRDA:102,7,0,0
BRDA:102,7,1,0
BRDA:135,8,0,0
BRDA:135,8,1,0
BRDA:136,9,0,0
BRDA:136,9,1,0
BRDA:137,10,0,0
BRDA:137,10,1,0
BRDA:209,11,0,0
BRDA:209,11,1,0
BRDA:210,12,0,0
BRDA:210,12,1,0
BRDA:229,13,0,0
BRDA:229,13,1,0
BRDA:235,14,0,0
BRDA:235,14,1,0
BRDA:235,15,0,0
BRDA:235,15,1,0
BRDA:246,16,0,0
BRDA:246,16,1,0
BRDA:298,17,0,0
BRDA:298,17,1,0
BRDA:349,18,0,0
BRDA:349,18,1,0
BRDA:358,19,0,0
BRDA:358,19,1,0
BRDA:358,20,0,0
BRDA:358,20,1,0
BRDA:398,21,0,0
BRDA:398,21,1,0
BRF:44
BRH:0
end_of_record
TN:
SF:routes/universal.js
FN:12,(anonymous_0)
FN:17,(anonymous_1)
FN:33,(anonymous_2)
FN:58,(anonymous_3)
FN:84,(anonymous_4)
FN:110,(anonymous_5)
FN:135,(anonymous_6)
FN:159,(anonymous_7)
FNF:8
FNH:0
FNDA:0,(anonymous_0)
FNDA:0,(anonymous_1)
FNDA:0,(anonymous_2)
FNDA:0,(anonymous_3)
FNDA:0,(anonymous_4)
FNDA:0,(anonymous_5)
FNDA:0,(anonymous_6)
FNDA:0,(anonymous_7)
DA:6,0
DA:7,0
DA:8,0
DA:9,0
DA:12,0
DA:13,0
DA:17,0
DA:18,0
DA:19,0
DA:20,0
DA:21,0
DA:27,0
DA:28,0
DA:33,0
DA:34,0
DA:35,0
DA:37,0
DA:38,0
DA:41,0
DA:50,0
DA:52,0
DA:53,0
DA:58,0
DA:59,0
DA:60,0
DA:62,0
DA:63,0
DA:66,0
DA:67,0
DA:69,0
DA:76,0
DA:78,0
DA:79,0
DA:84,0
DA:85,0
DA:86,0
DA:88,0
DA:89,0
DA:92,0
DA:93,0
DA:95,0
DA:102,0
DA:104,0
DA:105,0
DA:110,0
DA:111,0
DA:112,0
DA:114,0
DA:115,0
DA:118,0
DA:119,0
DA:122,0
DA:123,0
DA:125,0
DA:127,0
DA:129,0
DA:130,0
DA:135,0
DA:136,0
DA:137,0
DA:139,0
DA:140,0
DA:143,0
DA:144,0
DA:146,0
DA:147,0
DA:149,0
DA:151,0
DA:153,0
DA:154,0
DA:159,0
DA:160,0
DA:161,0
DA:163,0
DA:164,0
DA:167,0
DA:168,0
DA:170,0
DA:178,0
DA:180,0
DA:182,0
DA:183,0
DA:187,0
LF:83
LH:0
BRDA:37,0,0,0
BRDA:37,0,1,0
BRDA:43,1,0,0
BRDA:43,1,1,0
BRDA:43,2,0,0
BRDA:43,2,1,0
BRDA:44,3,0,0
BRDA:44,3,1,0
BRDA:45,4,0,0
BRDA:45,4,1,0
BRDA:46,5,0,0
BRDA:46,5,1,0
BRDA:46,6,0,0
BRDA:46,6,1,0
BRDA:62,7,0,0
BRDA:62,7,1,0
BRDA:88,8,0,0
BRDA:88,8,1,0
BRDA:114,9,0,0
BRDA:114,9,1,0
BRDA:114,10,0,0
BRDA:114,10,1,0
BRDA:139,11,0,0
BRDA:139,11,1,0
BRDA:139,12,0,0
BRDA:139,12,1,0
BRDA:163,13,0,0
BRDA:163,13,1,0
BRDA:163,14,0,0
BRDA:163,14,1,0
BRF:30
BRH:0
end_of_record
TN:
SF:routes/aebf/actual.js
FN:52,(anonymous_0)
FN:59,(anonymous_1)
FN:68,(anonymous_2)
FN:106,(anonymous_3)
FN:133,(anonymous_4)
FN:134,(anonymous_5)
FN:287,(anonymous_6)
FN:333,(anonymous_7)
FN:341,(anonymous_8)
FN:342,(anonymous_9)
FN:398,(anonymous_10)
FN:454,(anonymous_11)
FN:481,(anonymous_12)
FN:500,(anonymous_13)
FN:512,(anonymous_14)
FN:513,(anonymous_15)
FN:625,(anonymous_16)
FN:626,(anonymous_17)
FN:647,(anonymous_18)
FN:673,(anonymous_19)
FN:716,(anonymous_20)
FN:722,(anonymous_21)
FN:728,(anonymous_22)
FN:743,(anonymous_23)
FN:767,(anonymous_24)
FN:792,(anonymous_25)
FN:807,(anonymous_26)
FN:819,(anonymous_27)
FN:823,(anonymous_28)
FN:850,(anonymous_29)
FN:866,(anonymous_30)
FNF:31
FNH:0
FNDA:0,(anonymous_0)
FNDA:0,(anonymous_1)
FNDA:0,(anonymous_2)
FNDA:0,(anonymous_3)
FNDA:0,(anonymous_4)
FNDA:0,(anonymous_5)
FNDA:0,(anonymous_6)
FNDA:0,(anonymous_7)
FNDA:0,(anonymous_8)
FNDA:0,(anonymous_9)
FNDA:0,(anonymous_10)
FNDA:0,(anonymous_11)
FNDA:0,(anonymous_12)
FNDA:0,(anonymous_13)
FNDA:0,(anonymous_14)
FNDA:0,(anonymous_15)
FNDA:0,(anonymous_16)
FNDA:0,(anonymous_17)
FNDA:0,(anonymous_18)
FNDA:0,(anonymous_19)
FNDA:0,(anonymous_20)
FNDA:0,(anonymous_21)
FNDA:0,(anonymous_22)
FNDA:0,(anonymous_23)
FNDA:0,(anonymous_24)
FNDA:0,(anonymous_25)
FNDA:0,(anonymous_26)
FNDA:0,(anonymous_27)
FNDA:0,(anonymous_28)
FNDA:0,(anonymous_29)
FNDA:0,(anonymous_30)
DA:33,0
DA:34,0
DA:35,0
DA:36,0
DA:37,0
DA:38,0
DA:39,0
DA:40,0
DA:41,0
DA:42,0
DA:43,0
DA:44,0
DA:45,0
DA:48,0
DA:51,0
DA:53,0
DA:54,0
DA:55,0
DA:57,0
DA:60,0
DA:61,0
DA:62,0
DA:66,0
DA:69,0
DA:70,0
DA:71,0
DA:73,0
DA:101,0
DA:122,0
DA:124,0
DA:125,0
DA:127,0
DA:128,0
DA:129,0
DA:132,0
DA:133,0
DA:134,0
DA:135,0
DA:136,0
DA:137,0
DA:139,0
DA:142,0
DA:143,0
DA:144,0
DA:145,0
DA:148,0
DA:149,0
DA:150,0
DA:151,0
DA:154,0
DA:155,0
DA:156,0
DA:157,0
DA:160,0
DA:161,0
DA:162,0
DA:163,0
DA:166,0
DA:167,0
DA:168,0
DA:169,0
DA:172,0
DA:173,0
DA:174,0
DA:175,0
DA:178,0
DA:179,0
DA:180,0
DA:181,0
DA:185,0
DA:186,0
DA:187,0
DA:189,0
DA:204,0
DA:206,0
DA:207,0
DA:208,0
DA:210,0
DA:217,0
DA:219,0
DA:222,0
DA:224,0
DA:225,0
DA:226,0
DA:227,0
DA:229,0
DA:230,0
DA:232,0
DA:237,0
DA:238,0
DA:240,0
DA:250,0
DA:252,0
DA:254,0
DA:255,0
DA:256,0
DA:257,0
DA:258,0
DA:259,0
DA:260,0
DA:261,0
DA:262,0
DA:263,0
DA:264,0
DA:266,0
DA:287,0
DA:288,0
DA:290,0
DA:291,0
DA:293,0
DA:294,0
DA:295,0
DA:298,0
DA:299,0
DA:300,0
DA:302,0
DA:317,0
DA:319,0
DA:333,0
DA:334,0
DA:336,0
DA:337,0
DA:338,0
DA:340,0
DA:341,0
DA:342,0
DA:343,0
DA:344,0
DA:345,0
DA:346,0
DA:347,0
DA:348,0
DA:349,0
DA:352,0
DA:353,0
DA:354,0
DA:355,0
DA:358,0
DA:359,0
DA:360,0
DA:367,0
DA:370,0
DA:384,0
DA:386,0
DA:398,0
DA:399,0
DA:401,0
DA:402,0
DA:404,0
DA:405,0
DA:406,0
DA:409,0
DA:410,0
DA:411,0
DA:413,0
DA:427,0
DA:428,0
DA:430,0
DA:441,0
DA:454,0
DA:455,0
DA:456,0
DA:458,0
DA:459,0
DA:461,0
DA:462,0
DA:463,0
DA:466,0
DA:467,0
DA:468,0
DA:470,0
DA:477,0
DA:479,0
DA:481,0
DA:500,0
DA:505,0
DA:507,0
DA:508,0
DA:509,0
DA:511,0
DA:512,0
DA:513,0
DA:514,0
DA:515,0
DA:516,0
DA:518,0
DA:521,0
DA:522,0
DA:523,0
DA:524,0
DA:527,0
DA:528,0
DA:529,0
DA:530,0
DA:533,0
DA:534,0
DA:535,0
DA:536,0
DA:539,0
DA:540,0
DA:541,0
DA:542,0
DA:545,0
DA:546,0
DA:547,0
DA:548,0
DA:551,0
DA:552,0
DA:553,0
DA:554,0
DA:557,0
DA:558,0
DA:559,0
DA:560,0
DA:563,0
DA:564,0
DA:565,0
DA:567,0
DA:574,0
DA:576,0
DA:577,0
DA:578,0
DA:580,0
DA:587,0
DA:589,0
DA:592,0
DA:594,0
DA:595,0
DA:596,0
DA:597,0
DA:599,0
DA:600,0
DA:602,0
DA:613,0
DA:615,0
DA:616,0
DA:622,0
DA:623,0
DA:626,0
DA:627,0
DA:628,0
DA:629,0
DA:630,0
DA:631,0
DA:633,0
DA:638,0
DA:640,0
DA:641,0
DA:642,0
DA:643,0
DA:645,0
DA:646,0
DA:647,0
DA:648,0
DA:651,0
DA:652,0
DA:653,0
DA:655,0
DA:656,0
DA:657,0
DA:673,0
DA:674,0
DA:675,0
DA:677,0
DA:685,0
DA:687,0
DA:688,0
DA:694,0
DA:696,0
DA:705,0
DA:706,0
DA:707,0
DA:708,0
DA:711,0
DA:713,0
DA:714,0
DA:716,0
DA:717,0
DA:718,0
DA:719,0
DA:722,0
DA:723,0
DA:724,0
DA:725,0
DA:728,0
DA:729,0
DA:731,0
DA:732,0
DA:733,0
DA:735,0
DA:738,0
DA:739,0
DA:740,0
DA:743,0
DA:744,0
DA:747,0
DA:758,0
DA:767,0
DA:768,0
DA:770,0
DA:771,0
DA:773,0
DA:776,0
DA:792,0
DA:793,0
DA:794,0
DA:797,0
DA:798,0
DA:800,0
DA:801,0
DA:802,0
DA:803,0
DA:805,0
DA:807,0
DA:808,0
DA:809,0
DA:810,0
DA:811,0
DA:813,0
DA:818,0
DA:820,0
DA:821,0
DA:824,0
DA:825,0
DA:828,0
DA:829,0
DA:831,0
DA:834,0
DA:850,0
DA:851,0
DA:853,0
DA:855,0
DA:856,0
DA:858,0
DA:865,0
DA:866,0
DA:868,0
DA:870,0
DA:873,0
LF:339
LH:0
BRDA:54,0,0,0
BRDA:54,0,1,0
BRDA:70,1,0,0
BRDA:70,1,1,0
BRDA:70,2,0,0
BRDA:70,2,1,0
BRDA:109,3,0,0
BRDA:110,4,0,0
BRDA:118,5,0,0
BRDA:119,6,0,0
BRDA:124,7,0,0
BRDA:124,7,1,0
BRDA:132,8,0,0
BRDA:132,8,1,0
BRDA:142,9,0,0
BRDA:142,9,1,0
BRDA:148,10,0,0
BRDA:148,10,1,0
BRDA:154,11,0,0
BRDA:154,11,1,0
BRDA:160,12,0,0
BRDA:160,12,1,0
BRDA:166,13,0,0
BRDA:166,13,1,0
BRDA:172,14,0,0
BRDA:172,14,1,0
BRDA:178,15,0,0
BRDA:178,15,1,0
BRDA:185,16,0,0
BRDA:185,16,1,0
BRDA:206,17,0,0
BRDA:206,17,1,0
BRDA:225,18,0,0
BRDA:225,18,1,0
BRDA:226,19,0,0
BRDA:226,19,1,0
BRDA:255,20,0,0
BRDA:255,20,1,0
BRDA:256,21,0,0
BRDA:256,21,1,0
BRDA:257,22,0,0
BRDA:257,22,1,0
BRDA:258,23,0,0
BRDA:258,23,1,0
BRDA:259,24,0,0
BRDA:259,24,1,0
BRDA:260,25,0,0
BRDA:260,25,1,0
BRDA:261,26,0,0
BRDA:261,26,1,0
BRDA:262,27,0,0
BRDA:262,27,1,0
BRDA:263,28,0,0
BRDA:263,28,1,0
BRDA:264,29,0,0
BRDA:264,29,1,0
BRDA:293,30,0,0
BRDA:293,30,1,0
BRDA:340,31,0,0
BRDA:340,31,1,0
BRDA:346,32,0,0
BRDA:346,32,1,0
BRDA:352,33,0,0
BRDA:352,33,1,0
BRDA:358,34,0,0
BRDA:358,34,1,0
BRDA:358,35,0,0
BRDA:358,35,1,0
BRDA:404,36,0,0
BRDA:404,36,1,0
BRDA:431,37,0,0
BRDA:431,37,1,0
BRDA:432,38,0,0
BRDA:432,38,1,0
BRDA:433,39,0,0
BRDA:433,39,1,0
BRDA:434,40,0,0
BRDA:434,40,1,0
BRDA:435,41,0,0
BRDA:435,41,1,0
BRDA:436,42,0,0
BRDA:436,42,1,0
BRDA:437,43,0,0
BRDA:437,43,1,0
BRDA:438,44,0,0
BRDA:438,44,1,0
BRDA:461,45,0,0
BRDA:461,45,1,0
BRDA:503,46,0,0
BRDA:503,47,0,0
BRDA:511,48,0,0
BRDA:511,48,1,0
BRDA:521,49,0,0
BRDA:521,49,1,0
BRDA:527,50,0,0
BRDA:527,50,1,0
BRDA:533,51,0,0
BRDA:533,51,1,0
BRDA:539,52,0,0
BRDA:539,52,1,0
BRDA:545,53,0,0
BRDA:545,53,1,0
BRDA:551,54,0,0
BRDA:551,54,1,0
BRDA:557,55,0,0
BRDA:557,55,1,0
BRDA:563,56,0,0
BRDA:563,56,1,0
BRDA:576,57,0,0
BRDA:576,57,1,0
BRDA:595,58,0,0
BRDA:595,58,1,0
BRDA:596,59,0,0
BRDA:596,59,1,0
BRDA:615,60,0,0
BRDA:615,60,1,0
BRDA:628,61,0,0
BRDA:628,61,1,0
BRDA:628,62,0,0
BRDA:628,62,1,0
BRDA:630,63,0,0
BRDA:630,63,1,0
BRDA:630,64,0,0
BRDA:630,64,1,0
BRDA:630,64,2,0
BRDA:646,65,0,0
BRDA:646,65,1,0
BRDA:648,66,0,0
BRDA:648,66,1,0
BRDA:652,67,0,0
BRDA:652,67,1,0
BRDA:687,68,0,0
BRDA:687,68,1,0
BRDA:705,69,0,0
BRDA:705,69,1,0
BRDA:705,70,0,0
BRDA:705,70,1,0
BRDA:738,71,0,0
BRDA:738,71,1,0
BRDA:740,72,0,0
BRDA:740,72,1,0
BRDA:761,73,0,0
BRDA:761,73,1,0
BRDA:793,74,0,0
BRDA:793,74,1,0
BRDA:808,75,0,0
BRDA:808,75,1,0
BRDA:808,76,0,0
BRDA:808,76,1,0
BRDA:808,76,2,0
BRDA:810,77,0,0
BRDA:810,77,1,0
BRDA:824,78,0,0
BRDA:824,78,1,0
BRF:154
BRH:0
end_of_record
TN:
SF:routes/aebf/budget.js
FN:52,(anonymous_0)
FN:59,(anonymous_1)
FN:68,(anonymous_2)
FN:93,(anonymous_3)
FN:149,(anonymous_4)
FN:149,(anonymous_5)
FN:150,(anonymous_6)
FN:150,(anonymous_7)
FN:151,(anonymous_8)
FN:151,(anonymous_9)
FN:180,(anonymous_10)
FN:224,(anonymous_11)
FN:230,(anonymous_12)
FN:236,(anonymous_13)
FN:248,(anonymous_14)
FN:269,(anonymous_15)
FN:297,(anonymous_16)
FN:312,(anonymous_17)
FN:316,(anonymous_18)
FN:351,(anonymous_19)
FN:363,(anonymous_20)
FN:378,(anonymous_21)
FN:394,(anonymous_22)
FN:407,(anonymous_23)
FN:418,(anonymous_24)
FN:419,(anonymous_25)
FN:450,(anonymous_26)
FN:466,(anonymous_27)
FN:494,(anonymous_28)
FN:500,(anonymous_29)
FN:540,(anonymous_30)
FN:554,(anonymous_31)
FN:569,(anonymous_32)
FN:603,(anonymous_33)
FNF:34
FNH:0
FNDA:0,(anonymous_0)
FNDA:0,(anonymous_1)
FNDA:0,(anonymous_2)
FNDA:0,(anonymous_3)
FNDA:0,(anonymous_4)
FNDA:0,(anonymous_5)
FNDA:0,(anonymous_6)
FNDA:0,(anonymous_7)
FNDA:0,(anonymous_8)
FNDA:0,(anonymous_9)
FNDA:0,(anonymous_10)
FNDA:0,(anonymous_11)
FNDA:0,(anonymous_12)
FNDA:0,(anonymous_13)
FNDA:0,(anonymous_14)
FNDA:0,(anonymous_15)
FNDA:0,(anonymous_16)
FNDA:0,(anonymous_17)
FNDA:0,(anonymous_18)
FNDA:0,(anonymous_19)
FNDA:0,(anonymous_20)
FNDA:0,(anonymous_21)
FNDA:0,(anonymous_22)
FNDA:0,(anonymous_23)
FNDA:0,(anonymous_24)
FNDA:0,(anonymous_25)
FNDA:0,(anonymous_26)
FNDA:0,(anonymous_27)
FNDA:0,(anonymous_28)
FNDA:0,(anonymous_29)
FNDA:0,(anonymous_30)
FNDA:0,(anonymous_31)
FNDA:0,(anonymous_32)
FNDA:0,(anonymous_33)
DA:34,0
DA:35,0
DA:36,0
DA:37,0
DA:38,0
DA:39,0
DA:40,0
DA:41,0
DA:42,0
DA:43,0
DA:44,0
DA:45,0
DA:48,0
DA:51,0
DA:53,0
DA:54,0
DA:55,0
DA:57,0
DA:60,0
DA:61,0
DA:62,0
DA:66,0
DA:69,0
DA:70,0
DA:71,0
DA:73,0
DA:93,0
DA:94,0
DA:96,0
DA:98,0
DA:106,0
DA:107,0
DA:109,0
DA:110,0
DA:111,0
DA:112,0
DA:115,0
DA:116,0
DA:117,0
DA:118,0
DA:121,0
DA:122,0
DA:128,0
DA:129,0
DA:132,0
DA:134,0
DA:135,0
DA:136,0
DA:138,0
DA:140,0
DA:141,0
DA:142,0
DA:144,0
DA:146,0
DA:148,0
DA:149,0
DA:150,0
DA:151,0
DA:155,0
DA:157,0
DA:180,0
DA:181,0
DA:182,0
DA:184,0
DA:193,0
DA:195,0
DA:197,0
DA:198,0
DA:204,0
DA:206,0
DA:215,0
DA:216,0
DA:219,0
DA:221,0
DA:222,0
DA:224,0
DA:225,0
DA:226,0
DA:227,0
DA:230,0
DA:231,0
DA:232,0
DA:233,0
DA:236,0
DA:237,0
DA:238,0
DA:239,0
DA:241,0
DA:244,0
DA:245,0
DA:248,0
DA:249,0
DA:252,0
DA:259,0
DA:260,0
DA:269,0
DA:270,0
DA:272,0
DA:273,0
DA:275,0
DA:278,0
DA:297,0
DA:298,0
DA:300,0
DA:301,0
DA:302,0
DA:304,0
DA:311,0
DA:312,0
DA:314,0
DA:316,0
DA:318,0
DA:319,0
DA:325,0
DA:326,0
DA:328,0
DA:342,0
DA:348,0
DA:350,0
DA:351,0
DA:352,0
DA:353,0
DA:359,0
DA:361,0
DA:363,0
DA:364,0
DA:373,0
DA:375,0
DA:378,0
DA:394,0
DA:395,0
DA:397,0
DA:399,0
DA:400,0
DA:402,0
DA:404,0
DA:405,0
DA:407,0
DA:408,0
DA:410,0
DA:417,0
DA:418,0
DA:419,0
DA:421,0
DA:422,0
DA:425,0
DA:427,0
DA:436,0
DA:438,0
DA:440,0
DA:445,0
DA:446,0
DA:448,0
DA:450,0
DA:451,0
DA:452,0
DA:453,0
DA:457,0
DA:459,0
DA:460,0
DA:462,0
DA:463,0
DA:464,0
DA:466,0
DA:467,0
DA:468,0
DA:469,0
DA:473,0
DA:474,0
DA:476,0
DA:487,0
DA:488,0
DA:490,0
DA:495,0
DA:496,0
DA:500,0
DA:507,0
DA:508,0
DA:511,0
DA:514,0
DA:516,0
DA:518,0
DA:525,0
DA:526,0
DA:528,0
DA:540,0
DA:541,0
DA:543,0
DA:544,0
DA:546,0
DA:553,0
DA:554,0
DA:556,0
DA:569,0
DA:570,0
DA:572,0
DA:573,0
DA:575,0
DA:595,0
DA:597,0
DA:603,0
DA:604,0
DA:607,0
DA:615,0
LF:204
LH:0
BRDA:54,0,0,0
BRDA:54,0,1,0
BRDA:70,1,0,0
BRDA:70,1,1,0
BRDA:70,2,0,0
BRDA:70,2,1,0
BRDA:109,3,0,0
BRDA:109,3,1,0
BRDA:115,4,0,0
BRDA:115,4,1,0
BRDA:121,5,0,0
BRDA:121,5,1,0
BRDA:134,6,0,0
BRDA:134,6,1,0
BRDA:135,7,0,0
BRDA:135,7,1,0
BRDA:149,8,0,0
BRDA:149,8,1,0
BRDA:150,9,0,0
BRDA:150,9,1,0
BRDA:151,10,0,0
BRDA:151,10,1,0
BRDA:186,11,0,0
BRDA:186,11,1,0
BRDA:193,12,0,0
BRDA:193,12,1,0
BRDA:197,13,0,0
BRDA:197,13,1,0
BRDA:215,14,0,0
BRDA:215,14,1,0
BRDA:244,15,0,0
BRDA:244,15,1,0
BRDA:263,16,0,0
BRDA:263,16,1,0
BRDA:318,17,0,0
BRDA:318,17,1,0
BRDA:366,18,0,0
BRDA:366,18,1,0
BRDA:367,19,0,0
BRDA:367,19,1,0
BRDA:368,20,0,0
BRDA:368,20,1,0
BRDA:369,21,0,0
BRDA:369,21,1,0
BRDA:421,22,0,0
BRDA:421,22,1,0
BRDA:452,23,0,0
BRDA:452,23,1,0
BRDA:453,24,0,0
BRDA:453,24,1,0
BRDA:468,25,0,0
BRDA:468,25,1,0
BRDA:469,26,0,0
BRDA:469,26,1,0
BRDA:470,27,0,0
BRDA:470,27,1,0
BRDA:473,28,0,0
BRDA:473,28,1,0
BRDA:604,29,0,0
BRDA:604,29,1,0
BRF:60
BRH:0
end_of_record
TN:
SF:routes/aebf/bulk.js
FN:47,(anonymous_0)
FN:101,(anonymous_1)
FN:131,(anonymous_2)
FN:167,(anonymous_3)
FN:203,(anonymous_4)
FN:241,(anonymous_5)
FNF:6
FNH:0
FNDA:0,(anonymous_0)
FNDA:0,(anonymous_1)
FNDA:0,(anonymous_2)
FNDA:0,(anonymous_3)
FNDA:0,(anonymous_4)
FNDA:0,(anonymous_5)
DA:29,0
DA:30,0
DA:31,0
DA:32,0
DA:33,0
DA:34,0
DA:35,0
DA:47,0
DA:48,0
DA:50,0
DA:51,0
DA:53,0
DA:55,0
DA:56,0
DA:59,0
DA:62,0
DA:69,0
DA:76,0
DA:78,0
DA:86,0
DA:87,0
DA:89,0
DA:101,0
DA:102,0
DA:104,0
DA:105,0
DA:107,0
DA:117,0
DA:119,0
DA:131,0
DA:132,0
DA:133,0
DA:135,0
DA:136,0
DA:138,0
DA:146,0
DA:148,0
DA:149,0
DA:155,0
DA:167,0
DA:168,0
DA:169,0
DA:171,0
DA:172,0
DA:174,0
DA:179,0
DA:181,0
DA:182,0
DA:188,0
DA:203,0
DA:204,0
DA:205,0
DA:207,0
DA:208,0
DA:210,0
DA:217,0
DA:219,0
DA:220,0
DA:226,0
DA:241,0
DA:242,0
DA:243,0
DA:245,0
DA:246,0
DA:248,0
DA:254,0
DA:256,0
DA:257,0
DA:264,0
DA:265,0
DA:267,0
DA:268,0
DA:269,0
DA:272,0
LF:74
LH:0
BRDA:63,0,0,0
BRDA:63,0,1,0
BRDA:111,1,0,0
BRDA:111,1,1,0
BRDA:142,2,0,0
BRDA:142,2,1,0
BRDA:148,3,0,0
BRDA:148,3,1,0
BRDA:175,4,0,0
BRDA:175,4,1,0
BRDA:181,5,0,0
BRDA:181,5,1,0
BRDA:211,6,0,0
BRDA:211,6,1,0
BRDA:219,7,0,0
BRDA:219,7,1,0
BRDA:250,8,0,0
BRDA:250,8,1,0
BRDA:256,9,0,0
BRDA:256,9,1,0
BRF:20
BRH:0
end_of_record
TN:
SF:routes/aebf/divisional.js
FN:44,(anonymous_0)
FN:61,(anonymous_1)
FN:82,(anonymous_2)
FN:101,(anonymous_3)
FN:107,(anonymous_4)
FN:123,(anonymous_5)
FN:137,(anonymous_6)
FNF:7
FNH:0
FNDA:0,(anonymous_0)
FNDA:0,(anonymous_1)
FNDA:0,(anonymous_2)
FNDA:0,(anonymous_3)
FNDA:0,(anonymous_4)
FNDA:0,(anonymous_5)
FNDA:0,(anonymous_6)
DA:25,0
DA:26,0
DA:27,0
DA:28,0
DA:29,0
DA:30,0
DA:31,0
DA:32,0
DA:33,0
DA:44,0
DA:45,0
DA:47,0
DA:49,0
DA:61,0
DA:62,0
DA:65,0
DA:82,0
DA:83,0
DA:86,0
DA:101,0
DA:102,0
DA:104,0
DA:107,0
DA:108,0
DA:111,0
DA:123,0
DA:124,0
DA:126,0
DA:127,0
DA:129,0
DA:134,0
DA:137,0
DA:138,0
DA:141,0
DA:149,0
LF:35
LH:0
BRF:0
BRH:0
end_of_record
TN:
SF:routes/aebf/health.js
FN:63,(anonymous_0)
FNF:1
FNH:0
FNDA:0,(anonymous_0)
DA:6,0
DA:7,0
DA:8,0
DA:9,0
DA:10,0
DA:11,0
DA:63,0
DA:64,0
DA:65,0
DA:66,0
DA:69,0
DA:72,0
DA:81,0
DA:96,0
LF:14
LH:0
BRDA:64,0,0,0
BRDA:64,0,1,0
BRF:2
BRH:0
end_of_record
TN:
SF:routes/aebf/helpers.js
FN:13,extractDivisionCode
FN:22,getPoolForDivision
FN:32,getTableNames
FN:55,validateDivision
FNF:4
FNH:0
FNDA:0,extractDivisionCode
FNDA:0,getPoolForDivision
FNDA:0,getTableNames
FNDA:0,validateDivision
DA:6,0
DA:7,0
DA:14,0
DA:15,0
DA:23,0
DA:24,0
DA:33,0
DA:34,0
DA:56,0
DA:57,0
DA:61,0
DA:64,0
DA:65,0
DA:66,0
DA:70,0
DA:73,0
DA:76,0
LF:17
LH:0
BRDA:14,0,0,0
BRDA:14,0,1,0
BRDA:56,1,0,0
BRDA:56,1,1,0
BRDA:65,2,0,0
BRDA:65,2,1,0
BRF:6
BRH:0
end_of_record
TN:
SF:routes/aebf/html-budget.js
FN:49,ensureSalesRepBudgetColumns
FN:66,(anonymous_1)
FN:98,ensureHtmlBudgetIndexes
FN:132,(anonymous_3)
FN:138,(anonymous_4)
FN:164,(anonymous_5)
FN:184,(anonymous_6)
FN:233,(anonymous_7)
FN:241,(anonymous_8)
FN:258,(anonymous_9)
FN:280,(anonymous_10)
FN:298,(anonymous_11)
FN:312,(anonymous_12)
FNF:13
FNH:0
FNDA:0,ensureSalesRepBudgetColumns
FNDA:0,(anonymous_1)
FNDA:0,ensureHtmlBudgetIndexes
FNDA:0,(anonymous_3)
FNDA:0,(anonymous_4)
FNDA:0,(anonymous_5)
FNDA:0,(anonymous_6)
FNDA:0,(anonymous_7)
FNDA:0,(anonymous_8)
FNDA:0,(anonymous_9)
FNDA:0,(anonymous_10)
FNDA:0,(anonymous_11)
FNDA:0,(anonymous_12)
DA:29,0
DA:30,0
DA:31,0
DA:32,0
DA:33,0
DA:34,0
DA:35,0
DA:36,0
DA:37,0
DA:38,0
DA:41,0
DA:44,0
DA:50,0
DA:52,0
DA:54,0
DA:55,0
DA:56,0
DA:58,0
DA:66,0
DA:68,0
DA:69,0
DA:70,0
DA:73,0
DA:74,0
DA:75,0
DA:78,0
DA:79,0
DA:80,0
DA:83,0
DA:84,0
DA:85,0
DA:88,0
DA:90,0
DA:91,0
DA:99,0
DA:101,0
DA:103,0
DA:104,0
DA:105,0
DA:107,0
DA:113,0
DA:115,0
DA:116,0
DA:118,0
DA:132,0
DA:133,0
DA:135,0
DA:137,0
DA:138,0
DA:140,0
DA:141,0
DA:144,0
DA:161,0
DA:164,0
DA:167,0
DA:184,0
DA:185,0
DA:187,0
DA:189,0
DA:190,0
DA:192,0
DA:209,0
DA:215,0
DA:233,0
DA:234,0
DA:236,0
DA:238,0
DA:241,0
DA:242,0
DA:245,0
DA:258,0
DA:259,0
DA:262,0
DA:280,0
DA:281,0
DA:284,0
DA:298,0
DA:299,0
DA:301,0
DA:302,0
DA:304,0
DA:311,0
DA:312,0
DA:314,0
DA:317,0
LF:85
LH:0
BRDA:49,0,0,0
BRDA:50,1,0,0
BRDA:50,1,1,0
BRDA:52,2,0,0
BRDA:52,2,1,0
BRDA:68,3,0,0
BRDA:68,3,1,0
BRDA:73,4,0,0
BRDA:73,4,1,0
BRDA:78,5,0,0
BRDA:78,5,1,0
BRDA:83,6,0,0
BRDA:83,6,1,0
BRDA:98,7,0,0
BRDA:99,8,0,0
BRDA:99,8,1,0
BRDA:101,9,0,0
BRDA:101,9,1,0
BRDA:138,10,0,0
BRDA:138,10,1,0
BRF:20
BRH:0
end_of_record
TN:
SF:routes/aebf/index.js
FNF:0
FNH:0
DA:113,0
DA:114,0
DA:115,0
DA:118,0
DA:119,0
DA:120,0
DA:121,0
DA:122,0
DA:123,0
DA:124,0
DA:127,0
DA:128,0
DA:129,0
DA:130,0
DA:131,0
DA:132,0
DA:133,0
DA:136,0
LF:18
LH:0
BRF:0
BRH:0
end_of_record
TN:
SF:routes/aebf/reports.js
FN:44,(anonymous_0)
FN:62,(anonymous_1)
FN:77,(anonymous_2)
FN:129,(anonymous_3)
FN:164,(anonymous_4)
FN:173,(anonymous_5)
FN:205,(anonymous_6)
FN:260,(anonymous_7)
FN:294,(anonymous_8)
FN:303,(anonymous_9)
FNF:10
FNH:0
FNDA:0,(anonymous_0)
FNDA:0,(anonymous_1)
FNDA:0,(anonymous_2)
FNDA:0,(anonymous_3)
FNDA:0,(anonymous_4)
FNDA:0,(anonymous_5)
FNDA:0,(anonymous_6)
FNDA:0,(anonymous_7)
FNDA:0,(anonymous_8)
FNDA:0,(anonymous_9)
DA:26,0
DA:27,0
DA:28,0
DA:29,0
DA:30,0
DA:31,0
DA:32,0
DA:33,0
DA:44,0
DA:45,0
DA:47,0
DA:48,0
DA:50,0
DA:61,0
DA:62,0
DA:64,0
DA:77,0
DA:78,0
DA:80,0
DA:81,0
DA:86,0
DA:87,0
DA:103,0
DA:105,0
DA:122,0
DA:125,0
DA:127,0
DA:129,0
DA:130,0
DA:131,0
DA:132,0
DA:139,0
DA:142,0
DA:143,0
DA:161,0
DA:163,0
DA:164,0
DA:165,0
DA:173,0
DA:174,0
DA:175,0
DA:186,0
DA:205,0
DA:206,0
DA:208,0
DA:209,0
DA:214,0
DA:215,0
DA:229,0
DA:231,0
DA:246,0
DA:249,0
DA:250,0
DA:251,0
DA:254,0
DA:256,0
DA:258,0
DA:260,0
DA:261,0
DA:262,0
DA:263,0
DA:270,0
DA:273,0
DA:291,0
DA:293,0
DA:294,0
DA:295,0
DA:303,0
DA:304,0
DA:305,0
DA:316,0
DA:325,0
LF:72
LH:0
BRDA:86,0,0,0
BRDA:86,0,1,0
BRDA:86,1,0,0
BRDA:86,1,1,0
BRDA:131,2,0,0
BRDA:131,2,1,0
BRDA:139,3,0,0
BRDA:139,3,1,0
BRDA:166,4,0,0
BRDA:166,4,1,0
BRDA:167,5,0,0
BRDA:167,5,1,0
BRDA:168,6,0,0
BRDA:168,6,1,0
BRDA:169,7,0,0
BRDA:169,7,1,0
BRDA:174,8,0,0
BRDA:174,8,1,0
BRDA:189,9,0,0
BRDA:189,9,1,0
BRDA:214,10,0,0
BRDA:214,10,1,0
BRDA:214,11,0,0
BRDA:214,11,1,0
BRDA:249,12,0,0
BRDA:249,12,1,0
BRDA:249,13,0,0
BRDA:249,13,1,0
BRDA:262,14,0,0
BRDA:262,14,1,0
BRDA:270,15,0,0
BRDA:270,15,1,0
BRDA:296,16,0,0
BRDA:296,16,1,0
BRDA:297,17,0,0
BRDA:297,17,1,0
BRDA:298,18,0,0
BRDA:298,18,1,0
BRDA:299,19,0,0
BRDA:299,19,1,0
BRDA:304,20,0,0
BRDA:304,20,1,0
BRDA:319,21,0,0
BRDA:319,21,1,0
BRDA:320,22,0,0
BRDA:320,22,1,0
BRDA:321,23,0,0
BRDA:321,23,1,0
BRF:48
BRH:0
end_of_record
TN:
SF:routes/aebf/shared.js
FN:16,extractDivisionCode
FN:26,getPoolForDivision
FN:36,getTableNames
FN:59,buildWhereClause
FN:125,validatePagination
FN:140,calculatePagination
FNF:6
FNH:0
FNDA:0,extractDivisionCode
FNDA:0,getPoolForDivision
FNDA:0,getTableNames
FNDA:0,buildWhereClause
FNDA:0,validatePagination
FNDA:0,calculatePagination
DA:6,0
DA:9,0
DA:17,0
DA:18,0
DA:27,0
DA:28,0
DA:37,0
DA:38,0
DA:60,0
DA:61,0
DA:62,0
DA:64,0
DA:65,0
DA:66,0
DA:69,0
DA:70,0
DA:71,0
DA:74,0
DA:75,0
DA:76,0
DA:79,0
DA:80,0
DA:81,0
DA:84,0
DA:85,0
DA:86,0
DA:89,0
DA:90,0
DA:91,0
DA:94,0
DA:95,0
DA:96,0
DA:99,0
DA:100,0
DA:101,0
DA:104,0
DA:105,0
DA:110,0
DA:111,0
DA:114,0
DA:116,0
DA:126,0
DA:127,0
DA:128,0
DA:130,0
DA:141,0
DA:151,0
LF:47
LH:0
BRDA:17,0,0,0
BRDA:17,0,1,0
BRDA:64,1,0,0
BRDA:64,1,1,0
BRDA:69,2,0,0
BRDA:69,2,1,0
BRDA:74,3,0,0
BRDA:74,3,1,0
BRDA:79,4,0,0
BRDA:79,4,1,0
BRDA:84,5,0,0
BRDA:84,5,1,0
BRDA:89,6,0,0
BRDA:89,6,1,0
BRDA:94,7,0,0
BRDA:94,7,1,0
BRDA:99,8,0,0
BRDA:99,8,1,0
BRDA:104,9,0,0
BRDA:104,9,1,0
BRDA:114,10,0,0
BRDA:114,10,1,0
BRDA:126,11,0,0
BRDA:126,11,1,0
BRDA:127,12,0,0
BRDA:127,12,1,0
BRF:26
BRH:0
end_of_record
TN:
SF:services/CustomerMergingAI.js
FN:27,extractDivisionCode
FN:35,getDataExcelTable
FN:43,getTableNames
FN:53,(anonymous_3)
FN:148,(anonymous_4)
FN:166,(anonymous_5)
FN:167,(anonymous_6)
FN:185,(anonymous_7)
FN:190,(anonymous_8)
FN:192,(anonymous_9)
FN:223,(anonymous_10)
FN:324,(anonymous_11)
FN:332,(anonymous_12)
FN:352,(anonymous_13)
FN:354,(anonymous_14)
FN:369,(anonymous_15)
FN:462,(anonymous_16)
FN:508,(anonymous_17)
FN:514,(anonymous_18)
FN:526,(anonymous_19)
FN:581,(anonymous_20)
FN:620,(anonymous_21)
FN:625,(anonymous_22)
FN:649,(anonymous_23)
FN:658,(anonymous_24)
FN:659,(anonymous_25)
FN:660,(anonymous_26)
FN:665,(anonymous_27)
FN:674,(anonymous_28)
FN:675,(anonymous_29)
FN:676,(anonymous_30)
FN:695,(anonymous_31)
FN:714,(anonymous_32)
FN:722,(anonymous_33)
FN:723,(anonymous_34)
FN:754,(anonymous_35)
FN:769,(anonymous_36)
FN:774,(anonymous_37)
FN:793,(anonymous_38)
FN:797,(anonymous_39)
FN:801,(anonymous_40)
FN:820,(anonymous_41)
FN:844,(anonymous_42)
FN:864,(anonymous_43)
FN:896,(anonymous_44)
FN:897,(anonymous_45)
FN:898,(anonymous_46)
FN:910,(anonymous_47)
FN:914,(anonymous_48)
FN:946,(anonymous_49)
FN:952,(anonymous_50)
FN:953,(anonymous_51)
FN:961,(anonymous_52)
FN:962,(anonymous_53)
FN:969,(anonymous_54)
FN:983,(anonymous_55)
FN:1012,(anonymous_56)
FN:1026,(anonymous_57)
FN:1033,(anonymous_58)
FN:1044,(anonymous_59)
FN:1061,(anonymous_60)
FN:1081,(anonymous_61)
FNF:62
FNH:0
FNDA:0,extractDivisionCode
FNDA:0,getDataExcelTable
FNDA:0,getTableNames
FNDA:0,(anonymous_3)
FNDA:0,(anonymous_4)
FNDA:0,(anonymous_5)
FNDA:0,(anonymous_6)
FNDA:0,(anonymous_7)
FNDA:0,(anonymous_8)
FNDA:0,(anonymous_9)
FNDA:0,(anonymous_10)
FNDA:0,(anonymous_11)
FNDA:0,(anonymous_12)
FNDA:0,(anonymous_13)
FNDA:0,(anonymous_14)
FNDA:0,(anonymous_15)
FNDA:0,(anonymous_16)
FNDA:0,(anonymous_17)
FNDA:0,(anonymous_18)
FNDA:0,(anonymous_19)
FNDA:0,(anonymous_20)
FNDA:0,(anonymous_21)
FNDA:0,(anonymous_22)
FNDA:0,(anonymous_23)
FNDA:0,(anonymous_24)
FNDA:0,(anonymous_25)
FNDA:0,(anonymous_26)
FNDA:0,(anonymous_27)
FNDA:0,(anonymous_28)
FNDA:0,(anonymous_29)
FNDA:0,(anonymous_30)
FNDA:0,(anonymous_31)
FNDA:0,(anonymous_32)
FNDA:0,(anonymous_33)
FNDA:0,(anonymous_34)
FNDA:0,(anonymous_35)
FNDA:0,(anonymous_36)
FNDA:0,(anonymous_37)
FNDA:0,(anonymous_38)
FNDA:0,(anonymous_39)
FNDA:0,(anonymous_40)
FNDA:0,(anonymous_41)
FNDA:0,(anonymous_42)
FNDA:0,(anonymous_43)
FNDA:0,(anonymous_44)
FNDA:0,(anonymous_45)
FNDA:0,(anonymous_46)
FNDA:0,(anonymous_47)
FNDA:0,(anonymous_48)
FNDA:0,(anonymous_49)
FNDA:0,(anonymous_50)
FNDA:0,(anonymous_51)
FNDA:0,(anonymous_52)
FNDA:0,(anonymous_53)
FNDA:0,(anonymous_54)
FNDA:0,(anonymous_55)
FNDA:0,(anonymous_56)
FNDA:0,(anonymous_57)
FNDA:0,(anonymous_58)
FNDA:0,(anonymous_59)
FNDA:0,(anonymous_60)
FNDA:0,(anonymous_61)
DA:16,0
DA:17,0
DA:18,0
DA:19,0
DA:20,0
DA:21,0
DA:22,0
DA:28,0
DA:29,0
DA:36,0
DA:37,0
DA:44,0
DA:45,0
DA:54,0
DA:57,0
DA:83,0
DA:95,0
DA:105,0
DA:139,0
DA:149,0
DA:151,0
DA:153,0
DA:155,0
DA:156,0
DA:158,0
DA:159,0
DA:160,0
DA:164,0
DA:165,0
DA:166,0
DA:167,0
DA:168,0
DA:171,0
DA:174,0
DA:175,0
DA:176,0
DA:180,0
DA:181,0
DA:184,0
DA:185,0
DA:186,0
DA:189,0
DA:190,0
DA:192,0
DA:193,0
DA:195,0
DA:197,0
DA:198,0
DA:199,0
DA:203,0
DA:204,0
DA:205,0
DA:208,0
DA:209,0
DA:211,0
DA:214,0
DA:215,0
DA:224,0
DA:225,0
DA:226,0
DA:230,0
DA:232,0
DA:233,0
DA:234,0
DA:235,0
DA:238,0
DA:240,0
DA:243,0
DA:244,0
DA:246,0
DA:247,0
DA:249,0
DA:250,0
DA:251,0
DA:254,0
DA:255,0
DA:257,0
DA:259,0
DA:260,0
DA:261,0
DA:265,0
DA:267,0
DA:268,0
DA:280,0
DA:282,0
DA:283,0
DA:285,0
DA:286,0
DA:289,0
DA:290,0
DA:291,0
DA:294,0
DA:295,0
DA:296,0
DA:299,0
DA:302,0
DA:303,0
DA:304,0
DA:309,0
DA:310,0
DA:312,0
DA:324,0
DA:333,0
DA:335,0
DA:337,0
DA:339,0
DA:340,0
DA:342,0
DA:345,0
DA:353,0
DA:354,0
DA:356,0
DA:358,0
DA:362,0
DA:363,0
DA:370,0
DA:371,0
DA:374,0
DA:375,0
DA:384,0
DA:387,0
DA:390,0
DA:393,0
DA:396,0
DA:399,0
DA:402,0
DA:406,0
DA:416,0
DA:417,0
DA:421,0
DA:422,0
DA:425,0
DA:426,0
DA:429,0
DA:430,0
DA:433,0
DA:434,0
DA:437,0
DA:438,0
DA:441,0
DA:463,0
DA:471,0
DA:472,0
DA:474,0
DA:475,0
DA:479,0
DA:480,0
DA:484,0
DA:485,0
DA:486,0
DA:487,0
DA:492,0
DA:493,0
DA:494,0
DA:495,0
DA:498,0
DA:499,0
DA:502,0
DA:509,0
DA:511,0
DA:514,0
DA:516,0
DA:517,0
DA:520,0
DA:527,0
DA:529,0
DA:533,0
DA:536,0
DA:537,0
DA:540,0
DA:541,0
DA:542,0
DA:545,0
DA:546,0
DA:549,0
DA:550,0
DA:553,0
DA:556,0
DA:559,0
DA:560,0
DA:563,0
DA:566,0
DA:567,0
DA:568,0
DA:572,0
DA:573,0
DA:575,0
DA:582,0
DA:586,0
DA:589,0
DA:592,0
DA:595,0
DA:596,0
DA:600,0
DA:614,0
DA:621,0
DA:624,0
DA:625,0
DA:627,0
DA:630,0
DA:632,0
DA:633,0
DA:634,0
DA:635,0
DA:639,0
DA:640,0
DA:643,0
DA:652,0
DA:659,0
DA:660,0
DA:662,0
DA:663,0
DA:665,0
DA:666,0
DA:668,0
DA:675,0
DA:676,0
DA:679,0
DA:680,0
DA:682,0
DA:683,0
DA:686,0
DA:689,0
DA:696,0
DA:697,0
DA:700,0
DA:701,0
DA:704,0
DA:707,0
DA:715,0
DA:716,0
DA:717,0
DA:719,0
DA:722,0
DA:723,0
DA:725,0
DA:728,0
DA:729,0
DA:731,0
DA:732,0
DA:733,0
DA:734,0
DA:735,0
DA:738,0
DA:742,0
DA:743,0
DA:744,0
DA:745,0
DA:746,0
DA:749,0
DA:754,0
DA:755,0
DA:757,0
DA:759,0
DA:762,0
DA:770,0
DA:771,0
DA:774,0
DA:775,0
DA:776,0
DA:777,0
DA:781,0
DA:782,0
DA:784,0
DA:787,0
DA:794,0
DA:797,0
DA:798,0
DA:801,0
DA:802,0
DA:803,0
DA:807,0
DA:810,0
DA:811,0
DA:814,0
DA:821,0
DA:822,0
DA:823,0
DA:827,0
DA:828,0
DA:830,0
DA:831,0
DA:832,0
DA:833,0
DA:834,0
DA:838,0
DA:845,0
DA:847,0
DA:848,0
DA:849,0
DA:850,0
DA:858,0
DA:865,0
DA:867,0
DA:868,0
DA:870,0
DA:872,0
DA:873,0
DA:876,0
DA:877,0
DA:882,0
DA:885,0
DA:892,0
DA:896,0
DA:897,0
DA:898,0
DA:900,0
DA:901,0
DA:902,0
DA:904,0
DA:911,0
DA:912,0
DA:914,0
DA:915,0
DA:916,0
DA:918,0
DA:922,0
DA:923,0
DA:928,0
DA:929,0
DA:935,0
DA:947,0
DA:949,0
DA:951,0
DA:952,0
DA:954,0
DA:955,0
DA:961,0
DA:962,0
DA:964,0
DA:965,0
DA:969,0
DA:977,0
DA:984,0
DA:985,0
DA:987,0
DA:988,0
DA:1005,0
DA:1013,0
DA:1014,0
DA:1016,0
DA:1025,0
DA:1026,0
DA:1034,0
DA:1035,0
DA:1041,0
DA:1042,0
DA:1044,0
DA:1046,0
DA:1047,0
DA:1050,0
DA:1053,0
DA:1054,0
DA:1062,0
DA:1063,0
DA:1065,0
DA:1074,0
DA:1075,0
DA:1082,0
DA:1083,0
DA:1085,0
DA:1086,0
DA:1087,0
DA:1106,0
DA:1112,0
LF:365
LH:0
BRDA:28,0,0,0
BRDA:28,0,1,0
BRDA:148,1,0,0
BRDA:158,2,0,0
BRDA:158,2,1,0
BRDA:175,3,0,0
BRDA:175,3,1,0
BRDA:184,4,0,0
BRDA:184,4,1,0
BRDA:198,5,0,0
BRDA:198,5,1,0
BRDA:203,6,0,0
BRDA:203,6,1,0
BRDA:223,7,0,0
BRDA:223,8,0,0
BRDA:226,9,0,0
BRDA:226,9,1,0
BRDA:232,10,0,0
[...]
DA:803,0
DA:804,0
DA:805,0
DA:810,0
DA:811,0
DA:814,0
DA:821,0
DA:822,0
DA:823,0
DA:827,0
DA:828,0
DA:830,0
DA:831,0
DA:832,0
DA:833,0
DA:834,0
DA:838,0
DA:845,0
DA:847,0
DA:848,0
DA:849,0
DA:850,0
DA:858,0
DA:865,0
DA:867,0
DA:868,0
DA:870,0
DA:872,0
DA:873,0
DA:876,0
DA:877,0
DA:882,0
DA:885,0
DA:892,0
DA:896,0
DA:897,0
DA:898,0
DA:900,0
DA:901,0
DA:902,0
DA:904,0
DA:911,0
DA:912,0
DA:914,0
DA:915,0
DA:916,0
DA:918,0
DA:922,0
DA:923,0
DA:928,0
DA:929,0
DA:935,0
DA:947,0
DA:949,0
DA:951,0
DA:952,0
DA:954,0
DA:955,0
DA:961,0
DA:962,0
DA:964,0
DA:965,0
DA:969,0
DA:977,0
DA:984,0
DA:985,0
DA:1002,0
DA:1010,0
DA:1019,0
DA:1020,0
DA:1027,0
DA:1036,0
DA:1037,0
DA:1044,0
DA:1046,0
DA:1048,0
DA:1049,0
DA:1050,0
DA:1053,0
DA:1062,0
DA:1076,0
DA:1078,0
DA:1079,0
DA:1080,0
DA:1099,0
DA:1109,0
DA:1111,0
DA:1119,0
DA:1120,0
DA:1121,0
DA:1122,0
DA:1124,0
DA:1125,0
DA:1126,0
DA:1127,0
DA:1128,0
DA:1129,0
DA:1130,0
DA:1131,0
DA:1132,0
DA:1133,0
DA:1134,0
DA:1135,0
DA:1136,0
DA:1139,0
DA:1150,0
DA:1151,0
DA:1152,0
DA:1153,0
DA:1155,0
DA:1156,0
DA:1157,0
DA:1158,0
DA:1159,0
DA:1160,0
DA:1161,0
DA:1162,0
DA:1163,0
DA:1164,0
DA:1166,0
DA:1176,0
DA:1177,0
DA:1184,0
DA:1191,0
LF:399
LH:0
BRDA:134,0,0,0
BRDA:144,1,0,0
BRDA:144,1,1,0
BRDA:164,2,0,0
BRDA:164,2,1,0
BRDA:178,3,0,0
BRDA:178,3,1,0
BRDA:183,4,0,0
BRDA:183,4,1,0
BRDA:202,5,0,0
BRDA:205,6,0,0
BRDA:205,6,1,0
BRDA:208,7,0,0
BRDA:208,7,1,0
BRDA:208,8,0,0
BRDA:208,8,1,0
BRDA:214,9,0,0
BRDA:214,9,1,0
BRDA:221,10,0,0
BRDA:221,10,1,0
BRDA:222,11,0,0
BRDA:222,11,1,0
BRDA:227,12,0,0
BRDA:227,12,1,0
BRDA:234,13,0,0
BRDA:234,13,1,0
BRDA:255,14,0,0
BRDA:260,15,0,0
BRDA:260,15,1,0
BRDA:274,16,0,0
BRDA:274,16,1,0
BRDA:275,17,0,0
BRDA:275,17,1,0
BRDA:280,18,0,0
BRDA:280,18,1,0
BRDA:281,19,0,0
BRDA:281,19,1,0
BRDA:289,20,0,0
BRDA:289,20,1,0
BRDA:295,21,0,0
BRDA:295,21,1,0
BRDA:296,22,0,0
BRDA:296,22,1,0
BRDA:300,23,0,0
BRDA:300,23,1,0
BRDA:306,24,0,0
BRDA:306,24,1,0
BRDA:326,25,0,0
BRDA:330,26,0,0
BRDA:330,26,1,0
BRDA:335,27,0,0
BRDA:335,27,1,0
BRDA:341,28,0,0
BRDA:341,28,1,0
BRDA:353,29,0,0
BRDA:353,29,1,0
BRDA:353,30,0,0
BRDA:353,30,1,0
BRDA:359,31,0,0
BRDA:359,31,1,0
BRDA:359,32,0,0
BRDA:359,32,1,0
BRDA:367,33,0,0
BRDA:367,33,1,0
BRDA:439,34,0,0
BRDA:439,34,1,0
BRDA:445,35,0,0
BRDA:445,35,1,0
BRDA:473,36,0,0
BRDA:473,36,1,0
BRDA:473,37,0,0
BRDA:473,37,1,0
BRDA:483,38,0,0
BRDA:483,38,1,0
BRDA:483,39,0,0
BRDA:483,39,1,0
BRDA:496,40,0,0
BRDA:496,40,1,0
BRDA:506,41,0,0
BRDA:506,41,1,0
BRDA:526,42,0,0
BRDA:526,42,1,0
BRDA:528,43,0,0
BRDA:528,43,1,0
BRDA:530,44,0,0
BRDA:530,44,1,0
BRDA:532,45,0,0
BRDA:532,45,1,0
BRDA:534,46,0,0
BRDA:534,46,1,0
BRDA:540,47,0,0
BRDA:540,47,1,0
BRDA:541,48,0,0
BRDA:541,48,1,0
BRDA:551,49,0,0
BRDA:551,49,1,0
BRDA:552,50,0,0
BRDA:552,50,1,0
BRDA:555,51,0,0
BRDA:555,51,1,0
BRDA:555,52,0,0
BRDA:555,52,1,0
BRDA:555,52,2,0
BRDA:555,52,3,0
BRDA:564,53,0,0
BRDA:564,53,1,0
BRDA:564,54,0,0
BRDA:564,54,1,0
BRDA:565,55,0,0
BRDA:565,55,1,0
BRDA:568,56,0,0
BRDA:568,56,1,0
BRDA:584,57,0,0
BRDA:584,57,1,0
BRDA:618,58,0,0
BRDA:618,58,1,0
BRDA:636,59,0,0
BRDA:636,59,1,0
BRDA:636,60,0,0
BRDA:636,60,1,0
BRDA:651,61,0,0
BRDA:651,61,1,0
BRDA:691,62,0,0
BRDA:695,63,0,0
BRDA:695,63,1,0
BRDA:695,64,0,0
BRDA:695,64,1,0
BRDA:710,65,0,0
BRDA:710,65,1,0
BRDA:710,66,0,0
BRDA:710,66,1,0
BRDA:726,67,0,0
BRDA:726,67,1,0
BRDA:743,68,0,0
BRDA:743,68,1,0
BRDA:743,69,0,0
BRDA:743,69,1,0
BRDA:766,70,0,0
BRDA:766,70,1,0
BRDA:766,71,0,0
BRDA:766,71,1,0
BRDA:775,72,0,0
BRDA:775,72,1,0
BRDA:786,73,0,0
BRDA:786,73,1,0
BRDA:787,74,0,0
BRDA:787,74,1,0
BRDA:792,75,0,0
BRDA:792,75,1,0
BRDA:803,76,0,0
BRDA:803,76,1,0
BRDA:810,77,0,0
BRDA:810,77,1,0
BRDA:821,78,0,0
BRDA:821,78,1,0
BRDA:822,79,0,0
BRDA:822,79,1,0
BRDA:876,80,0,0
BRDA:876,80,1,0
BRDA:876,81,0,0
BRDA:876,81,1,0
BRDA:915,82,0,0
BRDA:915,82,1,0
BRDA:922,83,0,0
BRDA:922,83,1,0
BRDA:928,84,0,0
BRDA:928,84,1,0
BRDA:964,85,0,0
BRDA:964,85,1,0
BRDA:997,86,0,0
BRDA:997,86,1,0
BRDA:1044,87,0,0
BRDA:1044,87,1,0
BRDA:1125,88,0,0
BRDA:1125,88,1,0
BRDA:1125,89,0,0
BRDA:1125,89,1,0
BRDA:1128,90,0,0
BRDA:1128,90,1,0
BRDA:1128,91,0,0
BRDA:1128,91,1,0
BRDA:1131,92,0,0
BRDA:1131,92,1,0
BRDA:1131,93,0,0
BRDA:1131,93,1,0
BRDA:1134,94,0,0
BRDA:1134,94,1,0
BRDA:1134,95,0,0
BRDA:1134,95,1,0
BRDA:1150,96,0,0
BRDA:1150,96,1,0
BRDA:1151,97,0,0
BRDA:1151,97,1,0
BRDA:1152,98,0,0
BRDA:1152,98,1,0
BRDA:1153,99,0,0
BRDA:1153,99,1,0
BRF:197
BRH:0
end_of_record
TN:
SF:services/Enhencemnts/CustomerMergingAI-Gem.js
FN:20,(anonymous_0)
FN:106,(anonymous_1)
FN:124,(anonymous_2)
FN:125,(anonymous_3)
FN:152,(anonymous_4)
FN:159,(anonymous_5)
FN:160,(anonymous_6)
FN:195,(anonymous_7)
FN:210,(anonymous_8)
FN:287,(anonymous_9)
FN:298,(anonymous_10)
FN:304,(anonymous_11)
FN:313,dfs
FN:343,(anonymous_13)
FN:390,(anonymous_14)
FN:393,(anonymous_15)
FN:401,(anonymous_16)
FN:421,(anonymous_17)
FN:440,(anonymous_18)
FN:443,(anonymous_19)
FN:462,(anonymous_20)
FN:469,(anonymous_21)
FN:470,(anonymous_22)
FN:471,(anonymous_23)
FN:474,(anonymous_24)
FN:480,(anonymous_25)
FN:481,(anonymous_26)
FN:482,(anonymous_27)
FN:492,(anonymous_28)
FN:502,(anonymous_29)
FN:507,(anonymous_30)
FN:508,(anonymous_31)
FN:511,(anonymous_32)
FN:518,(anonymous_33)
FN:527,(anonymous_34)
FN:537,(anonymous_35)
FN:540,(anonymous_36)
FN:552,(anonymous_37)
FN:554,(anonymous_38)
FN:556,(anonymous_39)
FN:568,(anonymous_40)
FN:586,(anonymous_41)
FN:602,(anonymous_42)
FN:624,(anonymous_43)
FN:625,(anonymous_44)
FN:626,(anonymous_45)
FN:633,(anonymous_46)
FN:636,(anonymous_47)
FN:652,(anonymous_48)
FN:656,(anonymous_49)
FN:657,(anonymous_50)
FN:661,(anonymous_51)
FN:662,(anonymous_52)
FN:668,(anonymous_53)
FN:678,(anonymous_54)
FN:702,(anonymous_55)
FN:712,(anonymous_56)
FN:716,(anonymous_57)
FN:734,(anonymous_58)
FN:775,(anonymous_59)
FNF:60
FNH:0
FNDA:0,(anonymous_0)
FNDA:0,(anonymous_1)
FNDA:0,(anonymous_2)
FNDA:0,(anonymous_3)
FNDA:0,(anonymous_4)
FNDA:0,(anonymous_5)
FNDA:0,(anonymous_6)
FNDA:0,(anonymous_7)
FNDA:0,(anonymous_8)
FNDA:0,(anonymous_9)
FNDA:0,(anonymous_10)
FNDA:0,(anonymous_11)
FNDA:0,dfs
FNDA:0,(anonymous_13)
FNDA:0,(anonymous_14)
FNDA:0,(anonymous_15)
FNDA:0,(anonymous_16)
FNDA:0,(anonymous_17)
FNDA:0,(anonymous_18)
FNDA:0,(anonymous_19)
FNDA:0,(anonymous_20)
FNDA:0,(anonymous_21)
FNDA:0,(anonymous_22)
FNDA:0,(anonymous_23)
FNDA:0,(anonymous_24)
FNDA:0,(anonymous_25)
FNDA:0,(anonymous_26)
FNDA:0,(anonymous_27)
FNDA:0,(anonymous_28)
FNDA:0,(anonymous_29)
FNDA:0,(anonymous_30)
FNDA:0,(anonymous_31)
FNDA:0,(anonymous_32)
FNDA:0,(anonymous_33)
FNDA:0,(anonymous_34)
FNDA:0,(anonymous_35)
FNDA:0,(anonymous_36)
FNDA:0,(anonymous_37)
FNDA:0,(anonymous_38)
FNDA:0,(anonymous_39)
FNDA:0,(anonymous_40)
FNDA:0,(anonymous_41)
FNDA:0,(anonymous_42)
FNDA:0,(anonymous_43)
FNDA:0,(anonymous_44)
FNDA:0,(anonymous_45)
FNDA:0,(anonymous_46)
FNDA:0,(anonymous_47)
FNDA:0,(anonymous_48)
FNDA:0,(anonymous_49)
FNDA:0,(anonymous_50)
FNDA:0,(anonymous_51)
FNDA:0,(anonymous_52)
FNDA:0,(anonymous_53)
FNDA:0,(anonymous_54)
FNDA:0,(anonymous_55)
FNDA:0,(anonymous_56)
FNDA:0,(anonymous_57)
FNDA:0,(anonymous_58)
FNDA:0,(anonymous_59)
DA:13,0
DA:14,0
DA:15,0
DA:16,0
DA:17,0
DA:21,0
DA:24,0
DA:43,0
DA:55,0
DA:65,0
DA:95,0
DA:107,0
DA:109,0
DA:111,0
DA:113,0
DA:114,0
DA:116,0
DA:117,0
DA:118,0
DA:122,0
DA:123,0
DA:124,0
DA:125,0
DA:126,0
DA:129,0
DA:133,0
DA:134,0
DA:135,0
DA:142,0
DA:148,0
DA:151,0
DA:152,0
DA:153,0
DA:158,0
DA:159,0
DA:160,0
DA:161,0
DA:163,0
DA:165,0
DA:166,0
DA:167,0
DA:171,0
DA:172,0
DA:173,0
DA:176,0
DA:177,0
DA:179,0
DA:182,0
DA:183,0
DA:196,0
DA:197,0
DA:200,0
DA:201,0
DA:203,0
DA:204,0
DA:207,0
DA:209,0
DA:210,0
DA:211,0
DA:213,0
DA:215,0
DA:216,0
DA:217,0
DA:224,0
DA:225,0
DA:226,0
DA:227,0
DA:229,0
DA:232,0
DA:234,0
DA:236,0
DA:237,0
DA:238,0
DA:239,0
DA:242,0
DA:243,0
DA:244,0
DA:245,0
DA:249,0
DA:250,0
DA:253,0
DA:254,0
DA:260,0
DA:263,0
DA:264,0
DA:267,0
DA:268,0
DA:270,0
DA:272,0
DA:275,0
DA:276,0
DA:287,0
DA:299,0
DA:300,0
DA:301,0
DA:304,0
DA:307,0
DA:308,0
DA:309,0
DA:314,0
DA:315,0
DA:316,0
DA:317,0
DA:318,0
DA:319,0
DA:325,0
DA:326,0
DA:327,0
DA:328,0
DA:330,0
DA:331,0
DA:335,0
DA:344,0
DA:345,0
DA:347,0
DA:348,0
DA:351,0
DA:352,0
DA:353,0
DA:354,0
DA:355,0
DA:356,0
DA:357,0
DA:360,0
DA:369,0
DA:370,0
DA:373,0
DA:391,0
DA:392,0
DA:393,0
DA:394,0
DA:395,0
DA:397,0
DA:402,0
DA:403,0
DA:404,0
DA:405,0
DA:406,0
DA:407,0
DA:408,0
DA:409,0
DA:410,0
DA:411,0
DA:412,0
DA:413,0
DA:414,0
DA:415,0
DA:417,0
DA:422,0
DA:423,0
DA:424,0
DA:425,0
DA:426,0
DA:428,0
DA:436,0
DA:441,0
DA:442,0
DA:443,0
DA:444,0
DA:445,0
DA:446,0
DA:447,0
DA:448,0
DA:449,0
DA:451,0
DA:452,0
DA:454,0
DA:465,0
DA:470,0
DA:471,0
DA:472,0
DA:473,0
DA:474,0
DA:475,0
DA:476,0
DA:481,0
DA:482,0
DA:483,0
DA:484,0
DA:485,0
DA:486,0
DA:487,0
DA:488,0
DA:493,0
DA:494,0
DA:495,0
DA:496,0
DA:497,0
DA:498,0
DA:503,0
DA:504,0
DA:505,0
DA:506,0
DA:507,0
DA:508,0
DA:509,0
DA:510,0
DA:511,0
DA:512,0
DA:513,0
DA:515,0
DA:518,0
DA:519,0
DA:520,0
DA:522,0
DA:525,0
DA:526,0
DA:527,0
DA:528,0
DA:529,0
DA:530,0
DA:532,0
DA:538,0
DA:539,0
DA:540,0
DA:541,0
DA:542,0
DA:543,0
DA:545,0
DA:546,0
DA:547,0
DA:548,0
DA:553,0
DA:554,0
DA:555,0
DA:556,0
DA:557,0
DA:558,0
DA:560,0
DA:561,0
DA:562,0
DA:564,0
DA:569,0
DA:570,0
DA:571,0
DA:573,0
DA:574,0
DA:575,0
DA:576,0
DA:577,0
DA:578,0
DA:579,0
DA:582,0
DA:587,0
DA:588,0
DA:589,0
DA:590,0
DA:591,0
DA:598,0
DA:603,0
DA:604,0
DA:605,0
DA:606,0
DA:607,0
DA:608,0
DA:609,0
DA:610,0
DA:615,0
DA:617,0
DA:622,0
DA:624,0
DA:625,0
DA:626,0
DA:627,0
DA:628,0
DA:629,0
DA:630,0
DA:634,0
DA:635,0
DA:636,0
DA:637,0
DA:638,0
DA:640,0
DA:643,0
DA:644,0
DA:645,0
DA:646,0
DA:648,0
DA:653,0
DA:654,0
DA:655,0
DA:656,0
DA:658,0
DA:659,0
DA:661,0
DA:662,0
DA:663,0
DA:664,0
DA:668,0
DA:675,0
DA:679,0
DA:680,0
DA:697,0
DA:703,0
DA:711,0
DA:712,0
DA:717,0
DA:725,0
DA:726,0
DA:766,0
DA:776,0
DA:778,0
DA:780,0
DA:782,0
DA:794,0
DA:795,0
DA:806,0
DA:809,0
DA:810,0
DA:813,0
DA:818,0
LF:311
LH:0
BRDA:106,0,0,0
BRDA:116,1,0,0
BRDA:116,1,1,0
BRDA:134,2,0,0
BRDA:134,2,1,0
BRDA:151,3,0,0
BRDA:151,3,1,0
BRDA:166,4,0,0
BRDA:166,4,1,0
BRDA:171,5,0,0
BRDA:171,5,1,0
BRDA:195,6,0,0
BRDA:203,7,0,0
BRDA:203,7,1,0
BRDA:211,8,0,0
BRDA:211,8,1,0
BRDA:215,9,0,0
BRDA:215,9,1,0
BRDA:216,10,0,0
BRDA:216,10,1,0
BRDA:234,11,0,0
BRDA:234,11,1,0
BRDA:244,12,0,0
BRDA:244,12,1,0
BRDA:244,13,0,0
BRDA:244,13,1,0
BRDA:253,14,0,0
BRDA:253,14,1,0
BRDA:270,15,0,0
BRDA:270,15,1,0
BRDA:270,16,0,0
BRDA:270,16,1,0
BRDA:275,17,0,0
BRDA:275,17,1,0
BRDA:316,18,0,0
BRDA:316,18,1,0
BRDA:318,19,0,0
BRDA:318,19,1,0
BRDA:326,20,0,0
BRDA:326,20,1,0
BRDA:330,21,0,0
BRDA:330,21,1,0
BRDA:347,22,0,0
BRDA:347,22,1,0
BRDA:369,23,0,0
BRDA:369,23,1,0
BRDA:391,24,0,0
BRDA:391,24,1,0
BRDA:401,25,0,0
BRDA:402,26,0,0
BRDA:402,26,1,0
BRDA:413,27,0,0
BRDA:413,27,1,0
BRDA:421,28,0,0
BRDA:422,29,0,0
BRDA:422,29,1,0
BRDA:425,30,0,0
BRDA:425,30,1,0
BRDA:425,31,0,0
BRDA:425,31,1,0
BRDA:436,32,0,0
BRDA:436,32,1,0
BRDA:441,33,0,0
BRDA:441,33,1,0
BRDA:444,34,0,0
BRDA:444,34,1,0
BRDA:447,35,0,0
BRDA:447,35,1,0
BRDA:449,36,0,0
BRDA:449,36,1,0
BRDA:451,37,0,0
BRDA:451,37,1,0
BRDA:451,38,0,0
BRDA:451,38,1,0
BRDA:472,39,0,0
BRDA:472,39,1,0
BRDA:472,40,0,0
BRDA:472,40,1,0
BRDA:473,41,0,0
BRDA:473,41,1,0
BRDA:473,42,0,0
BRDA:473,42,1,0
BRDA:480,43,0,0
BRDA:484,44,0,0
BRDA:484,44,1,0
BRDA:487,45,0,0
BRDA:487,45,1,0
BRDA:495,46,0,0
BRDA:495,46,1,0
BRDA:495,47,0,0
BRDA:495,47,1,0
BRDA:496,48,0,0
BRDA:496,48,1,0
BRDA:496,49,0,0
BRDA:496,49,1,0
BRDA:497,50,0,0
BRDA:497,50,1,0
BRDA:506,51,0,0
BRDA:506,51,1,0
BRDA:506,52,0,0
BRDA:506,52,1,0
BRDA:509,53,0,0
BRDA:509,53,1,0
BRDA:509,54,0,0
BRDA:509,54,1,0
BRDA:513,55,0,0
BRDA:513,55,1,0
BRDA:520,56,0,0
BRDA:520,56,1,0
BRDA:529,57,0,0
BRDA:529,57,1,0
BRDA:547,58,0,0
BRDA:547,58,1,0
BRDA:553,59,0,0
BRDA:553,59,1,0
BRDA:553,60,0,0
BRDA:553,60,1,0
BRDA:561,61,0,0
BRDA:561,61,1,0
BRDA:569,62,0,0
BRDA:569,62,1,0
BRDA:570,63,0,0
BRDA:570,63,1,0
BRDA:609,64,0,0
BRDA:609,64,1,0
BRDA:609,65,0,0
BRDA:609,65,1,0
BRDA:637,66,0,0
BRDA:637,66,1,0
BRDA:643,67,0,0
BRDA:643,67,1,0
BRDA:645,68,0,0
BRDA:645,68,1,0
BRDA:663,69,0,0
BRDA:663,69,1,0
BRDA:692,70,0,0
BRDA:692,70,1,0
BRF:137
BRH:0
end_of_record
TN:
SF:services/Enhencemnts/CustomerMergingAI-mini.js
FN:25,(anonymous_0)
FN:43,(anonymous_1)
FN:50,(anonymous_2)
FN:104,(anonymous_3)
FN:134,(anonymous_4)
FN:135,(anonymous_5)
FN:145,(anonymous_6)
FN:170,(anonymous_7)
FN:176,(anonymous_8)
FN:177,(anonymous_9)
FN:222,(anonymous_10)
FN:275,(anonymous_11)
FN:281,(anonymous_12)
FN:306,(anonymous_13)
FN:389,(anonymous_14)
FN:391,(anonymous_15)
FN:392,(anonymous_16)
FN:402,(anonymous_17)
FN:423,(anonymous_18)
FN:454,(anonymous_19)
FN:472,(anonymous_20)
FN:481,(anonymous_21)
FN:508,(anonymous_22)
FN:520,(anonymous_23)
FN:545,(anonymous_24)
FN:561,(anonymous_25)
FN:577,(anonymous_26)
FN:584,(anonymous_27)
FN:589,(anonymous_28)
FN:597,(anonymous_29)
FN:607,(anonymous_30)
FN:617,(anonymous_31)
FN:628,(anonymous_32)
FN:636,(anonymous_33)
FN:640,(anonymous_34)
FN:670,(anonymous_35)
FN:672,(anonymous_36)
FN:674,(anonymous_37)
FN:679,(anonymous_38)
FN:688,(anonymous_39)
FN:692,(anonymous_40)
FN:705,(anonymous_41)
FN:714,(anonymous_42)
FN:723,(anonymous_43)
FN:736,(anonymous_44)
FN:744,(anonymous_45)
FN:781,(anonymous_46)
FN:785,(anonymous_47)
FN:792,(anonymous_48)
FN:793,(anonymous_49)
FN:798,(anonymous_50)
FN:805,(anonymous_51)
FN:815,(anonymous_52)
FN:827,(anonymous_53)
FN:847,(anonymous_54)
FN:850,(anonymous_55)
FN:864,(anonymous_56)
FN:882,(anonymous_57)
FN:893,(anonymous_58)
FN:896,(anonymous_59)
FN:907,(anonymous_60)
FNF:61
FNH:0
FNDA:0,(anonymous_0)
FNDA:0,(anonymous_1)
FNDA:0,(anonymous_2)
FNDA:0,(anonymous_3)
FNDA:0,(anonymous_4)
FNDA:0,(anonymous_5)
FNDA:0,(anonymous_6)
FNDA:0,(anonymous_7)
FNDA:0,(anonymous_8)
FNDA:0,(anonymous_9)
FNDA:0,(anonymous_10)
FNDA:0,(anonymous_11)
FNDA:0,(anonymous_12)
FNDA:0,(anonymous_13)
FNDA:0,(anonymous_14)
FNDA:0,(anonymous_15)
FNDA:0,(anonymous_16)
FNDA:0,(anonymous_17)
FNDA:0,(anonymous_18)
FNDA:0,(anonymous_19)
FNDA:0,(anonymous_20)
FNDA:0,(anonymous_21)
FNDA:0,(anonymous_22)
FNDA:0,(anonymous_23)
FNDA:0,(anonymous_24)
FNDA:0,(anonymous_25)
FNDA:0,(anonymous_26)
FNDA:0,(anonymous_27)
FNDA:0,(anonymous_28)
FNDA:0,(anonymous_29)
FNDA:0,(anonymous_30)
FNDA:0,(anonymous_31)
FNDA:0,(anonymous_32)
FNDA:0,(anonymous_33)
FNDA:0,(anonymous_34)
FNDA:0,(anonymous_35)
FNDA:0,(anonymous_36)
FNDA:0,(anonymous_37)
FNDA:0,(anonymous_38)
FNDA:0,(anonymous_39)
FNDA:0,(anonymous_40)
FNDA:0,(anonymous_41)
FNDA:0,(anonymous_42)
FNDA:0,(anonymous_43)
FNDA:0,(anonymous_44)
FNDA:0,(anonymous_45)
FNDA:0,(anonymous_46)
FNDA:0,(anonymous_47)
FNDA:0,(anonymous_48)
FNDA:0,(anonymous_49)
FNDA:0,(anonymous_50)
FNDA:0,(anonymous_51)
FNDA:0,(anonymous_52)
FNDA:0,(anonymous_53)
FNDA:0,(anonymous_54)
FNDA:0,(anonymous_55)
FNDA:0,(anonymous_56)
FNDA:0,(anonymous_57)
FNDA:0,(anonymous_58)
FNDA:0,(anonymous_59)
FNDA:0,(anonymous_60)
DA:18,0
DA:19,0
DA:20,0
DA:21,0
DA:22,0
DA:26,0
DA:27,0
DA:28,0
DA:29,0
DA:32,0
DA:44,0
DA:51,0
DA:79,0
DA:80,0
DA:85,0
DA:86,0
DA:87,0
DA:88,0
DA:90,0
DA:91,0
DA:94,0
DA:95,0
DA:98,0
DA:105,0
DA:106,0
DA:109,0
DA:111,0
DA:113,0
DA:115,0
DA:116,0
DA:117,0
DA:119,0
DA:121,0
DA:122,0
DA:123,0
DA:127,0
DA:128,0
DA:131,0
DA:132,0
DA:133,0
DA:134,0
DA:135,0
DA:136,0
DA:139,0
DA:142,0
DA:143,0
DA:144,0
DA:145,0
DA:146,0
DA:147,0
DA:149,0
DA:150,0
DA:154,0
DA:157,0
DA:158,0
DA:165,0
DA:168,0
DA:169,0
DA:170,0
DA:171,0
DA:174,0
DA:175,0
DA:176,0
DA:177,0
DA:178,0
DA:180,0
DA:182,0
DA:183,0
DA:184,0
DA:188,0
DA:189,0
DA:190,0
DA:191,0
DA:195,0
DA:196,0
DA:198,0
DA:200,0
DA:201,0
DA:202,0
DA:203,0
DA:204,0
DA:206,0
DA:214,0
DA:215,0
DA:223,0
DA:224,0
DA:225,0
DA:227,0
DA:228,0
DA:230,0
DA:231,0
DA:232,0
DA:234,0
DA:235,0
DA:238,0
DA:239,0
DA:240,0
DA:244,0
DA:245,0
DA:246,0
DA:247,0
DA:249,0
DA:250,0
DA:253,0
DA:254,0
DA:255,0
DA:260,0
DA:261,0
DA:263,0
DA:275,0
DA:282,0
DA:285,0
DA:286,0
DA:287,0
DA:288,0
DA:289,0
DA:293,0
DA:296,0
DA:297,0
DA:300,0
DA:307,0
DA:308,0
DA:311,0
DA:312,0
DA:322,0
DA:325,0
DA:328,0
DA:331,0
DA:334,0
DA:337,0
DA:340,0
DA:344,0
DA:354,0
DA:355,0
DA:358,0
DA:359,0
DA:363,0
DA:364,0
DA:367,0
DA:383,0
DA:390,0
DA:391,0
DA:392,0
DA:393,0
DA:396,0
DA:403,0
DA:406,0
DA:407,0
DA:409,0
DA:410,0
DA:411,0
DA:412,0
DA:413,0
DA:417,0
DA:424,0
DA:427,0
DA:430,0
DA:433,0
DA:434,0
DA:438,0
DA:448,0
DA:455,0
DA:466,0
DA:473,0
DA:474,0
DA:475,0
DA:482,0
DA:483,0
DA:497,0
DA:498,0
DA:500,0
DA:501,0
DA:509,0
DA:518,0
DA:520,0
DA:521,0
DA:522,0
DA:523,0
DA:525,0
DA:528,0
DA:529,0
DA:537,0
DA:539,0
DA:546,0
DA:547,0
DA:562,0
DA:563,0
DA:576,0
DA:578,0
DA:579,0
DA:580,0
DA:581,0
DA:585,0
DA:586,0
DA:590,0
DA:591,0
DA:592,0
DA:593,0
DA:594,0
DA:598,0
DA:599,0
DA:600,0
DA:603,0
DA:604,0
DA:608,0
DA:609,0
DA:618,0
DA:619,0
DA:620,0
DA:627,0
DA:629,0
DA:630,0
DA:631,0
DA:632,0
DA:633,0
DA:637,0
DA:641,0
DA:644,0
DA:645,0
DA:646,0
DA:648,0
DA:649,0
DA:651,0
DA:652,0
DA:671,0
DA:672,0
DA:673,0
DA:674,0
DA:676,0
DA:677,0
DA:679,0
DA:680,0
DA:682,0
DA:689,0
DA:691,0
DA:692,0
DA:693,0
DA:696,0
DA:699,0
DA:706,0
DA:708,0
DA:715,0
DA:724,0
DA:725,0
DA:727,0
DA:736,0
DA:737,0
DA:738,0
DA:741,0
DA:745,0
DA:746,0
DA:749,0
DA:750,0
DA:753,0
DA:756,0
DA:759,0
DA:762,0
DA:763,0
DA:766,0
DA:769,0
DA:770,0
DA:771,0
DA:774,0
DA:782,0
DA:786,0
DA:787,0
DA:788,0
DA:790,0
DA:792,0
DA:793,0
DA:795,0
DA:797,0
DA:798,0
DA:799,0
DA:800,0
DA:802,0
DA:805,0
DA:806,0
DA:807,0
DA:809,0
DA:813,0
DA:814,0
DA:815,0
DA:816,0
DA:818,0
DA:820,0
DA:828,0
DA:829,0
DA:830,0
DA:833,0
DA:834,0
DA:836,0
DA:837,0
DA:838,0
DA:839,0
DA:840,0
DA:844,0
DA:848,0
DA:850,0
DA:851,0
DA:854,0
DA:855,0
DA:857,0
DA:858,0
DA:861,0
DA:865,0
DA:867,0
DA:868,0
DA:869,0
DA:870,0
DA:878,0
DA:883,0
DA:892,0
DA:893,0
DA:897,0
DA:903,0
DA:904,0
DA:908,0
DA:909,0
DA:910,0
DA:926,0
DA:933,0
DA:936,0
DA:937,0
LF:324
LH:0
BRDA:50,0,0,0
BRDA:85,1,0,0
BRDA:85,1,1,0
BRDA:104,2,0,0
BRDA:121,3,0,0
BRDA:121,3,1,0
BRDA:144,4,0,0
BRDA:144,4,1,0
BRDA:144,5,0,0
BRDA:144,5,1,0
BRDA:149,6,0,0
BRDA:149,6,1,0
BRDA:149,7,0,0
BRDA:149,7,1,0
BRDA:169,8,0,0
BRDA:169,8,1,0
BRDA:183,9,0,0
BRDA:183,9,1,0
BRDA:189,10,0,0
BRDA:189,10,1,0
BRDA:222,11,0,0
BRDA:225,12,0,0
BRDA:231,13,0,0
BRDA:231,13,1,0
BRDA:232,14,0,0
BRDA:232,14,1,0
BRDA:238,15,0,0
BRDA:238,15,1,0
BRDA:238,16,0,0
BRDA:238,16,1,0
BRDA:245,17,0,0
BRDA:245,17,1,0
BRDA:246,18,0,0
BRDA:246,18,1,0
BRDA:247,19,0,0
BRDA:247,19,1,0
BRDA:253,20,0,0
BRDA:253,20,1,0
BRDA:260,21,0,0
BRDA:260,21,1,0
BRDA:285,22,0,0
BRDA:285,22,1,0
BRDA:287,23,0,0
BRDA:287,23,1,0
BRDA:296,24,0,0
BRDA:296,24,1,0
BRDA:311,25,0,0
BRDA:311,25,1,0
BRDA:358,26,0,0
BRDA:358,26,1,0
BRDA:363,27,0,0
BRDA:363,27,1,0
BRDA:403,28,0,0
BRDA:403,28,1,0
BRDA:417,29,0,0
BRDA:417,29,1,0
BRDA:423,30,0,0
BRDA:424,31,0,0
BRDA:424,31,1,0
BRDA:433,32,0,0
BRDA:433,32,1,0
BRDA:433,33,0,0
BRDA:433,33,1,0
BRDA:448,34,0,0
BRDA:448,34,1,0
BRDA:473,35,0,0
BRDA:473,35,1,0
BRDA:521,36,0,0
BRDA:521,36,1,0
BRDA:522,37,0,0
BRDA:522,37,1,0
BRDA:528,38,0,0
BRDA:528,38,1,0
BRDA:528,39,0,0
BRDA:528,39,1,0
BRDA:537,40,0,0
BRDA:537,40,1,0
BRDA:577,41,0,0
BRDA:592,42,0,0
BRDA:592,42,1,0
BRDA:598,43,0,0
BRDA:598,43,1,0
BRDA:610,44,0,0
BRDA:610,44,1,0
BRDA:628,45,0,0
BRDA:628,46,0,0
BRDA:640,47,0,0
BRDA:645,48,0,0
BRDA:645,48,1,0
BRDA:645,49,0,0
BRDA:645,49,1,0
BRDA:649,50,0,0
BRDA:649,50,1,0
BRDA:651,51,0,0
BRDA:651,51,1,0
BRDA:672,52,0,0
BRDA:672,52,1,0
BRDA:674,53,0,0
BRDA:674,53,1,0
BRDA:676,54,0,0
BRDA:676,54,1,0
BRDA:676,55,0,0
BRDA:676,55,1,0
BRDA:677,56,0,0
BRDA:677,56,1,0
BRDA:677,57,0,0
BRDA:677,57,1,0
BRDA:689,58,0,0
BRDA:689,58,1,0
BRDA:693,59,0,0
BRDA:693,59,1,0
BRDA:693,59,2,0
BRDA:696,60,0,0
BRDA:696,60,1,0
BRDA:724,61,0,0
BRDA:724,61,1,0
BRDA:744,62,0,0
BRDA:745,63,0,0
BRDA:745,63,1,0
BRDA:769,64,0,0
BRDA:769,64,1,0
BRDA:790,65,0,0
BRDA:790,65,1,0
BRDA:790,66,0,0
BRDA:790,66,1,0
BRDA:795,67,0,0
BRDA:795,67,1,0
BRDA:795,68,0,0
BRDA:795,68,1,0
BRDA:800,69,0,0
BRDA:800,69,1,0
BRDA:807,70,0,0
BRDA:807,70,1,0
BRDA:818,71,0,0
BRDA:818,71,1,0
BRDA:828,72,0,0
BRDA:828,72,1,0
BRDA:829,73,0,0
BRDA:829,73,1,0
BRDA:848,74,0,0
BRDA:848,74,1,0
BRDA:848,75,0,0
BRDA:848,75,1,0
BRDA:857,76,0,0
BRDA:857,76,1,0
BRF:145
BRH:0
end_of_record
